{"/Users/w3bh4ck/Desktop/Softcom/databeaver-form-builder/src/Main.js": {"path":"/Users/w3bh4ck/Desktop/Softcom/databeaver-form-builder/src/Main.js","statementMap":{"0":{"start":{"line":6,"column":13},"end":{"line":14,"column":1}},"1":{"start":{"line":7,"column":2},"end":{"line":13,"column":3}}},"fnMap":{"0":{"name":"(anonymous_0)","decl":{"start":{"line":6,"column":13},"end":{"line":6,"column":14}},"loc":{"start":{"line":6,"column":44},"end":{"line":14,"column":1}},"line":6}},"branchMap":{},"s":{"0":2,"1":1},"f":{"0":1},"b":{},"_coverageSchema":"43e27e138ebf9cfc5966b082cf9a028302ed4184","hash":"2ee96d2f114e2bcaae654dc9e902218cd2004232"}
,"/Users/w3bh4ck/Desktop/Softcom/databeaver-form-builder/src/index.js": {"path":"/Users/w3bh4ck/Desktop/Softcom/databeaver-form-builder/src/index.js","statementMap":{"0":{"start":{"line":4,"column":27},"end":{"line":10,"column":1}},"1":{"start":{"line":5,"column":2},"end":{"line":9,"column":3}}},"fnMap":{"0":{"name":"(anonymous_0)","decl":{"start":{"line":4,"column":27},"end":{"line":4,"column":28}},"loc":{"start":{"line":4,"column":58},"end":{"line":10,"column":1}},"line":4}},"branchMap":{},"s":{"0":1,"1":0},"f":{"0":0},"b":{},"_coverageSchema":"43e27e138ebf9cfc5966b082cf9a028302ed4184","hash":"c7cd0b0b81db0e48a0b1d06fb5e2a1e739a1ca5c"}
,"/Users/w3bh4ck/Desktop/Softcom/databeaver-form-builder/src/components/map-svg.component.jsx": {"path":"/Users/w3bh4ck/Desktop/Softcom/databeaver-form-builder/src/components/map-svg.component.jsx","statementMap":{"0":{"start":{"line":3,"column":15},"end":{"line":35,"column":1}},"1":{"start":{"line":4,"column":2},"end":{"line":34,"column":3}}},"fnMap":{"0":{"name":"(anonymous_0)","decl":{"start":{"line":3,"column":15},"end":{"line":3,"column":16}},"loc":{"start":{"line":3,"column":21},"end":{"line":35,"column":1}},"line":3}},"branchMap":{},"s":{"0":2,"1":0},"f":{"0":0},"b":{},"_coverageSchema":"43e27e138ebf9cfc5966b082cf9a028302ed4184","hash":"1607fc75bc83a16f610caf669e491da863f7f888"}
,"/Users/w3bh4ck/Desktop/Softcom/databeaver-form-builder/src/containers/forms-module/Builder-control-button.container.jsx": {"path":"/Users/w3bh4ck/Desktop/Softcom/databeaver-form-builder/src/containers/forms-module/Builder-control-button.container.jsx","statementMap":{"0":{"start":{"line":36,"column":34},"end":{"line":709,"column":1}},"1":{"start":{"line":37,"column":37},"end":{"line":37,"column":52}},"2":{"start":{"line":38,"column":60},"end":{"line":38,"column":71}},"3":{"start":{"line":39,"column":28},"end":{"line":39,"column":40}},"4":{"start":{"line":40,"column":40},"end":{"line":40,"column":52}},"5":{"start":{"line":49,"column":6},"end":{"line":49,"column":11}},"6":{"start":{"line":50,"column":11},"end":{"line":50,"column":17}},"7":{"start":{"line":52,"column":2},"end":{"line":54,"column":13}},"8":{"start":{"line":53,"column":4},"end":{"line":53,"column":42}},"9":{"start":{"line":56,"column":2},"end":{"line":708,"column":3}},"10":{"start":{"line":60,"column":10},"end":{"line":60,"column":45}},"11":{"start":{"line":70,"column":12},"end":{"line":70,"column":37}},"12":{"start":{"line":88,"column":16},"end":{"line":88,"column":41}},"13":{"start":{"line":97,"column":33},"end":{"line":97,"column":57}},"14":{"start":{"line":108,"column":20},"end":{"line":114,"column":21}},"15":{"start":{"line":142,"column":20},"end":{"line":148,"column":21}},"16":{"start":{"line":176,"column":20},"end":{"line":176,"column":74}},"17":{"start":{"line":201,"column":20},"end":{"line":201,"column":70}},"18":{"start":{"line":229,"column":20},"end":{"line":229,"column":71}},"19":{"start":{"line":257,"column":20},"end":{"line":263,"column":21}},"20":{"start":{"line":288,"column":20},"end":{"line":294,"column":21}},"21":{"start":{"line":322,"column":20},"end":{"line":328,"column":21}},"22":{"start":{"line":360,"column":20},"end":{"line":366,"column":21}},"23":{"start":{"line":394,"column":20},"end":{"line":400,"column":21}},"24":{"start":{"line":428,"column":20},"end":{"line":434,"column":21}},"25":{"start":{"line":462,"column":20},"end":{"line":468,"column":21}},"26":{"start":{"line":497,"column":20},"end":{"line":502,"column":21}},"27":{"start":{"line":530,"column":20},"end":{"line":530,"column":73}},"28":{"start":{"line":558,"column":20},"end":{"line":564,"column":21}},"29":{"start":{"line":588,"column":33},"end":{"line":588,"column":78}},"30":{"start":{"line":612,"column":20},"end":{"line":617,"column":21}},"31":{"start":{"line":644,"column":20},"end":{"line":650,"column":21}},"32":{"start":{"line":678,"column":20},"end":{"line":683,"column":21}},"33":{"start":{"line":711,"column":24},"end":{"line":714,"column":2}},"34":{"start":{"line":711,"column":36},"end":{"line":714,"column":1}}},"fnMap":{"0":{"name":"(anonymous_0)","decl":{"start":{"line":36,"column":34},"end":{"line":36,"column":35}},"loc":{"start":{"line":36,"column":45},"end":{"line":709,"column":1}},"line":36},"1":{"name":"(anonymous_1)","decl":{"start":{"line":52,"column":12},"end":{"line":52,"column":13}},"loc":{"start":{"line":52,"column":18},"end":{"line":54,"column":3}},"line":52},"2":{"name":"(anonymous_2)","decl":{"start":{"line":59,"column":21},"end":{"line":59,"column":22}},"loc":{"start":{"line":59,"column":28},"end":{"line":61,"column":9}},"line":59},"3":{"name":"(anonymous_3)","decl":{"start":{"line":69,"column":19},"end":{"line":69,"column":20}},"loc":{"start":{"line":69,"column":25},"end":{"line":71,"column":11}},"line":69},"4":{"name":"(anonymous_4)","decl":{"start":{"line":87,"column":23},"end":{"line":87,"column":24}},"loc":{"start":{"line":87,"column":29},"end":{"line":89,"column":15}},"line":87},"5":{"name":"(anonymous_5)","decl":{"start":{"line":97,"column":26},"end":{"line":97,"column":27}},"loc":{"start":{"line":97,"column":33},"end":{"line":97,"column":57}},"line":97},"6":{"name":"(anonymous_6)","decl":{"start":{"line":107,"column":27},"end":{"line":107,"column":28}},"loc":{"start":{"line":108,"column":20},"end":{"line":114,"column":21}},"line":108},"7":{"name":"(anonymous_7)","decl":{"start":{"line":141,"column":27},"end":{"line":141,"column":28}},"loc":{"start":{"line":142,"column":20},"end":{"line":148,"column":21}},"line":142},"8":{"name":"(anonymous_8)","decl":{"start":{"line":175,"column":27},"end":{"line":175,"column":28}},"loc":{"start":{"line":176,"column":20},"end":{"line":176,"column":74}},"line":176},"9":{"name":"(anonymous_9)","decl":{"start":{"line":200,"column":27},"end":{"line":200,"column":28}},"loc":{"start":{"line":201,"column":20},"end":{"line":201,"column":70}},"line":201},"10":{"name":"(anonymous_10)","decl":{"start":{"line":228,"column":27},"end":{"line":228,"column":28}},"loc":{"start":{"line":229,"column":20},"end":{"line":229,"column":71}},"line":229},"11":{"name":"(anonymous_11)","decl":{"start":{"line":256,"column":27},"end":{"line":256,"column":28}},"loc":{"start":{"line":257,"column":20},"end":{"line":263,"column":21}},"line":257},"12":{"name":"(anonymous_12)","decl":{"start":{"line":287,"column":27},"end":{"line":287,"column":28}},"loc":{"start":{"line":288,"column":20},"end":{"line":294,"column":21}},"line":288},"13":{"name":"(anonymous_13)","decl":{"start":{"line":321,"column":27},"end":{"line":321,"column":28}},"loc":{"start":{"line":322,"column":20},"end":{"line":328,"column":21}},"line":322},"14":{"name":"(anonymous_14)","decl":{"start":{"line":359,"column":27},"end":{"line":359,"column":28}},"loc":{"start":{"line":360,"column":20},"end":{"line":366,"column":21}},"line":360},"15":{"name":"(anonymous_15)","decl":{"start":{"line":393,"column":27},"end":{"line":393,"column":28}},"loc":{"start":{"line":394,"column":20},"end":{"line":400,"column":21}},"line":394},"16":{"name":"(anonymous_16)","decl":{"start":{"line":427,"column":27},"end":{"line":427,"column":28}},"loc":{"start":{"line":428,"column":20},"end":{"line":434,"column":21}},"line":428},"17":{"name":"(anonymous_17)","decl":{"start":{"line":461,"column":27},"end":{"line":461,"column":28}},"loc":{"start":{"line":462,"column":20},"end":{"line":468,"column":21}},"line":462},"18":{"name":"(anonymous_18)","decl":{"start":{"line":496,"column":27},"end":{"line":496,"column":28}},"loc":{"start":{"line":497,"column":20},"end":{"line":502,"column":21}},"line":497},"19":{"name":"(anonymous_19)","decl":{"start":{"line":529,"column":27},"end":{"line":529,"column":28}},"loc":{"start":{"line":530,"column":20},"end":{"line":530,"column":73}},"line":530},"20":{"name":"(anonymous_20)","decl":{"start":{"line":557,"column":27},"end":{"line":557,"column":28}},"loc":{"start":{"line":558,"column":20},"end":{"line":564,"column":21}},"line":558},"21":{"name":"(anonymous_21)","decl":{"start":{"line":588,"column":27},"end":{"line":588,"column":28}},"loc":{"start":{"line":588,"column":33},"end":{"line":588,"column":78}},"line":588},"22":{"name":"(anonymous_22)","decl":{"start":{"line":611,"column":27},"end":{"line":611,"column":28}},"loc":{"start":{"line":612,"column":20},"end":{"line":617,"column":21}},"line":612},"23":{"name":"(anonymous_23)","decl":{"start":{"line":643,"column":27},"end":{"line":643,"column":28}},"loc":{"start":{"line":644,"column":20},"end":{"line":650,"column":21}},"line":644},"24":{"name":"(anonymous_24)","decl":{"start":{"line":677,"column":27},"end":{"line":677,"column":28}},"loc":{"start":{"line":678,"column":20},"end":{"line":683,"column":21}},"line":678},"25":{"name":"(anonymous_25)","decl":{"start":{"line":711,"column":24},"end":{"line":711,"column":25}},"loc":{"start":{"line":711,"column":36},"end":{"line":714,"column":1}},"line":711}},"branchMap":{"0":{"loc":{"start":{"line":63,"column":10},"end":{"line":65,"column":39}},"type":"cond-expr","locations":[{"start":{"line":64,"column":14},"end":{"line":64,"column":46}},{"start":{"line":65,"column":14},"end":{"line":65,"column":39}}],"line":63},"1":{"loc":{"start":{"line":73,"column":12},"end":{"line":75,"column":60}},"type":"cond-expr","locations":[{"start":{"line":74,"column":16},"end":{"line":74,"column":48}},{"start":{"line":75,"column":16},"end":{"line":75,"column":60}}],"line":73},"2":{"loc":{"start":{"line":78,"column":11},"end":{"line":82,"column":11}},"type":"cond-expr","locations":[{"start":{"line":79,"column":12},"end":{"line":79,"column":58}},{"start":{"line":81,"column":12},"end":{"line":81,"column":58}}],"line":78},"3":{"loc":{"start":{"line":104,"column":13},"end":{"line":137,"column":13}},"type":"binary-expr","locations":[{"start":{"line":104,"column":13},"end":{"line":104,"column":47}},{"start":{"line":105,"column":14},"end":{"line":136,"column":20}}],"line":104},"4":{"loc":{"start":{"line":138,"column":13},"end":{"line":171,"column":13}},"type":"binary-expr","locations":[{"start":{"line":138,"column":13},"end":{"line":138,"column":46}},{"start":{"line":139,"column":14},"end":{"line":170,"column":20}}],"line":138},"5":{"loc":{"start":{"line":172,"column":13},"end":{"line":196,"column":13}},"type":"binary-expr","locations":[{"start":{"line":172,"column":13},"end":{"line":172,"column":42}},{"start":{"line":173,"column":14},"end":{"line":195,"column":20}}],"line":172},"6":{"loc":{"start":{"line":197,"column":13},"end":{"line":224,"column":13}},"type":"binary-expr","locations":[{"start":{"line":197,"column":13},"end":{"line":197,"column":41}},{"start":{"line":198,"column":14},"end":{"line":223,"column":20}}],"line":197},"7":{"loc":{"start":{"line":225,"column":13},"end":{"line":252,"column":13}},"type":"binary-expr","locations":[{"start":{"line":225,"column":13},"end":{"line":225,"column":41}},{"start":{"line":226,"column":14},"end":{"line":251,"column":20}}],"line":225},"8":{"loc":{"start":{"line":253,"column":13},"end":{"line":283,"column":13}},"type":"binary-expr","locations":[{"start":{"line":253,"column":13},"end":{"line":253,"column":44}},{"start":{"line":254,"column":14},"end":{"line":282,"column":20}}],"line":253},"9":{"loc":{"start":{"line":284,"column":13},"end":{"line":317,"column":13}},"type":"binary-expr","locations":[{"start":{"line":284,"column":13},"end":{"line":284,"column":44}},{"start":{"line":285,"column":14},"end":{"line":316,"column":20}}],"line":284},"10":{"loc":{"start":{"line":318,"column":13},"end":{"line":355,"column":13}},"type":"binary-expr","locations":[{"start":{"line":318,"column":13},"end":{"line":318,"column":49}},{"start":{"line":319,"column":14},"end":{"line":354,"column":20}}],"line":318},"11":{"loc":{"start":{"line":356,"column":13},"end":{"line":389,"column":13}},"type":"binary-expr","locations":[{"start":{"line":356,"column":13},"end":{"line":356,"column":43}},{"start":{"line":357,"column":14},"end":{"line":388,"column":20}}],"line":356},"12":{"loc":{"start":{"line":390,"column":13},"end":{"line":423,"column":13}},"type":"binary-expr","locations":[{"start":{"line":390,"column":13},"end":{"line":390,"column":52}},{"start":{"line":391,"column":14},"end":{"line":422,"column":20}}],"line":390},"13":{"loc":{"start":{"line":424,"column":13},"end":{"line":457,"column":13}},"type":"binary-expr","locations":[{"start":{"line":424,"column":13},"end":{"line":424,"column":50}},{"start":{"line":425,"column":14},"end":{"line":456,"column":20}}],"line":424},"14":{"loc":{"start":{"line":458,"column":13},"end":{"line":492,"column":13}},"type":"binary-expr","locations":[{"start":{"line":458,"column":13},"end":{"line":458,"column":50}},{"start":{"line":459,"column":14},"end":{"line":491,"column":20}}],"line":458},"15":{"loc":{"start":{"line":493,"column":13},"end":{"line":525,"column":13}},"type":"binary-expr","locations":[{"start":{"line":493,"column":13},"end":{"line":493,"column":45}},{"start":{"line":494,"column":14},"end":{"line":524,"column":20}}],"line":493},"16":{"loc":{"start":{"line":526,"column":13},"end":{"line":553,"column":13}},"type":"binary-expr","locations":[{"start":{"line":526,"column":13},"end":{"line":526,"column":45}},{"start":{"line":527,"column":14},"end":{"line":552,"column":20}}],"line":526},"17":{"loc":{"start":{"line":554,"column":13},"end":{"line":584,"column":13}},"type":"binary-expr","locations":[{"start":{"line":554,"column":13},"end":{"line":554,"column":48}},{"start":{"line":555,"column":14},"end":{"line":583,"column":20}}],"line":554},"18":{"loc":{"start":{"line":585,"column":13},"end":{"line":607,"column":13}},"type":"binary-expr","locations":[{"start":{"line":585,"column":13},"end":{"line":585,"column":41}},{"start":{"line":586,"column":14},"end":{"line":606,"column":20}}],"line":585},"19":{"loc":{"start":{"line":608,"column":13},"end":{"line":639,"column":13}},"type":"binary-expr","locations":[{"start":{"line":608,"column":13},"end":{"line":608,"column":46}},{"start":{"line":609,"column":14},"end":{"line":638,"column":20}}],"line":608},"20":{"loc":{"start":{"line":640,"column":13},"end":{"line":673,"column":13}},"type":"binary-expr","locations":[{"start":{"line":640,"column":13},"end":{"line":640,"column":46}},{"start":{"line":641,"column":14},"end":{"line":672,"column":20}}],"line":640},"21":{"loc":{"start":{"line":674,"column":13},"end":{"line":703,"column":13}},"type":"binary-expr","locations":[{"start":{"line":674,"column":13},"end":{"line":674,"column":49}},{"start":{"line":675,"column":14},"end":{"line":702,"column":20}}],"line":674}},"s":{"0":2,"1":2,"2":2,"3":2,"4":2,"5":2,"6":2,"7":2,"8":1,"9":2,"10":0,"11":0,"12":0,"13":0,"14":0,"15":0,"16":0,"17":0,"18":0,"19":0,"20":0,"21":0,"22":0,"23":0,"24":0,"25":0,"26":0,"27":0,"28":0,"29":0,"30":0,"31":0,"32":0,"33":2,"34":1},"f":{"0":2,"1":1,"2":0,"3":0,"4":0,"5":0,"6":0,"7":0,"8":0,"9":0,"10":0,"11":0,"12":0,"13":0,"14":0,"15":0,"16":0,"17":0,"18":0,"19":0,"20":0,"21":0,"22":0,"23":0,"24":0,"25":1},"b":{"0":[0,2],"1":[0,2],"2":[0,2],"3":[2,1],"4":[2,1],"5":[2,1],"6":[2,1],"7":[2,1],"8":[2,1],"9":[2,1],"10":[2,1],"11":[2,1],"12":[2,1],"13":[2,1],"14":[2,1],"15":[2,1],"16":[2,1],"17":[2,1],"18":[2,1],"19":[2,1],"20":[2,1],"21":[2,1]},"_coverageSchema":"43e27e138ebf9cfc5966b082cf9a028302ed4184","hash":"b6d80ae7755e22a5c26f7e6aea4780b32c56f713"}
,"/Users/w3bh4ck/Desktop/Softcom/databeaver-form-builder/src/containers/forms-module/Change-element-type.container.jsx": {"path":"/Users/w3bh4ck/Desktop/Softcom/databeaver-form-builder/src/containers/forms-module/Change-element-type.container.jsx","statementMap":{"0":{"start":{"line":6,"column":26},"end":{"line":51,"column":1}},"1":{"start":{"line":12,"column":2},"end":{"line":50,"column":3}},"2":{"start":{"line":21,"column":14},"end":{"line":21,"column":63}},"3":{"start":{"line":22,"column":14},"end":{"line":22,"column":26}}},"fnMap":{"0":{"name":"(anonymous_0)","decl":{"start":{"line":6,"column":26},"end":{"line":6,"column":27}},"loc":{"start":{"line":11,"column":6},"end":{"line":51,"column":1}},"line":11},"1":{"name":"(anonymous_1)","decl":{"start":{"line":20,"column":22},"end":{"line":20,"column":23}},"loc":{"start":{"line":20,"column":29},"end":{"line":23,"column":13}},"line":20}},"branchMap":{},"s":{"0":2,"1":0,"2":0,"3":0},"f":{"0":0,"1":0},"b":{},"_coverageSchema":"43e27e138ebf9cfc5966b082cf9a028302ed4184","hash":"8db07cb43c4566cd3443dd98b873241a4f564806"}
,"/Users/w3bh4ck/Desktop/Softcom/databeaver-form-builder/src/containers/forms-module/Field-rules.container.jsx": {"path":"/Users/w3bh4ck/Desktop/Softcom/databeaver-form-builder/src/containers/forms-module/Field-rules.container.jsx","statementMap":{"0":{"start":{"line":3,"column":20},"end":{"line":5,"column":1}},"1":{"start":{"line":7,"column":19},"end":{"line":163,"column":1}},"2":{"start":{"line":8,"column":2},"end":{"line":162,"column":3}}},"fnMap":{"0":{"name":"(anonymous_0)","decl":{"start":{"line":7,"column":19},"end":{"line":7,"column":20}},"loc":{"start":{"line":7,"column":25},"end":{"line":163,"column":1}},"line":7}},"branchMap":{},"s":{"0":0,"1":0,"2":0},"f":{"0":0},"b":{},"hash":"5aa290b422903026b6998e5043d12cdb56948efb"}
,"/Users/w3bh4ck/Desktop/Softcom/databeaver-form-builder/src/containers/forms-module/Form-card.container.jsx": {"path":"/Users/w3bh4ck/Desktop/Softcom/databeaver-form-builder/src/containers/forms-module/Form-card.container.jsx","statementMap":{"0":{"start":{"line":24,"column":17},"end":{"line":675,"column":1}},"1":{"start":{"line":47,"column":6},"end":{"line":47,"column":11}},"2":{"start":{"line":48,"column":40},"end":{"line":48,"column":52}},"3":{"start":{"line":49,"column":42},"end":{"line":49,"column":54}},"4":{"start":{"line":50,"column":40},"end":{"line":50,"column":52}},"5":{"start":{"line":51,"column":44},"end":{"line":51,"column":59}},"6":{"start":{"line":52,"column":40},"end":{"line":52,"column":52}},"7":{"start":{"line":55,"column":2},"end":{"line":69,"column":8}},"8":{"start":{"line":56,"column":4},"end":{"line":61,"column":5}},"9":{"start":{"line":57,"column":6},"end":{"line":59,"column":13}},"10":{"start":{"line":58,"column":8},"end":{"line":58,"column":32}},"11":{"start":{"line":60,"column":6},"end":{"line":60,"column":44}},"12":{"start":{"line":62,"column":4},"end":{"line":62,"column":33}},"13":{"start":{"line":62,"column":28},"end":{"line":62,"column":32}},"14":{"start":{"line":63,"column":29},"end":{"line":65,"column":5}},"15":{"start":{"line":66,"column":4},"end":{"line":68,"column":5}},"16":{"start":{"line":67,"column":6},"end":{"line":67,"column":40}},"17":{"start":{"line":71,"column":29},"end":{"line":75,"column":3}},"18":{"start":{"line":72,"column":4},"end":{"line":74,"column":11}},"19":{"start":{"line":73,"column":6},"end":{"line":73,"column":44}},"20":{"start":{"line":77,"column":28},"end":{"line":80,"column":3}},"21":{"start":{"line":78,"column":4},"end":{"line":78,"column":28}},"22":{"start":{"line":79,"column":4},"end":{"line":79,"column":33}},"23":{"start":{"line":82,"column":26},"end":{"line":86,"column":3}},"24":{"start":{"line":83,"column":4},"end":{"line":83,"column":32}},"25":{"start":{"line":84,"column":4},"end":{"line":84,"column":20}},"26":{"start":{"line":85,"column":4},"end":{"line":85,"column":28}},"27":{"start":{"line":88,"column":32},"end":{"line":105,"column":3}},"28":{"start":{"line":89,"column":54},"end":{"line":89,"column":59}},"29":{"start":{"line":90,"column":26},"end":{"line":95,"column":5}},"30":{"start":{"line":97,"column":4},"end":{"line":101,"column":5}},"31":{"start":{"line":98,"column":6},"end":{"line":98,"column":57}},"32":{"start":{"line":100,"column":6},"end":{"line":100,"column":55}},"33":{"start":{"line":102,"column":4},"end":{"line":104,"column":6}},"34":{"start":{"line":103,"column":6},"end":{"line":103,"column":34}},"35":{"start":{"line":107,"column":25},"end":{"line":116,"column":3}},"36":{"start":{"line":108,"column":4},"end":{"line":115,"column":5}},"37":{"start":{"line":109,"column":6},"end":{"line":112,"column":8}},"38":{"start":{"line":110,"column":8},"end":{"line":110,"column":34}},"39":{"start":{"line":111,"column":8},"end":{"line":111,"column":28}},"40":{"start":{"line":114,"column":6},"end":{"line":114,"column":48}},"41":{"start":{"line":118,"column":2},"end":{"line":674,"column":3}},"42":{"start":{"line":123,"column":12},"end":{"line":127,"column":13}},"43":{"start":{"line":124,"column":14},"end":{"line":124,"column":54}},"44":{"start":{"line":125,"column":14},"end":{"line":125,"column":42}},"45":{"start":{"line":126,"column":14},"end":{"line":126,"column":53}},"46":{"start":{"line":162,"column":18},"end":{"line":162,"column":61}},"47":{"start":{"line":186,"column":20},"end":{"line":186,"column":43}},"48":{"start":{"line":199,"column":20},"end":{"line":199,"column":72}},"49":{"start":{"line":210,"column":20},"end":{"line":210,"column":48}},"50":{"start":{"line":211,"column":20},"end":{"line":211,"column":41}},"51":{"start":{"line":227,"column":20},"end":{"line":227,"column":45}},"52":{"start":{"line":244,"column":28},"end":{"line":244,"column":58}},"53":{"start":{"line":257,"column":26},"end":{"line":257,"column":42}},"54":{"start":{"line":281,"column":20},"end":{"line":281,"column":48}},"55":{"start":{"line":290,"column":18},"end":{"line":290,"column":62}},"56":{"start":{"line":291,"column":18},"end":{"line":291,"column":49}},"57":{"start":{"line":319,"column":37},"end":{"line":319,"column":63}},"58":{"start":{"line":351,"column":37},"end":{"line":351,"column":66}},"59":{"start":{"line":387,"column":24},"end":{"line":387,"column":43}},"60":{"start":{"line":388,"column":24},"end":{"line":388,"column":48}},"61":{"start":{"line":453,"column":39},"end":{"line":453,"column":74}},"62":{"start":{"line":464,"column":39},"end":{"line":464,"column":74}},"63":{"start":{"line":471,"column":26},"end":{"line":477,"column":27}},"64":{"start":{"line":489,"column":31},"end":{"line":489,"column":63}},"65":{"start":{"line":497,"column":37},"end":{"line":497,"column":73}},"66":{"start":{"line":509,"column":22},"end":{"line":509,"column":69}},"67":{"start":{"line":523,"column":31},"end":{"line":523,"column":54}},"68":{"start":{"line":572,"column":37},"end":{"line":572,"column":76}},"69":{"start":{"line":583,"column":31},"end":{"line":583,"column":54}},"70":{"start":{"line":677,"column":24},"end":{"line":686,"column":2}},"71":{"start":{"line":677,"column":36},"end":{"line":686,"column":1}}},"fnMap":{"0":{"name":"(anonymous_0)","decl":{"start":{"line":24,"column":17},"end":{"line":24,"column":18}},"loc":{"start":{"line":24,"column":28},"end":{"line":675,"column":1}},"line":24},"1":{"name":"(anonymous_1)","decl":{"start":{"line":55,"column":12},"end":{"line":55,"column":13}},"loc":{"start":{"line":55,"column":18},"end":{"line":69,"column":3}},"line":55},"2":{"name":"(anonymous_2)","decl":{"start":{"line":57,"column":17},"end":{"line":57,"column":18}},"loc":{"start":{"line":57,"column":23},"end":{"line":59,"column":7}},"line":57},"3":{"name":"(anonymous_3)","decl":{"start":{"line":62,"column":22},"end":{"line":62,"column":23}},"loc":{"start":{"line":62,"column":28},"end":{"line":62,"column":32}},"line":62},"4":{"name":"(anonymous_4)","decl":{"start":{"line":71,"column":29},"end":{"line":71,"column":30}},"loc":{"start":{"line":71,"column":35},"end":{"line":75,"column":3}},"line":71},"5":{"name":"(anonymous_5)","decl":{"start":{"line":72,"column":15},"end":{"line":72,"column":16}},"loc":{"start":{"line":72,"column":21},"end":{"line":74,"column":5}},"line":72},"6":{"name":"(anonymous_6)","decl":{"start":{"line":77,"column":28},"end":{"line":77,"column":29}},"loc":{"start":{"line":77,"column":34},"end":{"line":80,"column":3}},"line":77},"7":{"name":"(anonymous_7)","decl":{"start":{"line":82,"column":26},"end":{"line":82,"column":27}},"loc":{"start":{"line":82,"column":33},"end":{"line":86,"column":3}},"line":82},"8":{"name":"(anonymous_8)","decl":{"start":{"line":88,"column":32},"end":{"line":88,"column":33}},"loc":{"start":{"line":88,"column":38},"end":{"line":105,"column":3}},"line":88},"9":{"name":"(anonymous_9)","decl":{"start":{"line":102,"column":39},"end":{"line":102,"column":40}},"loc":{"start":{"line":102,"column":45},"end":{"line":104,"column":5}},"line":102},"10":{"name":"(anonymous_10)","decl":{"start":{"line":107,"column":25},"end":{"line":107,"column":26}},"loc":{"start":{"line":107,"column":31},"end":{"line":116,"column":3}},"line":107},"11":{"name":"(anonymous_11)","decl":{"start":{"line":109,"column":48},"end":{"line":109,"column":49}},"loc":{"start":{"line":109,"column":54},"end":{"line":112,"column":7}},"line":109},"12":{"name":"(anonymous_12)","decl":{"start":{"line":122,"column":19},"end":{"line":122,"column":20}},"loc":{"start":{"line":122,"column":25},"end":{"line":128,"column":11}},"line":122},"13":{"name":"(anonymous_13)","decl":{"start":{"line":160,"column":23},"end":{"line":160,"column":24}},"loc":{"start":{"line":160,"column":29},"end":{"line":164,"column":15}},"line":160},"14":{"name":"(anonymous_14)","decl":{"start":{"line":185,"column":27},"end":{"line":185,"column":28}},"loc":{"start":{"line":185,"column":33},"end":{"line":187,"column":19}},"line":185},"15":{"name":"(anonymous_15)","decl":{"start":{"line":198,"column":27},"end":{"line":198,"column":28}},"loc":{"start":{"line":199,"column":20},"end":{"line":199,"column":72}},"line":199},"16":{"name":"(anonymous_16)","decl":{"start":{"line":209,"column":27},"end":{"line":209,"column":28}},"loc":{"start":{"line":209,"column":33},"end":{"line":212,"column":19}},"line":209},"17":{"name":"(anonymous_17)","decl":{"start":{"line":226,"column":27},"end":{"line":226,"column":28}},"loc":{"start":{"line":226,"column":33},"end":{"line":228,"column":19}},"line":226},"18":{"name":"(anonymous_18)","decl":{"start":{"line":243,"column":36},"end":{"line":243,"column":37}},"loc":{"start":{"line":243,"column":43},"end":{"line":245,"column":27}},"line":243},"19":{"name":"(anonymous_19)","decl":{"start":{"line":256,"column":33},"end":{"line":256,"column":34}},"loc":{"start":{"line":256,"column":39},"end":{"line":258,"column":25}},"line":256},"20":{"name":"(anonymous_20)","decl":{"start":{"line":280,"column":27},"end":{"line":280,"column":28}},"loc":{"start":{"line":280,"column":33},"end":{"line":282,"column":19}},"line":280},"21":{"name":"(anonymous_21)","decl":{"start":{"line":289,"column":25},"end":{"line":289,"column":26}},"loc":{"start":{"line":289,"column":31},"end":{"line":292,"column":17}},"line":289},"22":{"name":"(anonymous_22)","decl":{"start":{"line":319,"column":31},"end":{"line":319,"column":32}},"loc":{"start":{"line":319,"column":37},"end":{"line":319,"column":63}},"line":319},"23":{"name":"(anonymous_23)","decl":{"start":{"line":351,"column":31},"end":{"line":351,"column":32}},"loc":{"start":{"line":351,"column":37},"end":{"line":351,"column":66}},"line":351},"24":{"name":"(anonymous_24)","decl":{"start":{"line":386,"column":31},"end":{"line":386,"column":32}},"loc":{"start":{"line":386,"column":37},"end":{"line":389,"column":23}},"line":386},"25":{"name":"(anonymous_25)","decl":{"start":{"line":453,"column":32},"end":{"line":453,"column":33}},"loc":{"start":{"line":453,"column":39},"end":{"line":453,"column":74}},"line":453},"26":{"name":"(anonymous_26)","decl":{"start":{"line":464,"column":32},"end":{"line":464,"column":33}},"loc":{"start":{"line":464,"column":39},"end":{"line":464,"column":74}},"line":464},"27":{"name":"(anonymous_27)","decl":{"start":{"line":470,"column":49},"end":{"line":470,"column":50}},"loc":{"start":{"line":470,"column":65},"end":{"line":478,"column":25}},"line":470},"28":{"name":"(anonymous_28)","decl":{"start":{"line":489,"column":25},"end":{"line":489,"column":26}},"loc":{"start":{"line":489,"column":31},"end":{"line":489,"column":63}},"line":489},"29":{"name":"(anonymous_29)","decl":{"start":{"line":497,"column":30},"end":{"line":497,"column":31}},"loc":{"start":{"line":497,"column":37},"end":{"line":497,"column":73}},"line":497},"30":{"name":"(anonymous_30)","decl":{"start":{"line":508,"column":30},"end":{"line":508,"column":31}},"loc":{"start":{"line":509,"column":22},"end":{"line":509,"column":69}},"line":509},"31":{"name":"(anonymous_31)","decl":{"start":{"line":523,"column":25},"end":{"line":523,"column":26}},"loc":{"start":{"line":523,"column":31},"end":{"line":523,"column":54}},"line":523},"32":{"name":"(anonymous_32)","decl":{"start":{"line":572,"column":30},"end":{"line":572,"column":31}},"loc":{"start":{"line":572,"column":37},"end":{"line":572,"column":76}},"line":572},"33":{"name":"(anonymous_33)","decl":{"start":{"line":583,"column":25},"end":{"line":583,"column":26}},"loc":{"start":{"line":583,"column":31},"end":{"line":583,"column":54}},"line":583},"34":{"name":"(anonymous_34)","decl":{"start":{"line":677,"column":24},"end":{"line":677,"column":25}},"loc":{"start":{"line":677,"column":36},"end":{"line":686,"column":1}},"line":677}},"branchMap":{"0":{"loc":{"start":{"line":56,"column":4},"end":{"line":61,"column":5}},"type":"if","locations":[{"start":{"line":56,"column":4},"end":{"line":61,"column":5}},{"start":{"line":56,"column":4},"end":{"line":61,"column":5}}],"line":56},"1":{"loc":{"start":{"line":66,"column":4},"end":{"line":68,"column":5}},"type":"if","locations":[{"start":{"line":66,"column":4},"end":{"line":68,"column":5}},{"start":{"line":66,"column":4},"end":{"line":68,"column":5}}],"line":66},"2":{"loc":{"start":{"line":97,"column":4},"end":{"line":101,"column":5}},"type":"if","locations":[{"start":{"line":97,"column":4},"end":{"line":101,"column":5}},{"start":{"line":97,"column":4},"end":{"line":101,"column":5}}],"line":97},"3":{"loc":{"start":{"line":108,"column":4},"end":{"line":115,"column":5}},"type":"if","locations":[{"start":{"line":108,"column":4},"end":{"line":115,"column":5}},{"start":{"line":108,"column":4},"end":{"line":115,"column":5}}],"line":108},"4":{"loc":{"start":{"line":108,"column":8},"end":{"line":108,"column":61}},"type":"binary-expr","locations":[{"start":{"line":108,"column":8},"end":{"line":108,"column":39}},{"start":{"line":108,"column":43},"end":{"line":108,"column":61}}],"line":108},"5":{"loc":{"start":{"line":123,"column":12},"end":{"line":127,"column":13}},"type":"if","locations":[{"start":{"line":123,"column":12},"end":{"line":127,"column":13}},{"start":{"line":123,"column":12},"end":{"line":127,"column":13}}],"line":123},"6":{"loc":{"start":{"line":180,"column":20},"end":{"line":183,"column":26}},"type":"cond-expr","locations":[{"start":{"line":182,"column":24},"end":{"line":182,"column":34}},{"start":{"line":183,"column":24},"end":{"line":183,"column":26}}],"line":180},"7":{"loc":{"start":{"line":180,"column":20},"end":{"line":181,"column":69}},"type":"binary-expr","locations":[{"start":{"line":180,"column":20},"end":{"line":180,"column":51}},{"start":{"line":181,"column":20},"end":{"line":181,"column":69}}],"line":180},"8":{"loc":{"start":{"line":193,"column":20},"end":{"line":195,"column":34}},"type":"cond-expr","locations":[{"start":{"line":194,"column":24},"end":{"line":194,"column":26}},{"start":{"line":195,"column":24},"end":{"line":195,"column":34}}],"line":193},"9":{"loc":{"start":{"line":207,"column":20},"end":{"line":207,"column":77}},"type":"cond-expr","locations":[{"start":{"line":207,"column":62},"end":{"line":207,"column":64}},{"start":{"line":207,"column":67},"end":{"line":207,"column":77}}],"line":207},"10":{"loc":{"start":{"line":220,"column":20},"end":{"line":223,"column":26}},"type":"cond-expr","locations":[{"start":{"line":222,"column":24},"end":{"line":222,"column":34}},{"start":{"line":223,"column":24},"end":{"line":223,"column":26}}],"line":220},"11":{"loc":{"start":{"line":220,"column":20},"end":{"line":221,"column":69}},"type":"binary-expr","locations":[{"start":{"line":220,"column":20},"end":{"line":220,"column":51}},{"start":{"line":221,"column":20},"end":{"line":221,"column":69}}],"line":220},"12":{"loc":{"start":{"line":276,"column":20},"end":{"line":278,"column":26}},"type":"cond-expr","locations":[{"start":{"line":277,"column":24},"end":{"line":277,"column":34}},{"start":{"line":278,"column":24},"end":{"line":278,"column":26}}],"line":276},"13":{"loc":{"start":{"line":294,"column":18},"end":{"line":296,"column":52}},"type":"cond-expr","locations":[{"start":{"line":295,"column":22},"end":{"line":295,"column":43}},{"start":{"line":296,"column":22},"end":{"line":296,"column":52}}],"line":294},"14":{"loc":{"start":{"line":323,"column":23},"end":{"line":323,"column":61}},"type":"cond-expr","locations":[{"start":{"line":323,"column":33},"end":{"line":323,"column":46}},{"start":{"line":323,"column":49},"end":{"line":323,"column":61}}],"line":323},"15":{"loc":{"start":{"line":356,"column":23},"end":{"line":356,"column":63}},"type":"cond-expr","locations":[{"start":{"line":356,"column":33},"end":{"line":356,"column":45}},{"start":{"line":356,"column":48},"end":{"line":356,"column":63}}],"line":356},"16":{"loc":{"start":{"line":450,"column":17},"end":{"line":484,"column":17}},"type":"cond-expr","locations":[{"start":{"line":451,"column":18},"end":{"line":459,"column":26}},{"start":{"line":461,"column":18},"end":{"line":483,"column":35}}],"line":450},"17":{"loc":{"start":{"line":468,"column":23},"end":{"line":481,"column":23}},"type":"cond-expr","locations":[{"start":{"line":470,"column":24},"end":{"line":478,"column":26}},{"start":{"line":480,"column":24},"end":{"line":480,"column":68}}],"line":468},"18":{"loc":{"start":{"line":468,"column":23},"end":{"line":469,"column":53}},"type":"binary-expr","locations":[{"start":{"line":468,"column":23},"end":{"line":468,"column":57}},{"start":{"line":469,"column":22},"end":{"line":469,"column":53}}],"line":468},"19":{"loc":{"start":{"line":492,"column":17},"end":{"line":492,"column":68}},"type":"cond-expr","locations":[{"start":{"line":492,"column":34},"end":{"line":492,"column":47}},{"start":{"line":492,"column":50},"end":{"line":492,"column":68}}],"line":492}},"s":{"0":0,"1":0,"2":0,"3":0,"4":0,"5":0,"6":0,"7":0,"8":0,"9":0,"10":0,"11":0,"12":0,"13":0,"14":0,"15":0,"16":0,"17":0,"18":0,"19":0,"20":0,"21":0,"22":0,"23":0,"24":0,"25":0,"26":0,"27":0,"28":0,"29":0,"30":0,"31":0,"32":0,"33":0,"34":0,"35":0,"36":0,"37":0,"38":0,"39":0,"40":0,"41":0,"42":0,"43":0,"44":0,"45":0,"46":0,"47":0,"48":0,"49":0,"50":0,"51":0,"52":0,"53":0,"54":0,"55":0,"56":0,"57":0,"58":0,"59":0,"60":0,"61":0,"62":0,"63":0,"64":0,"65":0,"66":0,"67":0,"68":0,"69":0,"70":0,"71":0},"f":{"0":0,"1":0,"2":0,"3":0,"4":0,"5":0,"6":0,"7":0,"8":0,"9":0,"10":0,"11":0,"12":0,"13":0,"14":0,"15":0,"16":0,"17":0,"18":0,"19":0,"20":0,"21":0,"22":0,"23":0,"24":0,"25":0,"26":0,"27":0,"28":0,"29":0,"30":0,"31":0,"32":0,"33":0,"34":0},"b":{"0":[0,0],"1":[0,0],"2":[0,0],"3":[0,0],"4":[0,0],"5":[0,0],"6":[0,0],"7":[0,0],"8":[0,0],"9":[0,0],"10":[0,0],"11":[0,0],"12":[0,0],"13":[0,0],"14":[0,0],"15":[0,0],"16":[0,0],"17":[0,0],"18":[0,0],"19":[0,0]},"hash":"2d222e31a9c6b6c493520c48bba868402573eb8d"}
,"/Users/w3bh4ck/Desktop/Softcom/databeaver-form-builder/src/containers/forms-module/Form-elements-display.container.jsx": {"path":"/Users/w3bh4ck/Desktop/Softcom/databeaver-form-builder/src/containers/forms-module/Form-elements-display.container.jsx","statementMap":{"0":{"start":{"line":35,"column":27},"end":{"line":333,"column":1}},"1":{"start":{"line":36,"column":38},"end":{"line":36,"column":50}},"2":{"start":{"line":37,"column":42},"end":{"line":37,"column":54}},"3":{"start":{"line":51,"column":6},"end":{"line":51,"column":11}},"4":{"start":{"line":53,"column":2},"end":{"line":65,"column":19}},"5":{"start":{"line":55,"column":27},"end":{"line":55,"column":29}},"6":{"start":{"line":56,"column":19},"end":{"line":56,"column":21}},"7":{"start":{"line":57,"column":4},"end":{"line":57,"column":56}},"8":{"start":{"line":57,"column":27},"end":{"line":57,"column":55}},"9":{"start":{"line":58,"column":23},"end":{"line":58,"column":38}},"10":{"start":{"line":59,"column":4},"end":{"line":63,"column":6}},"11":{"start":{"line":60,"column":6},"end":{"line":62,"column":7}},"12":{"start":{"line":61,"column":8},"end":{"line":61,"column":45}},"13":{"start":{"line":64,"column":4},"end":{"line":64,"column":37}},"14":{"start":{"line":74,"column":18},"end":{"line":80,"column":3}},"15":{"start":{"line":75,"column":19},"end":{"line":75,"column":35}},"16":{"start":{"line":76,"column":22},"end":{"line":76,"column":50}},"17":{"start":{"line":77,"column":4},"end":{"line":77,"column":39}},"18":{"start":{"line":79,"column":4},"end":{"line":79,"column":17}},"19":{"start":{"line":89,"column":23},"end":{"line":93,"column":4}},"20":{"start":{"line":89,"column":56},"end":{"line":93,"column":3}},"21":{"start":{"line":95,"column":23},"end":{"line":97,"column":4}},"22":{"start":{"line":95,"column":44},"end":{"line":97,"column":3}},"23":{"start":{"line":98,"column":20},"end":{"line":116,"column":3}},"24":{"start":{"line":99,"column":16},"end":{"line":99,"column":32}},"25":{"start":{"line":101,"column":4},"end":{"line":103,"column":5}},"26":{"start":{"line":102,"column":6},"end":{"line":102,"column":12}},"27":{"start":{"line":105,"column":21},"end":{"line":109,"column":5}},"28":{"start":{"line":113,"column":23},"end":{"line":113,"column":36}},"29":{"start":{"line":114,"column":19},"end":{"line":114,"column":70}},"30":{"start":{"line":114,"column":50},"end":{"line":114,"column":69}},"31":{"start":{"line":115,"column":4},"end":{"line":115,"column":43}},"32":{"start":{"line":118,"column":2},"end":{"line":332,"column":3}},"33":{"start":{"line":124,"column":48},"end":{"line":124,"column":65}},"34":{"start":{"line":127,"column":14},"end":{"line":326,"column":20}},"35":{"start":{"line":133,"column":18},"end":{"line":323,"column":30}},"36":{"start":{"line":139,"column":22},"end":{"line":321,"column":28}},"37":{"start":{"line":335,"column":24},"end":{"line":341,"column":2}},"38":{"start":{"line":335,"column":36},"end":{"line":341,"column":1}}},"fnMap":{"0":{"name":"(anonymous_0)","decl":{"start":{"line":35,"column":27},"end":{"line":35,"column":28}},"loc":{"start":{"line":35,"column":38},"end":{"line":333,"column":1}},"line":35},"1":{"name":"(anonymous_1)","decl":{"start":{"line":53,"column":12},"end":{"line":53,"column":13}},"loc":{"start":{"line":53,"column":18},"end":{"line":65,"column":3}},"line":53},"2":{"name":"(anonymous_2)","decl":{"start":{"line":57,"column":17},"end":{"line":57,"column":18}},"loc":{"start":{"line":57,"column":27},"end":{"line":57,"column":55}},"line":57},"3":{"name":"(anonymous_3)","decl":{"start":{"line":59,"column":21},"end":{"line":59,"column":22}},"loc":{"start":{"line":59,"column":31},"end":{"line":63,"column":5}},"line":59},"4":{"name":"(anonymous_4)","decl":{"start":{"line":74,"column":18},"end":{"line":74,"column":19}},"loc":{"start":{"line":74,"column":50},"end":{"line":80,"column":3}},"line":74},"5":{"name":"(anonymous_5)","decl":{"start":{"line":89,"column":23},"end":{"line":89,"column":24}},"loc":{"start":{"line":89,"column":56},"end":{"line":93,"column":3}},"line":89},"6":{"name":"(anonymous_6)","decl":{"start":{"line":95,"column":23},"end":{"line":95,"column":24}},"loc":{"start":{"line":95,"column":44},"end":{"line":97,"column":3}},"line":95},"7":{"name":"(anonymous_7)","decl":{"start":{"line":98,"column":20},"end":{"line":98,"column":21}},"loc":{"start":{"line":98,"column":32},"end":{"line":116,"column":3}},"line":98},"8":{"name":"(anonymous_8)","decl":{"start":{"line":114,"column":39},"end":{"line":114,"column":40}},"loc":{"start":{"line":114,"column":50},"end":{"line":114,"column":69}},"line":114},"9":{"name":"(anonymous_9)","decl":{"start":{"line":124,"column":36},"end":{"line":124,"column":37}},"loc":{"start":{"line":124,"column":48},"end":{"line":124,"column":65}},"line":124},"10":{"name":"(anonymous_10)","decl":{"start":{"line":126,"column":13},"end":{"line":126,"column":14}},"loc":{"start":{"line":127,"column":14},"end":{"line":326,"column":20}},"line":127},"11":{"name":"(anonymous_11)","decl":{"start":{"line":132,"column":33},"end":{"line":132,"column":34}},"loc":{"start":{"line":133,"column":18},"end":{"line":323,"column":30}},"line":133},"12":{"name":"(anonymous_12)","decl":{"start":{"line":138,"column":21},"end":{"line":138,"column":22}},"loc":{"start":{"line":139,"column":22},"end":{"line":321,"column":28}},"line":139},"13":{"name":"(anonymous_13)","decl":{"start":{"line":335,"column":24},"end":{"line":335,"column":25}},"loc":{"start":{"line":335,"column":36},"end":{"line":341,"column":1}},"line":335}},"branchMap":{"0":{"loc":{"start":{"line":60,"column":6},"end":{"line":62,"column":7}},"type":"if","locations":[{"start":{"line":60,"column":6},"end":{"line":62,"column":7}},{"start":{"line":60,"column":6},"end":{"line":62,"column":7}}],"line":60},"1":{"loc":{"start":{"line":90,"column":16},"end":{"line":90,"column":43}},"type":"cond-expr","locations":[{"start":{"line":90,"column":29},"end":{"line":90,"column":38}},{"start":{"line":90,"column":41},"end":{"line":90,"column":43}}],"line":90},"2":{"loc":{"start":{"line":101,"column":4},"end":{"line":103,"column":5}},"type":"if","locations":[{"start":{"line":101,"column":4},"end":{"line":103,"column":5}},{"start":{"line":101,"column":4},"end":{"line":103,"column":5}}],"line":101},"3":{"loc":{"start":{"line":148,"column":25},"end":{"line":156,"column":25}},"type":"binary-expr","locations":[{"start":{"line":148,"column":25},"end":{"line":148,"column":53}},{"start":{"line":149,"column":26},"end":{"line":155,"column":28}}],"line":148},"4":{"loc":{"start":{"line":157,"column":25},"end":{"line":165,"column":25}},"type":"binary-expr","locations":[{"start":{"line":157,"column":25},"end":{"line":157,"column":51}},{"start":{"line":158,"column":26},"end":{"line":164,"column":28}}],"line":157},"5":{"loc":{"start":{"line":166,"column":25},"end":{"line":174,"column":25}},"type":"binary-expr","locations":[{"start":{"line":166,"column":25},"end":{"line":166,"column":53}},{"start":{"line":167,"column":26},"end":{"line":173,"column":28}}],"line":166},"6":{"loc":{"start":{"line":175,"column":25},"end":{"line":183,"column":25}},"type":"binary-expr","locations":[{"start":{"line":175,"column":25},"end":{"line":175,"column":49}},{"start":{"line":176,"column":26},"end":{"line":182,"column":28}}],"line":175},"7":{"loc":{"start":{"line":184,"column":25},"end":{"line":192,"column":25}},"type":"binary-expr","locations":[{"start":{"line":184,"column":25},"end":{"line":184,"column":48}},{"start":{"line":185,"column":26},"end":{"line":191,"column":28}}],"line":184},"8":{"loc":{"start":{"line":193,"column":25},"end":{"line":201,"column":25}},"type":"binary-expr","locations":[{"start":{"line":193,"column":25},"end":{"line":193,"column":48}},{"start":{"line":194,"column":26},"end":{"line":200,"column":28}}],"line":193},"9":{"loc":{"start":{"line":202,"column":25},"end":{"line":210,"column":25}},"type":"binary-expr","locations":[{"start":{"line":202,"column":25},"end":{"line":202,"column":50}},{"start":{"line":203,"column":26},"end":{"line":209,"column":28}}],"line":202},"10":{"loc":{"start":{"line":211,"column":25},"end":{"line":219,"column":25}},"type":"binary-expr","locations":[{"start":{"line":211,"column":25},"end":{"line":211,"column":55}},{"start":{"line":212,"column":26},"end":{"line":218,"column":28}}],"line":211},"11":{"loc":{"start":{"line":220,"column":25},"end":{"line":228,"column":25}},"type":"binary-expr","locations":[{"start":{"line":220,"column":25},"end":{"line":220,"column":50}},{"start":{"line":221,"column":26},"end":{"line":227,"column":28}}],"line":220},"12":{"loc":{"start":{"line":229,"column":25},"end":{"line":238,"column":25}},"type":"binary-expr","locations":[{"start":{"line":229,"column":25},"end":{"line":229,"column":55}},{"start":{"line":230,"column":26},"end":{"line":237,"column":28}}],"line":229},"13":{"loc":{"start":{"line":239,"column":25},"end":{"line":247,"column":25}},"type":"binary-expr","locations":[{"start":{"line":239,"column":25},"end":{"line":239,"column":56}},{"start":{"line":240,"column":26},"end":{"line":246,"column":28}}],"line":239},"14":{"loc":{"start":{"line":248,"column":25},"end":{"line":257,"column":25}},"type":"binary-expr","locations":[{"start":{"line":248,"column":25},"end":{"line":248,"column":56}},{"start":{"line":249,"column":26},"end":{"line":256,"column":28}}],"line":248},"15":{"loc":{"start":{"line":258,"column":25},"end":{"line":266,"column":25}},"type":"binary-expr","locations":[{"start":{"line":258,"column":25},"end":{"line":258,"column":55}},{"start":{"line":259,"column":26},"end":{"line":265,"column":28}}],"line":258},"16":{"loc":{"start":{"line":267,"column":25},"end":{"line":275,"column":25}},"type":"binary-expr","locations":[{"start":{"line":267,"column":25},"end":{"line":267,"column":54}},{"start":{"line":268,"column":26},"end":{"line":274,"column":28}}],"line":267},"17":{"loc":{"start":{"line":276,"column":25},"end":{"line":284,"column":25}},"type":"binary-expr","locations":[{"start":{"line":276,"column":25},"end":{"line":276,"column":53}},{"start":{"line":277,"column":26},"end":{"line":283,"column":28}}],"line":276},"18":{"loc":{"start":{"line":285,"column":25},"end":{"line":293,"column":25}},"type":"binary-expr","locations":[{"start":{"line":285,"column":25},"end":{"line":285,"column":49}},{"start":{"line":286,"column":26},"end":{"line":292,"column":28}}],"line":285},"19":{"loc":{"start":{"line":294,"column":25},"end":{"line":302,"column":25}},"type":"binary-expr","locations":[{"start":{"line":294,"column":25},"end":{"line":294,"column":53}},{"start":{"line":295,"column":26},"end":{"line":301,"column":28}}],"line":294},"20":{"loc":{"start":{"line":303,"column":25},"end":{"line":311,"column":25}},"type":"binary-expr","locations":[{"start":{"line":303,"column":25},"end":{"line":303,"column":51}},{"start":{"line":304,"column":26},"end":{"line":310,"column":28}}],"line":303},"21":{"loc":{"start":{"line":312,"column":25},"end":{"line":320,"column":25}},"type":"binary-expr","locations":[{"start":{"line":312,"column":25},"end":{"line":312,"column":55}},{"start":{"line":313,"column":26},"end":{"line":319,"column":28}}],"line":312}},"s":{"0":2,"1":2,"2":2,"3":2,"4":2,"5":1,"6":1,"7":1,"8":1,"9":1,"10":1,"11":0,"12":0,"13":1,"14":2,"15":0,"16":0,"17":0,"18":0,"19":2,"20":0,"21":2,"22":2,"23":2,"24":0,"25":0,"26":0,"27":0,"28":0,"29":0,"30":0,"31":0,"32":2,"33":0,"34":2,"35":0,"36":0,"37":2,"38":1},"f":{"0":2,"1":1,"2":1,"3":0,"4":0,"5":0,"6":2,"7":0,"8":0,"9":0,"10":2,"11":0,"12":0,"13":1},"b":{"0":[0,0],"1":[0,0],"2":[0,0],"3":[0,0],"4":[0,0],"5":[0,0],"6":[0,0],"7":[0,0],"8":[0,0],"9":[0,0],"10":[0,0],"11":[0,0],"12":[0,0],"13":[0,0],"14":[0,0],"15":[0,0],"16":[0,0],"17":[0,0],"18":[0,0],"19":[0,0],"20":[0,0],"21":[0,0]},"_coverageSchema":"43e27e138ebf9cfc5966b082cf9a028302ed4184","hash":"c570043939880a2e30ae055e2ff25f6c3218ee4f"}
,"/Users/w3bh4ck/Desktop/Softcom/databeaver-form-builder/src/containers/forms-module/Form-logic.container.jsx": {"path":"/Users/w3bh4ck/Desktop/Softcom/databeaver-form-builder/src/containers/forms-module/Form-logic.container.jsx","statementMap":{"0":{"start":{"line":13,"column":18},"end":{"line":184,"column":1}},"1":{"start":{"line":25,"column":6},"end":{"line":25,"column":11}},"2":{"start":{"line":26,"column":29},"end":{"line":26,"column":49}},"3":{"start":{"line":28,"column":30},"end":{"line":28,"column":65}},"4":{"start":{"line":29,"column":54},"end":{"line":31,"column":4}},"5":{"start":{"line":33,"column":20},"end":{"line":33,"column":22}},"6":{"start":{"line":35,"column":25},"end":{"line":39,"column":3}},"7":{"start":{"line":36,"column":4},"end":{"line":38,"column":6}},"8":{"start":{"line":37,"column":6},"end":{"line":37,"column":28}},"9":{"start":{"line":41,"column":23},"end":{"line":46,"column":3}},"10":{"start":{"line":42,"column":27},"end":{"line":42,"column":50}},"11":{"start":{"line":43,"column":4},"end":{"line":43,"column":13}},"12":{"start":{"line":44,"column":4},"end":{"line":44,"column":43}},"13":{"start":{"line":45,"column":4},"end":{"line":45,"column":43}},"14":{"start":{"line":48,"column":2},"end":{"line":51,"column":4}},"15":{"start":{"line":49,"column":4},"end":{"line":49,"column":28}},"16":{"start":{"line":50,"column":4},"end":{"line":50,"column":38}},"17":{"start":{"line":53,"column":2},"end":{"line":183,"column":3}},"18":{"start":{"line":79,"column":14},"end":{"line":156,"column":15}},"19":{"start":{"line":86,"column":43},"end":{"line":86,"column":74}},"20":{"start":{"line":99,"column":43},"end":{"line":99,"column":76}},"21":{"start":{"line":105,"column":32},"end":{"line":109,"column":33}},"22":{"start":{"line":121,"column":43},"end":{"line":121,"column":76}},"23":{"start":{"line":134,"column":43},"end":{"line":134,"column":76}},"24":{"start":{"line":139,"column":28},"end":{"line":143,"column":29}},"25":{"start":{"line":166,"column":14},"end":{"line":166,"column":26}},"26":{"start":{"line":174,"column":27},"end":{"line":174,"column":41}},"27":{"start":{"line":186,"column":24},"end":{"line":194,"column":2}},"28":{"start":{"line":186,"column":36},"end":{"line":194,"column":1}}},"fnMap":{"0":{"name":"(anonymous_0)","decl":{"start":{"line":13,"column":18},"end":{"line":13,"column":19}},"loc":{"start":{"line":13,"column":29},"end":{"line":184,"column":1}},"line":13},"1":{"name":"(anonymous_1)","decl":{"start":{"line":35,"column":25},"end":{"line":35,"column":26}},"loc":{"start":{"line":35,"column":39},"end":{"line":39,"column":3}},"line":35},"2":{"name":"(anonymous_2)","decl":{"start":{"line":36,"column":17},"end":{"line":36,"column":18}},"loc":{"start":{"line":36,"column":30},"end":{"line":38,"column":5}},"line":36},"3":{"name":"(anonymous_3)","decl":{"start":{"line":41,"column":23},"end":{"line":41,"column":24}},"loc":{"start":{"line":41,"column":29},"end":{"line":46,"column":3}},"line":41},"4":{"name":"(anonymous_4)","decl":{"start":{"line":48,"column":12},"end":{"line":48,"column":13}},"loc":{"start":{"line":48,"column":18},"end":{"line":51,"column":3}},"line":48},"5":{"name":"(anonymous_5)","decl":{"start":{"line":78,"column":38},"end":{"line":78,"column":39}},"loc":{"start":{"line":78,"column":52},"end":{"line":157,"column":13}},"line":78},"6":{"name":"(anonymous_6)","decl":{"start":{"line":86,"column":36},"end":{"line":86,"column":37}},"loc":{"start":{"line":86,"column":43},"end":{"line":86,"column":74}},"line":86},"7":{"name":"(anonymous_7)","decl":{"start":{"line":99,"column":36},"end":{"line":99,"column":37}},"loc":{"start":{"line":99,"column":43},"end":{"line":99,"column":76}},"line":99},"8":{"name":"(anonymous_8)","decl":{"start":{"line":104,"column":57},"end":{"line":104,"column":58}},"loc":{"start":{"line":104,"column":72},"end":{"line":110,"column":31}},"line":104},"9":{"name":"(anonymous_9)","decl":{"start":{"line":121,"column":36},"end":{"line":121,"column":37}},"loc":{"start":{"line":121,"column":43},"end":{"line":121,"column":76}},"line":121},"10":{"name":"(anonymous_10)","decl":{"start":{"line":134,"column":36},"end":{"line":134,"column":37}},"loc":{"start":{"line":134,"column":43},"end":{"line":134,"column":76}},"line":134},"11":{"name":"(anonymous_11)","decl":{"start":{"line":138,"column":47},"end":{"line":138,"column":48}},"loc":{"start":{"line":138,"column":60},"end":{"line":144,"column":27}},"line":138},"12":{"name":"(anonymous_12)","decl":{"start":{"line":165,"column":21},"end":{"line":165,"column":22}},"loc":{"start":{"line":165,"column":27},"end":{"line":167,"column":13}},"line":165},"13":{"name":"(anonymous_13)","decl":{"start":{"line":174,"column":21},"end":{"line":174,"column":22}},"loc":{"start":{"line":174,"column":27},"end":{"line":174,"column":41}},"line":174},"14":{"name":"(anonymous_14)","decl":{"start":{"line":186,"column":24},"end":{"line":186,"column":25}},"loc":{"start":{"line":186,"column":36},"end":{"line":194,"column":1}},"line":186}},"branchMap":{"0":{"loc":{"start":{"line":77,"column":9},"end":{"line":158,"column":14}},"type":"cond-expr","locations":[{"start":{"line":78,"column":12},"end":{"line":157,"column":14}},{"start":{"line":158,"column":12},"end":{"line":158,"column":14}}],"line":77},"1":{"loc":{"start":{"line":103,"column":27},"end":{"line":111,"column":32}},"type":"cond-expr","locations":[{"start":{"line":104,"column":30},"end":{"line":110,"column":32}},{"start":{"line":111,"column":30},"end":{"line":111,"column":32}}],"line":103},"2":{"loc":{"start":{"line":149,"column":19},"end":{"line":154,"column":21}},"type":"binary-expr","locations":[{"start":{"line":149,"column":19},"end":{"line":149,"column":54}},{"start":{"line":150,"column":20},"end":{"line":150,"column":58}},{"start":{"line":151,"column":22},"end":{"line":153,"column":31}}],"line":149}},"s":{"0":2,"1":0,"2":0,"3":0,"4":0,"5":0,"6":0,"7":0,"8":0,"9":0,"10":0,"11":0,"12":0,"13":0,"14":0,"15":0,"16":0,"17":0,"18":0,"19":0,"20":0,"21":0,"22":0,"23":0,"24":0,"25":0,"26":0,"27":2,"28":0},"f":{"0":0,"1":0,"2":0,"3":0,"4":0,"5":0,"6":0,"7":0,"8":0,"9":0,"10":0,"11":0,"12":0,"13":0,"14":0},"b":{"0":[0,0],"1":[0,0],"2":[0,0,0]},"_coverageSchema":"43e27e138ebf9cfc5966b082cf9a028302ed4184","hash":"ccff1e3f0f70a7fa8f64cdf92d8ffa43f040fcf8"}
,"/Users/w3bh4ck/Desktop/Softcom/databeaver-form-builder/src/containers/forms-module/Form-sector.container.jsx": {"path":"/Users/w3bh4ck/Desktop/Softcom/databeaver-form-builder/src/containers/forms-module/Form-sector.container.jsx","statementMap":{"0":{"start":{"line":3,"column":20},"end":{"line":122,"column":1}},"1":{"start":{"line":4,"column":39},"end":{"line":4,"column":54}},"2":{"start":{"line":5,"column":2},"end":{"line":121,"column":3}},"3":{"start":{"line":18,"column":20},"end":{"line":18,"column":39}},"4":{"start":{"line":46,"column":16},"end":{"line":46,"column":35}}},"fnMap":{"0":{"name":"(anonymous_0)","decl":{"start":{"line":3,"column":20},"end":{"line":3,"column":21}},"loc":{"start":{"line":3,"column":26},"end":{"line":122,"column":1}},"line":3},"1":{"name":"(anonymous_1)","decl":{"start":{"line":17,"column":27},"end":{"line":17,"column":28}},"loc":{"start":{"line":17,"column":33},"end":{"line":19,"column":19}},"line":17},"2":{"name":"(anonymous_2)","decl":{"start":{"line":45,"column":23},"end":{"line":45,"column":24}},"loc":{"start":{"line":45,"column":29},"end":{"line":47,"column":15}},"line":45}},"branchMap":{"0":{"loc":{"start":{"line":21,"column":20},"end":{"line":23,"column":37}},"type":"cond-expr","locations":[{"start":{"line":22,"column":24},"end":{"line":22,"column":47}},{"start":{"line":23,"column":24},"end":{"line":23,"column":37}}],"line":21},"1":{"loc":{"start":{"line":49,"column":16},"end":{"line":49,"column":80}},"type":"cond-expr","locations":[{"start":{"line":49,"column":41},"end":{"line":49,"column":64}},{"start":{"line":49,"column":67},"end":{"line":49,"column":80}}],"line":49}},"s":{"0":0,"1":0,"2":0,"3":0,"4":0},"f":{"0":0,"1":0,"2":0},"b":{"0":[0,0],"1":[0,0]},"hash":"791e15d629600952db23a0b29797c34601eea696"}
,"/Users/w3bh4ck/Desktop/Softcom/databeaver-form-builder/src/containers/forms-module/Page-switcher.container.jsx": {"path":"/Users/w3bh4ck/Desktop/Softcom/databeaver-form-builder/src/containers/forms-module/Page-switcher.container.jsx","statementMap":{"0":{"start":{"line":13,"column":21},"end":{"line":69,"column":1}},"1":{"start":{"line":25,"column":6},"end":{"line":25,"column":11}},"2":{"start":{"line":26,"column":2},"end":{"line":68,"column":3}},"3":{"start":{"line":29,"column":8},"end":{"line":53,"column":9}},"4":{"start":{"line":32,"column":14},"end":{"line":32,"column":30}},"5":{"start":{"line":46,"column":18},"end":{"line":46,"column":48}},"6":{"start":{"line":59,"column":12},"end":{"line":59,"column":39}},"7":{"start":{"line":71,"column":24},"end":{"line":77,"column":2}},"8":{"start":{"line":71,"column":36},"end":{"line":77,"column":1}}},"fnMap":{"0":{"name":"(anonymous_0)","decl":{"start":{"line":13,"column":21},"end":{"line":13,"column":22}},"loc":{"start":{"line":13,"column":32},"end":{"line":69,"column":1}},"line":13},"1":{"name":"(anonymous_1)","decl":{"start":{"line":28,"column":20},"end":{"line":28,"column":21}},"loc":{"start":{"line":28,"column":33},"end":{"line":54,"column":7}},"line":28},"2":{"name":"(anonymous_2)","decl":{"start":{"line":31,"column":21},"end":{"line":31,"column":22}},"loc":{"start":{"line":31,"column":27},"end":{"line":33,"column":13}},"line":31},"3":{"name":"(anonymous_3)","decl":{"start":{"line":45,"column":25},"end":{"line":45,"column":26}},"loc":{"start":{"line":45,"column":31},"end":{"line":47,"column":17}},"line":45},"4":{"name":"(anonymous_4)","decl":{"start":{"line":58,"column":19},"end":{"line":58,"column":20}},"loc":{"start":{"line":58,"column":26},"end":{"line":60,"column":11}},"line":58},"5":{"name":"(anonymous_5)","decl":{"start":{"line":71,"column":24},"end":{"line":71,"column":25}},"loc":{"start":{"line":71,"column":36},"end":{"line":77,"column":1}},"line":71}},"branchMap":{"0":{"loc":{"start":{"line":36,"column":14},"end":{"line":38,"column":33}},"type":"cond-expr","locations":[{"start":{"line":37,"column":18},"end":{"line":37,"column":43}},{"start":{"line":38,"column":18},"end":{"line":38,"column":33}}],"line":36}},"s":{"0":2,"1":1,"2":1,"3":1,"4":0,"5":0,"6":0,"7":2,"8":1},"f":{"0":1,"1":1,"2":0,"3":0,"4":0,"5":1},"b":{"0":[1,0]},"_coverageSchema":"43e27e138ebf9cfc5966b082cf9a028302ed4184","hash":"131eb2f293ee0ba0458d56a9239d6eed54f4f6fc"}
,"/Users/w3bh4ck/Desktop/Softcom/databeaver-form-builder/src/containers/forms-module/Preview-form.container.jsx": {"path":"/Users/w3bh4ck/Desktop/Softcom/databeaver-form-builder/src/containers/forms-module/Preview-form.container.jsx","statementMap":{"0":{"start":{"line":27,"column":20},"end":{"line":308,"column":1}},"1":{"start":{"line":28,"column":42},"end":{"line":28,"column":47}},"2":{"start":{"line":29,"column":26},"end":{"line":29,"column":45}},"3":{"start":{"line":30,"column":42},"end":{"line":30,"column":54}},"4":{"start":{"line":32,"column":2},"end":{"line":43,"column":19}},"5":{"start":{"line":33,"column":27},"end":{"line":33,"column":29}},"6":{"start":{"line":34,"column":19},"end":{"line":34,"column":21}},"7":{"start":{"line":35,"column":4},"end":{"line":35,"column":56}},"8":{"start":{"line":35,"column":27},"end":{"line":35,"column":55}},"9":{"start":{"line":36,"column":23},"end":{"line":36,"column":38}},"10":{"start":{"line":37,"column":4},"end":{"line":41,"column":6}},"11":{"start":{"line":38,"column":6},"end":{"line":40,"column":7}},"12":{"start":{"line":39,"column":8},"end":{"line":39,"column":45}},"13":{"start":{"line":42,"column":4},"end":{"line":42,"column":37}},"14":{"start":{"line":45,"column":24},"end":{"line":213,"column":3}},"15":{"start":{"line":46,"column":4},"end":{"line":212,"column":5}},"16":{"start":{"line":47,"column":6},"end":{"line":209,"column":8}},"17":{"start":{"line":48,"column":8},"end":{"line":55,"column":9}},"18":{"start":{"line":49,"column":10},"end":{"line":54,"column":11}},"19":{"start":{"line":56,"column":8},"end":{"line":63,"column":9}},"20":{"start":{"line":57,"column":10},"end":{"line":62,"column":11}},"21":{"start":{"line":64,"column":8},"end":{"line":71,"column":9}},"22":{"start":{"line":65,"column":10},"end":{"line":70,"column":11}},"23":{"start":{"line":72,"column":8},"end":{"line":79,"column":9}},"24":{"start":{"line":73,"column":10},"end":{"line":78,"column":11}},"25":{"start":{"line":80,"column":8},"end":{"line":87,"column":9}},"26":{"start":{"line":81,"column":10},"end":{"line":86,"column":11}},"27":{"start":{"line":88,"column":8},"end":{"line":95,"column":9}},"28":{"start":{"line":89,"column":10},"end":{"line":94,"column":11}},"29":{"start":{"line":96,"column":8},"end":{"line":103,"column":9}},"30":{"start":{"line":97,"column":10},"end":{"line":102,"column":11}},"31":{"start":{"line":104,"column":8},"end":{"line":111,"column":9}},"32":{"start":{"line":105,"column":10},"end":{"line":110,"column":11}},"33":{"start":{"line":112,"column":8},"end":{"line":119,"column":9}},"34":{"start":{"line":113,"column":10},"end":{"line":118,"column":11}},"35":{"start":{"line":120,"column":8},"end":{"line":127,"column":9}},"36":{"start":{"line":121,"column":10},"end":{"line":126,"column":11}},"37":{"start":{"line":128,"column":8},"end":{"line":135,"column":9}},"38":{"start":{"line":129,"column":10},"end":{"line":134,"column":11}},"39":{"start":{"line":136,"column":8},"end":{"line":143,"column":9}},"40":{"start":{"line":137,"column":10},"end":{"line":142,"column":11}},"41":{"start":{"line":144,"column":8},"end":{"line":151,"column":9}},"42":{"start":{"line":145,"column":10},"end":{"line":150,"column":11}},"43":{"start":{"line":153,"column":8},"end":{"line":160,"column":9}},"44":{"start":{"line":154,"column":10},"end":{"line":159,"column":11}},"45":{"start":{"line":161,"column":8},"end":{"line":168,"column":9}},"46":{"start":{"line":162,"column":10},"end":{"line":167,"column":11}},"47":{"start":{"line":169,"column":8},"end":{"line":176,"column":9}},"48":{"start":{"line":170,"column":10},"end":{"line":175,"column":11}},"49":{"start":{"line":177,"column":8},"end":{"line":184,"column":9}},"50":{"start":{"line":178,"column":10},"end":{"line":183,"column":11}},"51":{"start":{"line":185,"column":8},"end":{"line":192,"column":9}},"52":{"start":{"line":186,"column":10},"end":{"line":191,"column":11}},"53":{"start":{"line":193,"column":8},"end":{"line":200,"column":9}},"54":{"start":{"line":194,"column":10},"end":{"line":199,"column":11}},"55":{"start":{"line":201,"column":8},"end":{"line":208,"column":9}},"56":{"start":{"line":202,"column":10},"end":{"line":207,"column":11}},"57":{"start":{"line":211,"column":6},"end":{"line":211,"column":17}},"58":{"start":{"line":215,"column":2},"end":{"line":307,"column":3}},"59":{"start":{"line":237,"column":36},"end":{"line":237,"column":53}},"60":{"start":{"line":247,"column":36},"end":{"line":247,"column":53}},"61":{"start":{"line":254,"column":36},"end":{"line":254,"column":54}},"62":{"start":{"line":310,"column":24},"end":{"line":316,"column":2}},"63":{"start":{"line":310,"column":36},"end":{"line":316,"column":1}}},"fnMap":{"0":{"name":"(anonymous_0)","decl":{"start":{"line":27,"column":20},"end":{"line":27,"column":21}},"loc":{"start":{"line":27,"column":31},"end":{"line":308,"column":1}},"line":27},"1":{"name":"(anonymous_1)","decl":{"start":{"line":32,"column":12},"end":{"line":32,"column":13}},"loc":{"start":{"line":32,"column":18},"end":{"line":43,"column":3}},"line":32},"2":{"name":"(anonymous_2)","decl":{"start":{"line":35,"column":17},"end":{"line":35,"column":18}},"loc":{"start":{"line":35,"column":27},"end":{"line":35,"column":55}},"line":35},"3":{"name":"(anonymous_3)","decl":{"start":{"line":37,"column":21},"end":{"line":37,"column":22}},"loc":{"start":{"line":37,"column":31},"end":{"line":41,"column":5}},"line":37},"4":{"name":"(anonymous_4)","decl":{"start":{"line":45,"column":24},"end":{"line":45,"column":25}},"loc":{"start":{"line":45,"column":30},"end":{"line":213,"column":3}},"line":45},"5":{"name":"(anonymous_5)","decl":{"start":{"line":47,"column":29},"end":{"line":47,"column":30}},"loc":{"start":{"line":47,"column":45},"end":{"line":209,"column":7}},"line":47},"6":{"name":"(anonymous_6)","decl":{"start":{"line":237,"column":30},"end":{"line":237,"column":31}},"loc":{"start":{"line":237,"column":36},"end":{"line":237,"column":53}},"line":237},"7":{"name":"(anonymous_7)","decl":{"start":{"line":247,"column":30},"end":{"line":247,"column":31}},"loc":{"start":{"line":247,"column":36},"end":{"line":247,"column":53}},"line":247},"8":{"name":"(anonymous_8)","decl":{"start":{"line":254,"column":30},"end":{"line":254,"column":31}},"loc":{"start":{"line":254,"column":36},"end":{"line":254,"column":54}},"line":254},"9":{"name":"(anonymous_9)","decl":{"start":{"line":310,"column":24},"end":{"line":310,"column":25}},"loc":{"start":{"line":310,"column":36},"end":{"line":316,"column":1}},"line":310}},"branchMap":{"0":{"loc":{"start":{"line":38,"column":6},"end":{"line":40,"column":7}},"type":"if","locations":[{"start":{"line":38,"column":6},"end":{"line":40,"column":7}},{"start":{"line":38,"column":6},"end":{"line":40,"column":7}}],"line":38},"1":{"loc":{"start":{"line":46,"column":4},"end":{"line":212,"column":5}},"type":"if","locations":[{"start":{"line":46,"column":4},"end":{"line":212,"column":5}},{"start":{"line":46,"column":4},"end":{"line":212,"column":5}}],"line":46},"2":{"loc":{"start":{"line":48,"column":8},"end":{"line":55,"column":9}},"type":"if","locations":[{"start":{"line":48,"column":8},"end":{"line":55,"column":9}},{"start":{"line":48,"column":8},"end":{"line":55,"column":9}}],"line":48},"3":{"loc":{"start":{"line":48,"column":12},"end":{"line":48,"column":51}},"type":"binary-expr","locations":[{"start":{"line":48,"column":12},"end":{"line":48,"column":19}},{"start":{"line":48,"column":23},"end":{"line":48,"column":51}}],"line":48},"4":{"loc":{"start":{"line":56,"column":8},"end":{"line":63,"column":9}},"type":"if","locations":[{"start":{"line":56,"column":8},"end":{"line":63,"column":9}},{"start":{"line":56,"column":8},"end":{"line":63,"column":9}}],"line":56},"5":{"loc":{"start":{"line":56,"column":12},"end":{"line":56,"column":49}},"type":"binary-expr","locations":[{"start":{"line":56,"column":12},"end":{"line":56,"column":19}},{"start":{"line":56,"column":23},"end":{"line":56,"column":49}}],"line":56},"6":{"loc":{"start":{"line":64,"column":8},"end":{"line":71,"column":9}},"type":"if","locations":[{"start":{"line":64,"column":8},"end":{"line":71,"column":9}},{"start":{"line":64,"column":8},"end":{"line":71,"column":9}}],"line":64},"7":{"loc":{"start":{"line":64,"column":12},"end":{"line":64,"column":51}},"type":"binary-expr","locations":[{"start":{"line":64,"column":12},"end":{"line":64,"column":19}},{"start":{"line":64,"column":23},"end":{"line":64,"column":51}}],"line":64},"8":{"loc":{"start":{"line":72,"column":8},"end":{"line":79,"column":9}},"type":"if","locations":[{"start":{"line":72,"column":8},"end":{"line":79,"column":9}},{"start":{"line":72,"column":8},"end":{"line":79,"column":9}}],"line":72},"9":{"loc":{"start":{"line":72,"column":12},"end":{"line":72,"column":51}},"type":"binary-expr","locations":[{"start":{"line":72,"column":12},"end":{"line":72,"column":19}},{"start":{"line":72,"column":23},"end":{"line":72,"column":51}}],"line":72},"10":{"loc":{"start":{"line":80,"column":8},"end":{"line":87,"column":9}},"type":"if","locations":[{"start":{"line":80,"column":8},"end":{"line":87,"column":9}},{"start":{"line":80,"column":8},"end":{"line":87,"column":9}}],"line":80},"11":{"loc":{"start":{"line":80,"column":12},"end":{"line":80,"column":54}},"type":"binary-expr","locations":[{"start":{"line":80,"column":12},"end":{"line":80,"column":19}},{"start":{"line":80,"column":23},"end":{"line":80,"column":54}}],"line":80},"12":{"loc":{"start":{"line":88,"column":8},"end":{"line":95,"column":9}},"type":"if","locations":[{"start":{"line":88,"column":8},"end":{"line":95,"column":9}},{"start":{"line":88,"column":8},"end":{"line":95,"column":9}}],"line":88},"13":{"loc":{"start":{"line":88,"column":12},"end":{"line":88,"column":47}},"type":"binary-expr","locations":[{"start":{"line":88,"column":12},"end":{"line":88,"column":19}},{"start":{"line":88,"column":23},"end":{"line":88,"column":47}}],"line":88},"14":{"loc":{"start":{"line":96,"column":8},"end":{"line":103,"column":9}},"type":"if","locations":[{"start":{"line":96,"column":8},"end":{"line":103,"column":9}},{"start":{"line":96,"column":8},"end":{"line":103,"column":9}}],"line":96},"15":{"loc":{"start":{"line":96,"column":12},"end":{"line":96,"column":53}},"type":"binary-expr","locations":[{"start":{"line":96,"column":12},"end":{"line":96,"column":19}},{"start":{"line":96,"column":23},"end":{"line":96,"column":53}}],"line":96},"16":{"loc":{"start":{"line":104,"column":8},"end":{"line":111,"column":9}},"type":"if","locations":[{"start":{"line":104,"column":8},"end":{"line":111,"column":9}},{"start":{"line":104,"column":8},"end":{"line":111,"column":9}}],"line":104},"17":{"loc":{"start":{"line":104,"column":12},"end":{"line":104,"column":46}},"type":"binary-expr","locations":[{"start":{"line":104,"column":12},"end":{"line":104,"column":19}},{"start":{"line":104,"column":23},"end":{"line":104,"column":46}}],"line":104},"18":{"loc":{"start":{"line":112,"column":8},"end":{"line":119,"column":9}},"type":"if","locations":[{"start":{"line":112,"column":8},"end":{"line":119,"column":9}},{"start":{"line":112,"column":8},"end":{"line":119,"column":9}}],"line":112},"19":{"loc":{"start":{"line":112,"column":12},"end":{"line":112,"column":46}},"type":"binary-expr","locations":[{"start":{"line":112,"column":12},"end":{"line":112,"column":19}},{"start":{"line":112,"column":23},"end":{"line":112,"column":46}}],"line":112},"20":{"loc":{"start":{"line":120,"column":8},"end":{"line":127,"column":9}},"type":"if","locations":[{"start":{"line":120,"column":8},"end":{"line":127,"column":9}},{"start":{"line":120,"column":8},"end":{"line":127,"column":9}}],"line":120},"21":{"loc":{"start":{"line":120,"column":12},"end":{"line":120,"column":48}},"type":"binary-expr","locations":[{"start":{"line":120,"column":12},"end":{"line":120,"column":19}},{"start":{"line":120,"column":23},"end":{"line":120,"column":48}}],"line":120},"22":{"loc":{"start":{"line":128,"column":8},"end":{"line":135,"column":9}},"type":"if","locations":[{"start":{"line":128,"column":8},"end":{"line":135,"column":9}},{"start":{"line":128,"column":8},"end":{"line":135,"column":9}}],"line":128},"23":{"loc":{"start":{"line":128,"column":12},"end":{"line":128,"column":53}},"type":"binary-expr","locations":[{"start":{"line":128,"column":12},"end":{"line":128,"column":19}},{"start":{"line":128,"column":23},"end":{"line":128,"column":53}}],"line":128},"24":{"loc":{"start":{"line":136,"column":8},"end":{"line":143,"column":9}},"type":"if","locations":[{"start":{"line":136,"column":8},"end":{"line":143,"column":9}},{"start":{"line":136,"column":8},"end":{"line":143,"column":9}}],"line":136},"25":{"loc":{"start":{"line":136,"column":12},"end":{"line":136,"column":48}},"type":"binary-expr","locations":[{"start":{"line":136,"column":12},"end":{"line":136,"column":19}},{"start":{"line":136,"column":23},"end":{"line":136,"column":48}}],"line":136},"26":{"loc":{"start":{"line":144,"column":8},"end":{"line":151,"column":9}},"type":"if","locations":[{"start":{"line":144,"column":8},"end":{"line":151,"column":9}},{"start":{"line":144,"column":8},"end":{"line":151,"column":9}}],"line":144},"27":{"loc":{"start":{"line":144,"column":12},"end":{"line":144,"column":53}},"type":"binary-expr","locations":[{"start":{"line":144,"column":12},"end":{"line":144,"column":19}},{"start":{"line":144,"column":23},"end":{"line":144,"column":53}}],"line":144},"28":{"loc":{"start":{"line":153,"column":8},"end":{"line":160,"column":9}},"type":"if","locations":[{"start":{"line":153,"column":8},"end":{"line":160,"column":9}},{"start":{"line":153,"column":8},"end":{"line":160,"column":9}}],"line":153},"29":{"loc":{"start":{"line":153,"column":12},"end":{"line":153,"column":53}},"type":"binary-expr","locations":[{"start":{"line":153,"column":12},"end":{"line":153,"column":19}},{"start":{"line":153,"column":23},"end":{"line":153,"column":53}}],"line":153},"30":{"loc":{"start":{"line":161,"column":8},"end":{"line":168,"column":9}},"type":"if","locations":[{"start":{"line":161,"column":8},"end":{"line":168,"column":9}},{"start":{"line":161,"column":8},"end":{"line":168,"column":9}}],"line":161},"31":{"loc":{"start":{"line":161,"column":12},"end":{"line":161,"column":54}},"type":"binary-expr","locations":[{"start":{"line":161,"column":12},"end":{"line":161,"column":19}},{"start":{"line":161,"column":23},"end":{"line":161,"column":54}}],"line":161},"32":{"loc":{"start":{"line":169,"column":8},"end":{"line":176,"column":9}},"type":"if","locations":[{"start":{"line":169,"column":8},"end":{"line":176,"column":9}},{"start":{"line":169,"column":8},"end":{"line":176,"column":9}}],"line":169},"33":{"loc":{"start":{"line":169,"column":12},"end":{"line":169,"column":53}},"type":"binary-expr","locations":[{"start":{"line":169,"column":12},"end":{"line":169,"column":19}},{"start":{"line":169,"column":23},"end":{"line":169,"column":53}}],"line":169},"34":{"loc":{"start":{"line":177,"column":8},"end":{"line":184,"column":9}},"type":"if","locations":[{"start":{"line":177,"column":8},"end":{"line":184,"column":9}},{"start":{"line":177,"column":8},"end":{"line":184,"column":9}}],"line":177},"35":{"loc":{"start":{"line":177,"column":12},"end":{"line":177,"column":49}},"type":"binary-expr","locations":[{"start":{"line":177,"column":12},"end":{"line":177,"column":19}},{"start":{"line":177,"column":23},"end":{"line":177,"column":49}}],"line":177},"36":{"loc":{"start":{"line":185,"column":8},"end":{"line":192,"column":9}},"type":"if","locations":[{"start":{"line":185,"column":8},"end":{"line":192,"column":9}},{"start":{"line":185,"column":8},"end":{"line":192,"column":9}}],"line":185},"37":{"loc":{"start":{"line":185,"column":12},"end":{"line":185,"column":52}},"type":"binary-expr","locations":[{"start":{"line":185,"column":12},"end":{"line":185,"column":19}},{"start":{"line":185,"column":23},"end":{"line":185,"column":52}}],"line":185},"38":{"loc":{"start":{"line":193,"column":8},"end":{"line":200,"column":9}},"type":"if","locations":[{"start":{"line":193,"column":8},"end":{"line":200,"column":9}},{"start":{"line":193,"column":8},"end":{"line":200,"column":9}}],"line":193},"39":{"loc":{"start":{"line":193,"column":12},"end":{"line":193,"column":47}},"type":"binary-expr","locations":[{"start":{"line":193,"column":12},"end":{"line":193,"column":19}},{"start":{"line":193,"column":23},"end":{"line":193,"column":47}}],"line":193},"40":{"loc":{"start":{"line":201,"column":8},"end":{"line":208,"column":9}},"type":"if","locations":[{"start":{"line":201,"column":8},"end":{"line":208,"column":9}},{"start":{"line":201,"column":8},"end":{"line":208,"column":9}}],"line":201},"41":{"loc":{"start":{"line":201,"column":12},"end":{"line":201,"column":51}},"type":"binary-expr","locations":[{"start":{"line":201,"column":12},"end":{"line":201,"column":19}},{"start":{"line":201,"column":23},"end":{"line":201,"column":51}}],"line":201},"42":{"loc":{"start":{"line":227,"column":14},"end":{"line":227,"column":79}},"type":"cond-expr","locations":[{"start":{"line":227,"column":34},"end":{"line":227,"column":56}},{"start":{"line":227,"column":59},"end":{"line":227,"column":79}}],"line":227},"43":{"loc":{"start":{"line":235,"column":29},"end":{"line":235,"column":65}},"type":"cond-expr","locations":[{"start":{"line":235,"column":49},"end":{"line":235,"column":60}},{"start":{"line":235,"column":63},"end":{"line":235,"column":65}}],"line":235},"44":{"loc":{"start":{"line":245,"column":29},"end":{"line":245,"column":65}},"type":"cond-expr","locations":[{"start":{"line":245,"column":49},"end":{"line":245,"column":60}},{"start":{"line":245,"column":63},"end":{"line":245,"column":65}}],"line":245},"45":{"loc":{"start":{"line":255,"column":36},"end":{"line":255,"column":73}},"type":"cond-expr","locations":[{"start":{"line":255,"column":57},"end":{"line":255,"column":68}},{"start":{"line":255,"column":71},"end":{"line":255,"column":73}}],"line":255},"46":{"loc":{"start":{"line":263,"column":17},"end":{"line":269,"column":17}},"type":"binary-expr","locations":[{"start":{"line":263,"column":17},"end":{"line":263,"column":35}},{"start":{"line":264,"column":18},"end":{"line":268,"column":23}}],"line":263},"47":{"loc":{"start":{"line":270,"column":17},"end":{"line":276,"column":17}},"type":"binary-expr","locations":[{"start":{"line":270,"column":17},"end":{"line":270,"column":34}},{"start":{"line":271,"column":18},"end":{"line":275,"column":23}}],"line":270},"48":{"loc":{"start":{"line":278,"column":15},"end":{"line":301,"column":15}},"type":"binary-expr","locations":[{"start":{"line":278,"column":15},"end":{"line":278,"column":32}},{"start":{"line":279,"column":16},"end":{"line":300,"column":22}}],"line":278}},"s":{"0":0,"1":0,"2":0,"3":0,"4":0,"5":0,"6":0,"7":0,"8":0,"9":0,"10":0,"11":0,"12":0,"13":0,"14":0,"15":0,"16":0,"17":0,"18":0,"19":0,"20":0,"21":0,"22":0,"23":0,"24":0,"25":0,"26":0,"27":0,"28":0,"29":0,"30":0,"31":0,"32":0,"33":0,"34":0,"35":0,"36":0,"37":0,"38":0,"39":0,"40":0,"41":0,"42":0,"43":0,"44":0,"45":0,"46":0,"47":0,"48":0,"49":0,"50":0,"51":0,"52":0,"53":0,"54":0,"55":0,"56":0,"57":0,"58":0,"59":0,"60":0,"61":0,"62":0,"63":0},"f":{"0":0,"1":0,"2":0,"3":0,"4":0,"5":0,"6":0,"7":0,"8":0,"9":0},"b":{"0":[0,0],"1":[0,0],"2":[0,0],"3":[0,0],"4":[0,0],"5":[0,0],"6":[0,0],"7":[0,0],"8":[0,0],"9":[0,0],"10":[0,0],"11":[0,0],"12":[0,0],"13":[0,0],"14":[0,0],"15":[0,0],"16":[0,0],"17":[0,0],"18":[0,0],"19":[0,0],"20":[0,0],"21":[0,0],"22":[0,0],"23":[0,0],"24":[0,0],"25":[0,0],"26":[0,0],"27":[0,0],"28":[0,0],"29":[0,0],"30":[0,0],"31":[0,0],"32":[0,0],"33":[0,0],"34":[0,0],"35":[0,0],"36":[0,0],"37":[0,0],"38":[0,0],"39":[0,0],"40":[0,0],"41":[0,0],"42":[0,0],"43":[0,0],"44":[0,0],"45":[0,0],"46":[0,0],"47":[0,0],"48":[0,0]},"hash":"4703336bfe0549b5f07d21920b51a9c2087b5f7d"}
,"/Users/w3bh4ck/Desktop/Softcom/databeaver-form-builder/src/containers/forms-module/Rename-form.container.jsx": {"path":"/Users/w3bh4ck/Desktop/Softcom/databeaver-form-builder/src/containers/forms-module/Rename-form.container.jsx","statementMap":{"0":{"start":{"line":9,"column":19},"end":{"line":68,"column":1}},"1":{"start":{"line":17,"column":6},"end":{"line":17,"column":11}},"2":{"start":{"line":18,"column":40},"end":{"line":18,"column":52}},"3":{"start":{"line":20,"column":25},"end":{"line":24,"column":3}},"4":{"start":{"line":21,"column":4},"end":{"line":23,"column":6}},"5":{"start":{"line":26,"column":2},"end":{"line":67,"column":3}},"6":{"start":{"line":34,"column":14},"end":{"line":34,"column":44}},"7":{"start":{"line":35,"column":14},"end":{"line":35,"column":46}},"8":{"start":{"line":52,"column":12},"end":{"line":52,"column":28}},"9":{"start":{"line":70,"column":24},"end":{"line":74,"column":2}},"10":{"start":{"line":70,"column":36},"end":{"line":74,"column":1}}},"fnMap":{"0":{"name":"(anonymous_0)","decl":{"start":{"line":9,"column":19},"end":{"line":9,"column":20}},"loc":{"start":{"line":9,"column":30},"end":{"line":68,"column":1}},"line":9},"1":{"name":"(anonymous_1)","decl":{"start":{"line":20,"column":25},"end":{"line":20,"column":26}},"loc":{"start":{"line":20,"column":31},"end":{"line":24,"column":3}},"line":20},"2":{"name":"(anonymous_2)","decl":{"start":{"line":21,"column":48},"end":{"line":21,"column":49}},"loc":{"start":{"line":21,"column":54},"end":{"line":23,"column":5}},"line":21},"3":{"name":"(anonymous_3)","decl":{"start":{"line":33,"column":22},"end":{"line":33,"column":23}},"loc":{"start":{"line":33,"column":29},"end":{"line":36,"column":13}},"line":33},"4":{"name":"(anonymous_4)","decl":{"start":{"line":47,"column":19},"end":{"line":47,"column":20}},"loc":{"start":{"line":47,"column":25},"end":{"line":53,"column":11}},"line":47},"5":{"name":"(anonymous_5)","decl":{"start":{"line":70,"column":24},"end":{"line":70,"column":25}},"loc":{"start":{"line":70,"column":36},"end":{"line":74,"column":1}},"line":70}},"branchMap":{},"s":{"0":0,"1":0,"2":0,"3":0,"4":0,"5":0,"6":0,"7":0,"8":0,"9":0,"10":0},"f":{"0":0,"1":0,"2":0,"3":0,"4":0,"5":0},"b":{},"hash":"928c18e0b18b5730c98d4e20be0be8031ef71c44"}
[...]
olumn":57}},"11":{"start":{"line":24,"column":4},"end":{"line":33,"column":5}},"12":{"start":{"line":25,"column":23},"end":{"line":27,"column":6}},"13":{"start":{"line":26,"column":37},"end":{"line":26,"column":63}},"14":{"start":{"line":28,"column":5},"end":{"line":28,"column":35}},"15":{"start":{"line":30,"column":5},"end":{"line":32,"column":6}},"16":{"start":{"line":31,"column":6},"end":{"line":31,"column":41}}},"fnMap":{"0":{"name":"(anonymous_0)","decl":{"start":{"line":8,"column":29},"end":{"line":8,"column":30}},"loc":{"start":{"line":8,"column":89},"end":{"line":40,"column":1}},"line":8},"1":{"name":"(anonymous_1)","decl":{"start":{"line":12,"column":8},"end":{"line":12,"column":9}},"loc":{"start":{"line":12,"column":22},"end":{"line":35,"column":3}},"line":12},"2":{"name":"(anonymous_2)","decl":{"start":{"line":16,"column":26},"end":{"line":16,"column":27}},"loc":{"start":{"line":16,"column":35},"end":{"line":20,"column":5}},"line":16},"3":{"name":"(anonymous_3)","decl":{"start":{"line":26,"column":6},"end":{"line":26,"column":7}},"loc":{"start":{"line":26,"column":37},"end":{"line":26,"column":63}},"line":26},"4":{"name":"(anonymous_4)","decl":{"start":{"line":36,"column":9},"end":{"line":36,"column":10}},"loc":{"start":{"line":36,"column":18},"end":{"line":39,"column":3}},"line":36}},"branchMap":{"0":{"loc":{"start":{"line":13,"column":3},"end":{"line":34,"column":4}},"type":"if","locations":[{"start":{"line":13,"column":3},"end":{"line":34,"column":4}},{"start":{"line":13,"column":3},"end":{"line":34,"column":4}}],"line":13},"1":{"loc":{"start":{"line":17,"column":5},"end":{"line":19,"column":6}},"type":"if","locations":[{"start":{"line":17,"column":5},"end":{"line":19,"column":6}},{"start":{"line":17,"column":5},"end":{"line":19,"column":6}}],"line":17},"2":{"loc":{"start":{"line":24,"column":4},"end":{"line":33,"column":5}},"type":"if","locations":[{"start":{"line":24,"column":4},"end":{"line":33,"column":5}},{"start":{"line":24,"column":4},"end":{"line":33,"column":5}}],"line":24},"3":{"loc":{"start":{"line":30,"column":5},"end":{"line":32,"column":6}},"type":"if","locations":[{"start":{"line":30,"column":5},"end":{"line":32,"column":6}},{"start":{"line":30,"column":5},"end":{"line":32,"column":6}}],"line":30}},"s":{"0":0,"1":0,"2":0,"3":0,"4":0,"5":0,"6":0,"7":0,"8":0,"9":0,"10":0,"11":0,"12":0,"13":0,"14":0,"15":0,"16":0},"f":{"0":0,"1":0,"2":0,"3":0,"4":0},"b":{"0":[0,0],"1":[0,0],"2":[0,0],"3":[0,0]},"hash":"963b6f62f731a35d3a1b0b8eeb730c7f3e46936d"}
,"/Users/w3bh4ck/Desktop/Softcom/databeaver-form-builder/src/utils/client.utils.js": {"path":"/Users/w3bh4ck/Desktop/Softcom/databeaver-form-builder/src/utils/client.utils.js","statementMap":{"0":{"start":{"line":10,"column":29},"end":{"line":86,"column":1}},"1":{"start":{"line":11,"column":19},"end":{"line":11,"column":31}},"2":{"start":{"line":12,"column":17},"end":{"line":12,"column":34}},"3":{"start":{"line":13,"column":18},"end":{"line":13,"column":20}},"4":{"start":{"line":14,"column":19},"end":{"line":14,"column":21}},"5":{"start":{"line":15,"column":21},"end":{"line":15,"column":23}},"6":{"start":{"line":16,"column":27},"end":{"line":16,"column":29}},"7":{"start":{"line":17,"column":17},"end":{"line":17,"column":19}},"8":{"start":{"line":18,"column":14},"end":{"line":18,"column":16}},"9":{"start":{"line":20,"column":21},"end":{"line":20,"column":25}},"10":{"start":{"line":22,"column":1},"end":{"line":73,"column":4}},"11":{"start":{"line":23,"column":2},"end":{"line":72,"column":3}},"12":{"start":{"line":24,"column":3},"end":{"line":32,"column":4}},"13":{"start":{"line":25,"column":4},"end":{"line":25,"column":23}},"14":{"start":{"line":26,"column":4},"end":{"line":26,"column":32}},"15":{"start":{"line":27,"column":4},"end":{"line":27,"column":41}},"16":{"start":{"line":28,"column":4},"end":{"line":28,"column":51}},"17":{"start":{"line":29,"column":4},"end":{"line":29,"column":41}},"18":{"start":{"line":30,"column":4},"end":{"line":30,"column":35}},"19":{"start":{"line":33,"column":3},"end":{"line":46,"column":6}},"20":{"start":{"line":34,"column":4},"end":{"line":45,"column":5}},"21":{"start":{"line":35,"column":5},"end":{"line":35,"column":75}},"22":{"start":{"line":36,"column":5},"end":{"line":44,"column":6}},"23":{"start":{"line":37,"column":6},"end":{"line":41,"column":7}},"24":{"start":{"line":38,"column":7},"end":{"line":38,"column":28}},"25":{"start":{"line":39,"column":13},"end":{"line":41,"column":7}},"26":{"start":{"line":40,"column":7},"end":{"line":40,"column":29}},"27":{"start":{"line":43,"column":6},"end":{"line":43,"column":28}},"28":{"start":{"line":48,"column":3},"end":{"line":71,"column":6}},"29":{"start":{"line":49,"column":4},"end":{"line":56,"column":5}},"30":{"start":{"line":50,"column":5},"end":{"line":50,"column":24}},"31":{"start":{"line":51,"column":5},"end":{"line":51,"column":33}},"32":{"start":{"line":52,"column":5},"end":{"line":52,"column":33}},"33":{"start":{"line":53,"column":5},"end":{"line":53,"column":43}},"34":{"start":{"line":54,"column":5},"end":{"line":54,"column":33}},"35":{"start":{"line":55,"column":5},"end":{"line":55,"column":27}},"36":{"start":{"line":57,"column":4},"end":{"line":70,"column":7}},"37":{"start":{"line":58,"column":5},"end":{"line":69,"column":6}},"38":{"start":{"line":59,"column":6},"end":{"line":59,"column":76}},"39":{"start":{"line":60,"column":6},"end":{"line":68,"column":7}},"40":{"start":{"line":61,"column":7},"end":{"line":65,"column":8}},"41":{"start":{"line":62,"column":8},"end":{"line":62,"column":29}},"42":{"start":{"line":63,"column":14},"end":{"line":65,"column":8}},"43":{"start":{"line":64,"column":8},"end":{"line":64,"column":30}},"44":{"start":{"line":67,"column":7},"end":{"line":67,"column":29}},"45":{"start":{"line":76,"column":1},"end":{"line":85,"column":2}},"46":{"start":{"line":81,"column":2},"end":{"line":81,"column":46}},"47":{"start":{"line":82,"column":2},"end":{"line":82,"column":15}},"48":{"start":{"line":84,"column":2},"end":{"line":84,"column":14}}},"fnMap":{"0":{"name":"(anonymous_0)","decl":{"start":{"line":10,"column":29},"end":{"line":10,"column":30}},"loc":{"start":{"line":10,"column":86},"end":{"line":86,"column":1}},"line":10},"1":{"name":"(anonymous_1)","decl":{"start":{"line":22,"column":15},"end":{"line":22,"column":16}},"loc":{"start":{"line":22,"column":28},"end":{"line":73,"column":2}},"line":22},"2":{"name":"(anonymous_2)","decl":{"start":{"line":33,"column":19},"end":{"line":33,"column":20}},"loc":{"start":{"line":33,"column":35},"end":{"line":46,"column":4}},"line":33},"3":{"name":"(anonymous_3)","decl":{"start":{"line":48,"column":19},"end":{"line":48,"column":20}},"loc":{"start":{"line":48,"column":33},"end":{"line":71,"column":4}},"line":48},"4":{"name":"(anonymous_4)","decl":{"start":{"line":57,"column":20},"end":{"line":57,"column":21}},"loc":{"start":{"line":57,"column":36},"end":{"line":70,"column":5}},"line":57}},"branchMap":{"0":{"loc":{"start":{"line":23,"column":2},"end":{"line":72,"column":3}},"type":"if","locations":[{"start":{"line":23,"column":2},"end":{"line":72,"column":3}},{"start":{"line":23,"column":2},"end":{"line":72,"column":3}}],"line":23},"1":{"loc":{"start":{"line":24,"column":3},"end":{"line":32,"column":4}},"type":"if","locations":[{"start":{"line":24,"column":3},"end":{"line":32,"column":4}},{"start":{"line":24,"column":3},"end":{"line":32,"column":4}}],"line":24},"2":{"loc":{"start":{"line":34,"column":4},"end":{"line":45,"column":5}},"type":"if","locations":[{"start":{"line":34,"column":4},"end":{"line":45,"column":5}},{"start":{"line":34,"column":4},"end":{"line":45,"column":5}}],"line":34},"3":{"loc":{"start":{"line":34,"column":8},"end":{"line":34,"column":62}},"type":"binary-expr","locations":[{"start":{"line":34,"column":8},"end":{"line":34,"column":33}},{"start":{"line":34,"column":37},"end":{"line":34,"column":62}}],"line":34},"4":{"loc":{"start":{"line":35,"column":14},"end":{"line":35,"column":74}},"type":"cond-expr","locations":[{"start":{"line":35,"column":38},"end":{"line":35,"column":57}},{"start":{"line":35,"column":60},"end":{"line":35,"column":74}}],"line":35},"5":{"loc":{"start":{"line":36,"column":5},"end":{"line":44,"column":6}},"type":"if","locations":[{"start":{"line":36,"column":5},"end":{"line":44,"column":6}},{"start":{"line":36,"column":5},"end":{"line":44,"column":6}}],"line":36},"6":{"loc":{"start":{"line":37,"column":6},"end":{"line":41,"column":7}},"type":"if","locations":[{"start":{"line":37,"column":6},"end":{"line":41,"column":7}},{"start":{"line":37,"column":6},"end":{"line":41,"column":7}}],"line":37},"7":{"loc":{"start":{"line":39,"column":13},"end":{"line":41,"column":7}},"type":"if","locations":[{"start":{"line":39,"column":13},"end":{"line":41,"column":7}},{"start":{"line":39,"column":13},"end":{"line":41,"column":7}}],"line":39},"8":{"loc":{"start":{"line":49,"column":4},"end":{"line":56,"column":5}},"type":"if","locations":[{"start":{"line":49,"column":4},"end":{"line":56,"column":5}},{"start":{"line":49,"column":4},"end":{"line":56,"column":5}}],"line":49},"9":{"loc":{"start":{"line":58,"column":5},"end":{"line":69,"column":6}},"type":"if","locations":[{"start":{"line":58,"column":5},"end":{"line":69,"column":6}},{"start":{"line":58,"column":5},"end":{"line":69,"column":6}}],"line":58},"10":{"loc":{"start":{"line":58,"column":9},"end":{"line":58,"column":63}},"type":"binary-expr","locations":[{"start":{"line":58,"column":9},"end":{"line":58,"column":34}},{"start":{"line":58,"column":38},"end":{"line":58,"column":63}}],"line":58},"11":{"loc":{"start":{"line":59,"column":15},"end":{"line":59,"column":75}},"type":"cond-expr","locations":[{"start":{"line":59,"column":39},"end":{"line":59,"column":58}},{"start":{"line":59,"column":61},"end":{"line":59,"column":75}}],"line":59},"12":{"loc":{"start":{"line":60,"column":6},"end":{"line":68,"column":7}},"type":"if","locations":[{"start":{"line":60,"column":6},"end":{"line":68,"column":7}},{"start":{"line":60,"column":6},"end":{"line":68,"column":7}}],"line":60},"13":{"loc":{"start":{"line":60,"column":10},"end":{"line":60,"column":80}},"type":"binary-expr","locations":[{"start":{"line":60,"column":10},"end":{"line":60,"column":40}},{"start":{"line":60,"column":44},"end":{"line":60,"column":80}}],"line":60},"14":{"loc":{"start":{"line":61,"column":7},"end":{"line":65,"column":8}},"type":"if","locations":[{"start":{"line":61,"column":7},"end":{"line":65,"column":8}},{"start":{"line":61,"column":7},"end":{"line":65,"column":8}}],"line":61},"15":{"loc":{"start":{"line":63,"column":14},"end":{"line":65,"column":8}},"type":"if","locations":[{"start":{"line":63,"column":14},"end":{"line":65,"column":8}},{"start":{"line":63,"column":14},"end":{"line":65,"column":8}}],"line":63},"16":{"loc":{"start":{"line":76,"column":1},"end":{"line":85,"column":2}},"type":"if","locations":[{"start":{"line":76,"column":1},"end":{"line":85,"column":2}},{"start":{"line":76,"column":1},"end":{"line":85,"column":2}}],"line":76},"17":{"loc":{"start":{"line":77,"column":2},"end":{"line":79,"column":48}},"type":"binary-expr","locations":[{"start":{"line":77,"column":2},"end":{"line":77,"column":25}},{"start":{"line":78,"column":2},"end":{"line":78,"column":25}},{"start":{"line":79,"column":2},"end":{"line":79,"column":48}}],"line":77}},"s":{"0":0,"1":0,"2":0,"3":0,"4":0,"5":0,"6":0,"7":0,"8":0,"9":0,"10":0,"11":0,"12":0,"13":0,"14":0,"15":0,"16":0,"17":0,"18":0,"19":0,"20":0,"21":0,"22":0,"23":0,"24":0,"25":0,"26":0,"27":0,"28":0,"29":0,"30":0,"31":0,"32":0,"33":0,"34":0,"35":0,"36":0,"37":0,"38":0,"39":0,"40":0,"41":0,"42":0,"43":0,"44":0,"45":0,"46":0,"47":0,"48":0},"f":{"0":0,"1":0,"2":0,"3":0,"4":0},"b":{"0":[0,0],"1":[0,0],"2":[0,0],"3":[0,0],"4":[0,0],"5":[0,0],"6":[0,0],"7":[0,0],"8":[0,0],"9":[0,0],"10":[0,0],"11":[0,0],"12":[0,0],"13":[0,0],"14":[0,0],"15":[0,0],"16":[0,0],"17":[0,0,0]},"hash":"5bb401280c58a3f53a79536135b92489162f4e4a"}
,"/Users/w3bh4ck/Desktop/Softcom/databeaver-form-builder/src/utils/convert-date.utils.js": {"path":"/Users/w3bh4ck/Desktop/Softcom/databeaver-form-builder/src/utils/convert-date.utils.js","statementMap":{"0":{"start":{"line":5,"column":28},"end":{"line":10,"column":1}},"1":{"start":{"line":6,"column":18},"end":{"line":6,"column":22}},"2":{"start":{"line":7,"column":20},"end":{"line":7,"column":61}},"3":{"start":{"line":8,"column":15},"end":{"line":8,"column":51}},"4":{"start":{"line":9,"column":1},"end":{"line":9,"column":16}}},"fnMap":{"0":{"name":"(anonymous_0)","decl":{"start":{"line":5,"column":28},"end":{"line":5,"column":29}},"loc":{"start":{"line":5,"column":38},"end":{"line":10,"column":1}},"line":5}},"branchMap":{},"s":{"0":0,"1":0,"2":0,"3":0,"4":0},"f":{"0":0},"b":{},"hash":"f8655ca0b8ae7dab735f5a9eeee1ac3a52d0f3f5"}
,"/Users/w3bh4ck/Desktop/Softcom/databeaver-form-builder/src/utils/form-controls.utils.js": {"path":"/Users/w3bh4ck/Desktop/Softcom/databeaver-form-builder/src/utils/form-controls.utils.js","statementMap":{"0":{"start":{"line":1,"column":22},"end":{"line":21,"column":1}},"1":{"start":{"line":23,"column":31},"end":{"line":31,"column":1}},"2":{"start":{"line":24,"column":20},"end":{"line":24,"column":22}},"3":{"start":{"line":25,"column":1},"end":{"line":30,"column":2}},"4":{"start":{"line":26,"column":2},"end":{"line":26,"column":70}},"5":{"start":{"line":26,"column":48},"end":{"line":26,"column":68}},"6":{"start":{"line":27,"column":2},"end":{"line":27,"column":22}},"7":{"start":{"line":29,"column":2},"end":{"line":29,"column":23}}},"fnMap":{"0":{"name":"(anonymous_0)","decl":{"start":{"line":23,"column":31},"end":{"line":23,"column":32}},"loc":{"start":{"line":23,"column":42},"end":{"line":31,"column":1}},"line":23},"1":{"name":"(anonymous_1)","decl":{"start":{"line":26,"column":38},"end":{"line":26,"column":39}},"loc":{"start":{"line":26,"column":48},"end":{"line":26,"column":68}},"line":26}},"branchMap":{"0":{"loc":{"start":{"line":25,"column":1},"end":{"line":30,"column":2}},"type":"if","locations":[{"start":{"line":25,"column":1},"end":{"line":30,"column":2}},{"start":{"line":25,"column":1},"end":{"line":30,"column":2}}],"line":25}},"s":{"0":2,"1":2,"2":1,"3":1,"4":0,"5":0,"6":0,"7":1},"f":{"0":1,"1":0},"b":{"0":[0,1]},"_coverageSchema":"43e27e138ebf9cfc5966b082cf9a028302ed4184","hash":"26f7da232b885c4a13c9323776f7bee3f5fc4b20"}
,"/Users/w3bh4ck/Desktop/Softcom/databeaver-form-builder/src/utils/image-upload.utils.js": {"path":"/Users/w3bh4ck/Desktop/Softcom/databeaver-form-builder/src/utils/image-upload.utils.js","statementMap":{"0":{"start":{"line":3,"column":27},"end":{"line":16,"column":1}},"1":{"start":{"line":4,"column":1},"end":{"line":15,"column":2}},"2":{"start":{"line":5,"column":19},"end":{"line":5,"column":33}},"3":{"start":{"line":6,"column":2},"end":{"line":6,"column":33}},"4":{"start":{"line":7,"column":2},"end":{"line":7,"column":45}},"5":{"start":{"line":8,"column":17},"end":{"line":8,"column":48}},"6":{"start":{"line":9,"column":28},"end":{"line":9,"column":41}},"7":{"start":{"line":10,"column":2},"end":{"line":12,"column":3}},"8":{"start":{"line":11,"column":3},"end":{"line":11,"column":15}},"9":{"start":{"line":14,"column":2},"end":{"line":14,"column":21}}},"fnMap":{"0":{"name":"(anonymous_0)","decl":{"start":{"line":3,"column":27},"end":{"line":3,"column":28}},"loc":{"start":{"line":3,"column":48},"end":{"line":16,"column":1}},"line":3}},"branchMap":{"0":{"loc":{"start":{"line":10,"column":2},"end":{"line":12,"column":3}},"type":"if","locations":[{"start":{"line":10,"column":2},"end":{"line":12,"column":3}},{"start":{"line":10,"column":2},"end":{"line":12,"column":3}}],"line":10}},"s":{"0":2,"1":0,"2":0,"3":0,"4":0,"5":0,"6":0,"7":0,"8":0,"9":0},"f":{"0":0},"b":{"0":[0,0]},"_coverageSchema":"43e27e138ebf9cfc5966b082cf9a028302ed4184","hash":"af3fdb49905e7dbd33d8f074881b6c0a3b2d52a7"}
,"/Users/w3bh4ck/Desktop/Softcom/databeaver-form-builder/src/utils/modal-control.utils.js": {"path":"/Users/w3bh4ck/Desktop/Softcom/databeaver-form-builder/src/utils/modal-control.utils.js","statementMap":{"0":{"start":{"line":3,"column":25},"end":{"line":7,"column":1}},"1":{"start":{"line":4,"column":1},"end":{"line":6,"column":2}},"2":{"start":{"line":5,"column":2},"end":{"line":5,"column":30}},"3":{"start":{"line":9,"column":26},"end":{"line":13,"column":1}},"4":{"start":{"line":10,"column":1},"end":{"line":12,"column":2}},"5":{"start":{"line":11,"column":2},"end":{"line":11,"column":30}}},"fnMap":{"0":{"name":"(anonymous_0)","decl":{"start":{"line":3,"column":25},"end":{"line":3,"column":26}},"loc":{"start":{"line":3,"column":36},"end":{"line":7,"column":1}},"line":3},"1":{"name":"(anonymous_1)","decl":{"start":{"line":9,"column":26},"end":{"line":9,"column":27}},"loc":{"start":{"line":9,"column":37},"end":{"line":13,"column":1}},"line":9}},"branchMap":{"0":{"loc":{"start":{"line":4,"column":1},"end":{"line":6,"column":2}},"type":"if","locations":[{"start":{"line":4,"column":1},"end":{"line":6,"column":2}},{"start":{"line":4,"column":1},"end":{"line":6,"column":2}}],"line":4},"1":{"loc":{"start":{"line":10,"column":1},"end":{"line":12,"column":2}},"type":"if","locations":[{"start":{"line":10,"column":1},"end":{"line":12,"column":2}},{"start":{"line":10,"column":1},"end":{"line":12,"column":2}}],"line":10}},"s":{"0":2,"1":0,"2":0,"3":2,"4":0,"5":0},"f":{"0":0,"1":0},"b":{"0":[0,0],"1":[0,0]},"_coverageSchema":"43e27e138ebf9cfc5966b082cf9a028302ed4184","hash":"308105295b6506726cd043ce05c8c55ed7632e0d"}
,"/Users/w3bh4ck/Desktop/Softcom/databeaver-form-builder/src/utils/numbers-only.utils.js": {"path":"/Users/w3bh4ck/Desktop/Softcom/databeaver-form-builder/src/utils/numbers-only.utils.js","statementMap":{"0":{"start":{"line":1,"column":27},"end":{"line":8,"column":1}},"1":{"start":{"line":2,"column":15},"end":{"line":2,"column":31}},"2":{"start":{"line":3,"column":1},"end":{"line":7,"column":2}},"3":{"start":{"line":4,"column":2},"end":{"line":4,"column":14}},"4":{"start":{"line":6,"column":2},"end":{"line":6,"column":15}}},"fnMap":{"0":{"name":"(anonymous_0)","decl":{"start":{"line":1,"column":27},"end":{"line":1,"column":28}},"loc":{"start":{"line":1,"column":36},"end":{"line":8,"column":1}},"line":1}},"branchMap":{"0":{"loc":{"start":{"line":3,"column":1},"end":{"line":7,"column":2}},"type":"if","locations":[{"start":{"line":3,"column":1},"end":{"line":7,"column":2}},{"start":{"line":3,"column":1},"end":{"line":7,"column":2}}],"line":3}},"s":{"0":2,"1":0,"2":0,"3":0,"4":0},"f":{"0":0},"b":{"0":[0,0]},"_coverageSchema":"43e27e138ebf9cfc5966b082cf9a028302ed4184","hash":"0209abcc505d435d7c2d1dad0e106faf116c0df1"}
,"/Users/w3bh4ck/Desktop/Softcom/databeaver-form-builder/src/utils/request-factory.utils.js": {"path":"/Users/w3bh4ck/Desktop/Softcom/databeaver-form-builder/src/utils/request-factory.utils.js","statementMap":{"0":{"start":{"line":3,"column":23},"end":{"line":10,"column":1}},"1":{"start":{"line":5,"column":2},"end":{"line":5,"column":34}},"2":{"start":{"line":8,"column":2},"end":{"line":8,"column":24}}},"fnMap":{"0":{"name":"(anonymous_0)","decl":{"start":{"line":4,"column":1},"end":{"line":4,"column":2}},"loc":{"start":{"line":4,"column":20},"end":{"line":6,"column":2}},"line":4},"1":{"name":"(anonymous_1)","decl":{"start":{"line":7,"column":1},"end":{"line":7,"column":2}},"loc":{"start":{"line":7,"column":10},"end":{"line":9,"column":2}},"line":7}},"branchMap":{},"s":{"0":0,"1":0,"2":0},"f":{"0":0,"1":0},"b":{},"hash":"eb7cb3ad152c765b2d3bfe39305c3330b998b15a"}
,"/Users/w3bh4ck/Desktop/Softcom/databeaver-form-builder/src/utils/yup-validation.utils.js": {"path":"/Users/w3bh4ck/Desktop/Softcom/databeaver-form-builder/src/utils/yup-validation.utils.js","statementMap":{"0":{"start":{"line":3,"column":27},"end":{"line":6,"column":2}},"1":{"start":{"line":8,"column":28},"end":{"line":16,"column":2}},"2":{"start":{"line":18,"column":32},"end":{"line":21,"column":2}}},"fnMap":{},"branchMap":{},"s":{"0":0,"1":0,"2":0},"f":{},"b":{},"hash":"e7fe87f359d63ab34b7535c6791ec4c72bee8949"}
}
