TN:
SF:/Users/w3bh4ck/Desktop/Softcom/databeaver-form-builder/src/Main.js
FN:6,(anonymous_0)
FNF:1
FNH:1
FNDA:1,(anonymous_0)
DA:6,2
DA:7,1
LF:2
LH:2
BRF:0
BRH:0
end_of_record
TN:
SF:/Users/w3bh4ck/Desktop/Softcom/databeaver-form-builder/src/index.js
FN:4,(anonymous_0)
FNF:1
FNH:0
FNDA:0,(anonymous_0)
DA:4,1
DA:5,0
LF:2
LH:1
BRF:0
BRH:0
end_of_record
TN:
SF:/Users/w3bh4ck/Desktop/Softcom/databeaver-form-builder/src/components/map-svg.component.jsx
FN:3,(anonymous_0)
FNF:1
FNH:0
FNDA:0,(anonymous_0)
DA:3,2
DA:4,0
LF:2
LH:1
BRF:0
BRH:0
end_of_record
TN:
SF:/Users/w3bh4ck/Desktop/Softcom/databeaver-form-builder/src/containers/forms-module/Builder-control-button.container.jsx
FN:36,(anonymous_0)
FN:52,(anonymous_1)
FN:59,(anonymous_2)
FN:69,(anonymous_3)
FN:87,(anonymous_4)
FN:97,(anonymous_5)
FN:107,(anonymous_6)
FN:141,(anonymous_7)
FN:175,(anonymous_8)
FN:200,(anonymous_9)
FN:228,(anonymous_10)
FN:256,(anonymous_11)
FN:287,(anonymous_12)
FN:321,(anonymous_13)
FN:359,(anonymous_14)
FN:393,(anonymous_15)
FN:427,(anonymous_16)
FN:461,(anonymous_17)
FN:496,(anonymous_18)
FN:529,(anonymous_19)
FN:557,(anonymous_20)
FN:588,(anonymous_21)
FN:611,(anonymous_22)
FN:643,(anonymous_23)
FN:677,(anonymous_24)
FN:711,(anonymous_25)
FNF:26
FNH:3
FNDA:2,(anonymous_0)
FNDA:1,(anonymous_1)
FNDA:0,(anonymous_2)
FNDA:0,(anonymous_3)
FNDA:0,(anonymous_4)
FNDA:0,(anonymous_5)
FNDA:0,(anonymous_6)
FNDA:0,(anonymous_7)
FNDA:0,(anonymous_8)
FNDA:0,(anonymous_9)
FNDA:0,(anonymous_10)
FNDA:0,(anonymous_11)
FNDA:0,(anonymous_12)
FNDA:0,(anonymous_13)
FNDA:0,(anonymous_14)
FNDA:0,(anonymous_15)
FNDA:0,(anonymous_16)
FNDA:0,(anonymous_17)
FNDA:0,(anonymous_18)
FNDA:0,(anonymous_19)
FNDA:0,(anonymous_20)
FNDA:0,(anonymous_21)
FNDA:0,(anonymous_22)
FNDA:0,(anonymous_23)
FNDA:0,(anonymous_24)
FNDA:1,(anonymous_25)
DA:36,2
DA:37,2
DA:38,2
DA:39,2
DA:40,2
DA:49,2
DA:50,2
DA:52,2
DA:53,1
DA:56,2
DA:60,0
DA:70,0
DA:88,0
DA:97,0
DA:108,0
DA:142,0
DA:176,0
DA:201,0
DA:229,0
DA:257,0
DA:288,0
DA:322,0
DA:360,0
DA:394,0
DA:428,0
DA:462,0
DA:497,0
DA:530,0
DA:558,0
DA:588,0
DA:612,0
DA:644,0
DA:678,0
DA:711,2
LF:34
LH:11
BRDA:63,0,0,0
BRDA:63,0,1,2
BRDA:73,1,0,0
BRDA:73,1,1,2
BRDA:78,2,0,0
BRDA:78,2,1,2
BRDA:104,3,0,2
BRDA:104,3,1,1
BRDA:138,4,0,2
BRDA:138,4,1,1
BRDA:172,5,0,2
BRDA:172,5,1,1
BRDA:197,6,0,2
BRDA:197,6,1,1
BRDA:225,7,0,2
BRDA:225,7,1,1
BRDA:253,8,0,2
BRDA:253,8,1,1
BRDA:284,9,0,2
BRDA:284,9,1,1
BRDA:318,10,0,2
BRDA:318,10,1,1
BRDA:356,11,0,2
BRDA:356,11,1,1
BRDA:390,12,0,2
BRDA:390,12,1,1
BRDA:424,13,0,2
BRDA:424,13,1,1
BRDA:458,14,0,2
BRDA:458,14,1,1
BRDA:493,15,0,2
BRDA:493,15,1,1
BRDA:526,16,0,2
BRDA:526,16,1,1
BRDA:554,17,0,2
BRDA:554,17,1,1
BRDA:585,18,0,2
BRDA:585,18,1,1
BRDA:608,19,0,2
BRDA:608,19,1,1
BRDA:640,20,0,2
BRDA:640,20,1,1
BRDA:674,21,0,2
BRDA:674,21,1,1
BRF:44
BRH:41
end_of_record
TN:
SF:/Users/w3bh4ck/Desktop/Softcom/databeaver-form-builder/src/containers/forms-module/Change-element-type.container.jsx
FN:6,(anonymous_0)
FN:20,(anonymous_1)
FNF:2
FNH:0
FNDA:0,(anonymous_0)
FNDA:0,(anonymous_1)
DA:6,2
DA:12,0
DA:21,0
DA:22,0
LF:4
LH:1
BRF:0
BRH:0
end_of_record
TN:
SF:/Users/w3bh4ck/Desktop/Softcom/databeaver-form-builder/src/containers/forms-module/Field-rules.container.jsx
FN:7,(anonymous_0)
FNF:1
FNH:0
FNDA:0,(anonymous_0)
DA:3,0
DA:7,0
DA:8,0
LF:3
LH:0
BRF:0
BRH:0
end_of_record
TN:
SF:/Users/w3bh4ck/Desktop/Softcom/databeaver-form-builder/src/containers/forms-module/Form-card.container.jsx
FN:24,(anonymous_0)
FN:55,(anonymous_1)
FN:57,(anonymous_2)
FN:62,(anonymous_3)
FN:71,(anonymous_4)
FN:72,(anonymous_5)
FN:77,(anonymous_6)
FN:82,(anonymous_7)
FN:88,(anonymous_8)
FN:102,(anonymous_9)
FN:107,(anonymous_10)
FN:109,(anonymous_11)
FN:122,(anonymous_12)
FN:160,(anonymous_13)
FN:185,(anonymous_14)
FN:198,(anonymous_15)
FN:209,(anonymous_16)
FN:226,(anonymous_17)
FN:243,(anonymous_18)
FN:256,(anonymous_19)
FN:280,(anonymous_20)
FN:289,(anonymous_21)
FN:319,(anonymous_22)
FN:351,(anonymous_23)
FN:386,(anonymous_24)
FN:453,(anonymous_25)
FN:464,(anonymous_26)
FN:470,(anonymous_27)
FN:489,(anonymous_28)
FN:497,(anonymous_29)
FN:508,(anonymous_30)
FN:523,(anonymous_31)
FN:572,(anonymous_32)
FN:583,(anonymous_33)
FN:677,(anonymous_34)
FNF:35
FNH:0
FNDA:0,(anonymous_0)
FNDA:0,(anonymous_1)
FNDA:0,(anonymous_2)
FNDA:0,(anonymous_3)
FNDA:0,(anonymous_4)
FNDA:0,(anonymous_5)
FNDA:0,(anonymous_6)
FNDA:0,(anonymous_7)
FNDA:0,(anonymous_8)
FNDA:0,(anonymous_9)
FNDA:0,(anonymous_10)
FNDA:0,(anonymous_11)
FNDA:0,(anonymous_12)
FNDA:0,(anonymous_13)
FNDA:0,(anonymous_14)
FNDA:0,(anonymous_15)
FNDA:0,(anonymous_16)
FNDA:0,(anonymous_17)
FNDA:0,(anonymous_18)
FNDA:0,(anonymous_19)
FNDA:0,(anonymous_20)
FNDA:0,(anonymous_21)
FNDA:0,(anonymous_22)
FNDA:0,(anonymous_23)
FNDA:0,(anonymous_24)
FNDA:0,(anonymous_25)
FNDA:0,(anonymous_26)
FNDA:0,(anonymous_27)
FNDA:0,(anonymous_28)
FNDA:0,(anonymous_29)
FNDA:0,(anonymous_30)
FNDA:0,(anonymous_31)
FNDA:0,(anonymous_32)
FNDA:0,(anonymous_33)
FNDA:0,(anonymous_34)
DA:24,0
DA:47,0
DA:48,0
DA:49,0
DA:50,0
DA:51,0
DA:52,0
DA:55,0
DA:56,0
DA:57,0
DA:58,0
DA:60,0
DA:62,0
DA:63,0
DA:66,0
DA:67,0
DA:71,0
DA:72,0
DA:73,0
DA:77,0
DA:78,0
DA:79,0
DA:82,0
DA:83,0
DA:84,0
DA:85,0
DA:88,0
DA:89,0
DA:90,0
DA:97,0
DA:98,0
DA:100,0
DA:102,0
DA:103,0
DA:107,0
DA:108,0
DA:109,0
DA:110,0
DA:111,0
DA:114,0
DA:118,0
DA:123,0
DA:124,0
DA:125,0
DA:126,0
DA:162,0
DA:186,0
DA:199,0
DA:210,0
DA:211,0
DA:227,0
DA:244,0
DA:257,0
DA:281,0
DA:290,0
DA:291,0
DA:319,0
DA:351,0
DA:387,0
DA:388,0
DA:453,0
DA:464,0
DA:471,0
DA:489,0
DA:497,0
DA:509,0
DA:523,0
DA:572,0
DA:583,0
DA:677,0
LF:70
LH:0
BRDA:56,0,0,0
BRDA:56,0,1,0
BRDA:66,1,0,0
BRDA:66,1,1,0
BRDA:97,2,0,0
BRDA:97,2,1,0
BRDA:108,3,0,0
BRDA:108,3,1,0
BRDA:108,4,0,0
BRDA:108,4,1,0
BRDA:123,5,0,0
BRDA:123,5,1,0
BRDA:180,6,0,0
BRDA:180,6,1,0
BRDA:180,7,0,0
BRDA:180,7,1,0
BRDA:193,8,0,0
BRDA:193,8,1,0
BRDA:207,9,0,0
BRDA:207,9,1,0
BRDA:220,10,0,0
BRDA:220,10,1,0
BRDA:220,11,0,0
BRDA:220,11,1,0
BRDA:276,12,0,0
BRDA:276,12,1,0
BRDA:294,13,0,0
BRDA:294,13,1,0
BRDA:323,14,0,0
BRDA:323,14,1,0
BRDA:356,15,0,0
BRDA:356,15,1,0
BRDA:450,16,0,0
BRDA:450,16,1,0
BRDA:468,17,0,0
BRDA:468,17,1,0
BRDA:468,18,0,0
BRDA:468,18,1,0
BRDA:492,19,0,0
BRDA:492,19,1,0
BRF:40
BRH:0
end_of_record
TN:
SF:/Users/w3bh4ck/Desktop/Softcom/databeaver-form-builder/src/containers/forms-module/Form-elements-display.container.jsx
FN:35,(anonymous_0)
FN:53,(anonymous_1)
FN:57,(anonymous_2)
FN:59,(anonymous_3)
FN:74,(anonymous_4)
FN:89,(anonymous_5)
FN:95,(anonymous_6)
FN:98,(anonymous_7)
FN:114,(anonymous_8)
FN:124,(anonymous_9)
FN:126,(anonymous_10)
FN:132,(anonymous_11)
FN:138,(anonymous_12)
FN:335,(anonymous_13)
FNF:14
FNH:6
FNDA:2,(anonymous_0)
FNDA:1,(anonymous_1)
FNDA:1,(anonymous_2)
FNDA:0,(anonymous_3)
FNDA:0,(anonymous_4)
FNDA:0,(anonymous_5)
FNDA:2,(anonymous_6)
FNDA:0,(anonymous_7)
FNDA:0,(anonymous_8)
FNDA:0,(anonymous_9)
FNDA:2,(anonymous_10)
FNDA:0,(anonymous_11)
FNDA:0,(anonymous_12)
FNDA:1,(anonymous_13)
DA:35,2
DA:36,2
DA:37,2
DA:51,2
DA:53,2
DA:55,1
DA:56,1
DA:57,1
DA:58,1
DA:59,1
DA:60,0
DA:61,0
DA:64,1
DA:74,2
DA:75,0
DA:76,0
DA:77,0
DA:79,0
DA:89,2
DA:95,2
DA:98,2
DA:99,0
DA:101,0
DA:102,0
DA:105,0
DA:113,0
DA:114,0
DA:115,0
DA:118,2
DA:124,0
DA:127,2
DA:133,0
DA:139,0
DA:335,2
LF:34
LH:18
BRDA:60,0,0,0
BRDA:60,0,1,0
BRDA:90,1,0,0
BRDA:90,1,1,0
BRDA:101,2,0,0
BRDA:101,2,1,0
BRDA:148,3,0,0
BRDA:148,3,1,0
BRDA:157,4,0,0
BRDA:157,4,1,0
BRDA:166,5,0,0
BRDA:166,5,1,0
BRDA:175,6,0,0
BRDA:175,6,1,0
BRDA:184,7,0,0
BRDA:184,7,1,0
BRDA:193,8,0,0
BRDA:193,8,1,0
BRDA:202,9,0,0
BRDA:202,9,1,0
BRDA:211,10,0,0
BRDA:211,10,1,0
BRDA:220,11,0,0
BRDA:220,11,1,0
BRDA:229,12,0,0
BRDA:229,12,1,0
BRDA:239,13,0,0
BRDA:239,13,1,0
BRDA:248,14,0,0
BRDA:248,14,1,0
BRDA:258,15,0,0
BRDA:258,15,1,0
BRDA:267,16,0,0
BRDA:267,16,1,0
BRDA:276,17,0,0
BRDA:276,17,1,0
BRDA:285,18,0,0
BRDA:285,18,1,0
BRDA:294,19,0,0
BRDA:294,19,1,0
BRDA:303,20,0,0
BRDA:303,20,1,0
BRDA:312,21,0,0
BRDA:312,21,1,0
BRF:44
BRH:0
end_of_record
TN:
SF:/Users/w3bh4ck/Desktop/Softcom/databeaver-form-builder/src/containers/forms-module/Form-logic.container.jsx
FN:13,(anonymous_0)
FN:35,(anonymous_1)
FN:36,(anonymous_2)
FN:41,(anonymous_3)
FN:48,(anonymous_4)
FN:78,(anonymous_5)
FN:86,(anonymous_6)
FN:99,(anonymous_7)
FN:104,(anonymous_8)
FN:121,(anonymous_9)
FN:134,(anonymous_10)
FN:138,(anonymous_11)
FN:165,(anonymous_12)
FN:174,(anonymous_13)
FN:186,(anonymous_14)
FNF:15
FNH:0
FNDA:0,(anonymous_0)
FNDA:0,(anonymous_1)
FNDA:0,(anonymous_2)
FNDA:0,(anonymous_3)
FNDA:0,(anonymous_4)
FNDA:0,(anonymous_5)
FNDA:0,(anonymous_6)
FNDA:0,(anonymous_7)
FNDA:0,(anonymous_8)
FNDA:0,(anonymous_9)
FNDA:0,(anonymous_10)
FNDA:0,(anonymous_11)
FNDA:0,(anonymous_12)
FNDA:0,(anonymous_13)
FNDA:0,(anonymous_14)
DA:13,2
DA:25,0
DA:26,0
DA:28,0
DA:29,0
DA:33,0
DA:35,0
DA:36,0
DA:37,0
DA:41,0
DA:42,0
DA:43,0
DA:44,0
DA:45,0
DA:48,0
DA:49,0
DA:50,0
DA:53,0
DA:79,0
DA:86,0
DA:99,0
DA:105,0
DA:121,0
DA:134,0
DA:139,0
DA:166,0
DA:174,0
DA:186,2
LF:28
LH:2
BRDA:77,0,0,0
BRDA:77,0,1,0
BRDA:103,1,0,0
BRDA:103,1,1,0
BRDA:149,2,0,0
BRDA:149,2,1,0
BRDA:149,2,2,0
BRF:7
BRH:0
end_of_record
TN:
SF:/Users/w3bh4ck/Desktop/Softcom/databeaver-form-builder/src/containers/forms-module/Form-sector.container.jsx
FN:3,(anonymous_0)
FN:17,(anonymous_1)
FN:45,(anonymous_2)
FNF:3
FNH:0
FNDA:0,(anonymous_0)
FNDA:0,(anonymous_1)
FNDA:0,(anonymous_2)
DA:3,0
DA:4,0
DA:5,0
DA:18,0
DA:46,0
LF:5
LH:0
BRDA:21,0,0,0
BRDA:21,0,1,0
BRDA:49,1,0,0
BRDA:49,1,1,0
BRF:4
BRH:0
end_of_record
TN:
SF:/Users/w3bh4ck/Desktop/Softcom/databeaver-form-builder/src/containers/forms-module/Page-switcher.container.jsx
FN:13,(anonymous_0)
FN:28,(anonymous_1)
FN:31,(anonymous_2)
FN:45,(anonymous_3)
FN:58,(anonymous_4)
FN:71,(anonymous_5)
FNF:6
FNH:3
FNDA:1,(anonymous_0)
FNDA:1,(anonymous_1)
FNDA:0,(anonymous_2)
FNDA:0,(anonymous_3)
FNDA:0,(anonymous_4)
FNDA:1,(anonymous_5)
DA:13,2
DA:25,1
DA:26,1
DA:29,1
DA:32,0
DA:46,0
DA:59,0
DA:71,2
LF:8
LH:5
BRDA:36,0,0,1
BRDA:36,0,1,0
BRF:2
BRH:1
end_of_record
TN:
SF:/Users/w3bh4ck/Desktop/Softcom/databeaver-form-builder/src/containers/forms-module/Preview-form.container.jsx
FN:27,(anonymous_0)
FN:32,(anonymous_1)
FN:35,(anonymous_2)
FN:37,(anonymous_3)
FN:45,(anonymous_4)
FN:47,(anonymous_5)
FN:237,(anonymous_6)
FN:247,(anonymous_7)
FN:254,(anonymous_8)
FN:310,(anonymous_9)
FNF:10
FNH:0
FNDA:0,(anonymous_0)
FNDA:0,(anonymous_1)
FNDA:0,(anonymous_2)
FNDA:0,(anonymous_3)
FNDA:0,(anonymous_4)
FNDA:0,(anonymous_5)
FNDA:0,(anonymous_6)
FNDA:0,(anonymous_7)
FNDA:0,(anonymous_8)
FNDA:0,(anonymous_9)
DA:27,0
DA:28,0
DA:29,0
DA:30,0
DA:32,0
DA:33,0
DA:34,0
DA:35,0
DA:36,0
DA:37,0
DA:38,0
DA:39,0
DA:42,0
DA:45,0
DA:46,0
DA:47,0
DA:48,0
DA:49,0
DA:56,0
DA:57,0
DA:64,0
DA:65,0
DA:72,0
DA:73,0
DA:80,0
DA:81,0
DA:88,0
DA:89,0
DA:96,0
DA:97,0
DA:104,0
DA:105,0
DA:112,0
DA:113,0
DA:120,0
DA:121,0
DA:128,0
DA:129,0
DA:136,0
DA:137,0
DA:144,0
DA:145,0
DA:153,0
DA:154,0
DA:161,0
DA:162,0
DA:169,0
DA:170,0
DA:177,0
DA:178,0
DA:185,0
DA:186,0
DA:193,0
DA:194,0
DA:201,0
DA:202,0
DA:211,0
DA:215,0
DA:237,0
DA:247,0
DA:254,0
DA:310,0
LF:62
LH:0
BRDA:38,0,0,0
BRDA:38,0,1,0
BRDA:46,1,0,0
BRDA:46,1,1,0
BRDA:48,2,0,0
BRDA:48,2,1,0
BRDA:48,3,0,0
BRDA:48,3,1,0
BRDA:56,4,0,0
BRDA:56,4,1,0
BRDA:56,5,0,0
BRDA:56,5,1,0
BRDA:64,6,0,0
BRDA:64,6,1,0
BRDA:64,7,0,0
BRDA:64,7,1,0
BRDA:72,8,0,0
BRDA:72,8,1,0
BRDA:72,9,0,0
BRDA:72,9,1,0
BRDA:80,10,0,0
BRDA:80,10,1,0
BRDA:80,11,0,0
BRDA:80,11,1,0
BRDA:88,12,0,0
BRDA:88,12,1,0
BRDA:88,13,0,0
BRDA:88,13,1,0
BRDA:96,14,0,0
BRDA:96,14,1,0
BRDA:96,15,0,0
BRDA:96,15,1,0
BRDA:104,16,0,0
BRDA:104,16,1,0
BRDA:104,17,0,0
BRDA:104,17,1,0
BRDA:112,18,0,0
BRDA:112,18,1,0
BRDA:112,19,0,0
BRDA:112,19,1,0
BRDA:120,20,0,0
BRDA:120,20,1,0
BRDA:120,21,0,0
BRDA:120,21,1,0
BRDA:128,22,0,0
BRDA:128,22,1,0
BRDA:128,23,0,0
BRDA:128,23,1,0
BRDA:136,24,0,0
BRDA:136,24,1,0
BRDA:136,25,0,0
BRDA:136,25,1,0
BRDA:144,26,0,0
BRDA:144,26,1,0
BRDA:144,27,0,0
BRDA:144,27,1,0
BRDA:153,28,0,0
BRDA:153,28,1,0
BRDA:153,29,0,0
BRDA:153,29,1,0
BRDA:161,30,0,0
BRDA:161,30,1,0
BRDA:161,31,0,0
BRDA:161,31,1,0
BRDA:169,32,0,0
BRDA:169,32,1,0
BRDA:169,33,0,0
BRDA:169,33,1,0
BRDA:177,34,0,0
BRDA:177,34,1,0
BRDA:177,35,0,0
BRDA:177,35,1,0
BRDA:185,36,0,0
BRDA:185,36,1,0
BRDA:185,37,0,0
BRDA:185,37,1,0
BRDA:193,38,0,0
BRDA:193,38,1,0
BRDA:193,39,0,0
BRDA:193,39,1,0
BRDA:201,40,0,0
BRDA:201,40,1,0
BRDA:201,41,0,0
BRDA:201,41,1,0
BRDA:227,42,0,0
BRDA:227,42,1,0
BRDA:235,43,0,0
BRDA:235,43,1,0
BRDA:245,44,0,0
BRDA:245,44,1,0
BRDA:255,45,0,0
BRDA:255,45,1,0
BRDA:263,46,0,0
BRDA:263,46,1,0
BRDA:270,47,0,0
BRDA:270,47,1,0
BRDA:278,48,0,0
BRDA:278,48,1,0
BRF:98
BRH:0
end_of_record
TN:
SF:/Users/w3bh4ck/Desktop/Softcom/databeaver-form-builder/src/containers/forms-module/Rename-form.container.jsx
FN:9,(anonymous_0)
FN:20,(anonymous_1)
FN:21,(anonymous_2)
FN:33,(anonymous_3)
FN:47,(anonymous_4)
FN:70,(anonymous_5)
FNF:6
FNH:0
FNDA:0,(anonymous_0)
FNDA:0,(anonymous_1)
FNDA:0,(anonymous_2)
FNDA:0,(anonymous_3)
FNDA:0,(anonymous_4)
FNDA:0,(anonymous_5)
DA:9,0
DA:17,0
DA:18,0
DA:20,0
DA:21,0
DA:26,0
DA:34,0
DA:35,0
DA:52,0
DA:70,0
LF:10
LH:0
BRF:0
BRH:0
end_of_record
TN:
SF:/Users/w3bh4ck/Desktop/Softcom/databeaver-form-builder/src/containers/forms-module/elements_placeholders/Address-placeholder.jsx
FN:26,(anonymous_0)
FN:57,(anonymous_1)
FN:59,(anonymous_2)
FN:74,(anonymous_3)
FN:81,(anonymous_4)
FN:88,(anonymous_5)
FN:104,(anonymous_6)
FN:115,(anonymous_7)
FN:141,(anonymous_8)
FN:162,(anonymous_9)
FN:172,(anonymous_10)
FN:181,(anonymous_11)
FN:225,(anonymous_12)
FN:246,(anonymous_13)
FN:262,(anonymous_14)
FN:277,(anonymous_15)
FN:328,(anonymous_16)
FNF:17
FNH:0
FNDA:0,(anonymous_0)
FNDA:0,(anonymous_1)
FNDA:0,(anonymous_2)
FNDA:0,(anonymous_3)
FNDA:0,(anonymous_4)
FNDA:0,(anonymous_5)
FNDA:0,(anonymous_6)
FNDA:0,(anonymous_7)
FNDA:0,(anonymous_8)
FNDA:0,(anonymous_9)
FNDA:0,(anonymous_10)
FNDA:0,(anonymous_11)
FNDA:0,(anonymous_12)
FNDA:0,(anonymous_13)
FNDA:0,(anonymous_14)
FNDA:0,(anonymous_15)
FNDA:0,(anonymous_16)
DA:26,2
DA:27,0
DA:28,0
DA:47,0
DA:49,0
DA:50,0
DA:51,0
DA:52,0
DA:53,0
DA:54,0
DA:55,0
DA:56,0
DA:57,0
DA:58,0
DA:59,0
DA:60,0
DA:61,0
DA:62,0
DA:63,0
DA:64,0
DA:65,0
DA:66,0
DA:67,0
DA:68,0
DA:74,0
DA:75,0
DA:76,0
DA:77,0
DA:81,0
DA:82,0
DA:85,0
DA:89,0
DA:105,0
DA:116,0
DA:142,0
DA:163,0
DA:173,0
DA:182,0
DA:226,0
DA:247,0
DA:263,0
DA:278,0
DA:328,2
LF:43
LH:2
BRDA:58,0,0,0
BRDA:58,0,1,0
BRDA:60,1,0,0
BRDA:60,1,1,0
BRDA:75,2,0,0
BRDA:75,2,1,0
BRDA:75,3,0,0
BRDA:75,3,1,0
BRDA:75,3,2,0
BRDA:95,4,0,0
BRDA:95,4,1,0
BRDA:129,5,0,0
BRDA:129,5,1,0
BRDA:129,6,0,0
BRDA:129,6,1,0
BRDA:213,7,0,0
BRDA:213,7,1,0
BRDA:301,8,0,0
BRDA:301,8,1,0
BRF:19
BRH:0
end_of_record
TN:
SF:/Users/w3bh4ck/Desktop/Softcom/databeaver-form-builder/src/containers/forms-module/elements_placeholders/Agreement-placeholder.jsx
FN:21,(anonymous_0)
FN:43,(anonymous_1)
FN:45,(anonymous_2)
FN:58,(anonymous_3)
FN:65,(anonymous_4)
FN:81,(anonymous_5)
FN:93,(anonymous_6)
FN:119,(anonymous_7)
FN:139,(anonymous_8)
FN:149,(anonymous_9)
FN:158,(anonymous_10)
FN:202,(anonymous_11)
FN:217,(anonymous_12)
FN:233,(anonymous_13)
FN:248,(anonymous_14)
FN:297,(anonymous_15)
FNF:16
FNH:0
FNDA:0,(anonymous_0)
FNDA:0,(anonymous_1)
FNDA:0,(anonymous_2)
FNDA:0,(anonymous_3)
FNDA:0,(anonymous_4)
FNDA:0,(anonymous_5)
FNDA:0,(anonymous_6)
FNDA:0,(anonymous_7)
FNDA:0,(anonymous_8)
FNDA:0,(anonymous_9)
FNDA:0,(anonymous_10)
FNDA:0,(anonymous_11)
FNDA:0,(anonymous_12)
FNDA:0,(anonymous_13)
FNDA:0,(anonymous_14)
FNDA:0,(anonymous_15)
DA:21,2
DA:22,0
DA:35,0
DA:37,0
DA:38,0
DA:39,0
DA:40,0
DA:41,0
DA:42,0
DA:43,0
DA:44,0
DA:45,0
DA:46,0
DA:47,0
DA:48,0
DA:49,0
DA:50,0
DA:51,0
DA:52,0
DA:58,0
DA:59,0
DA:62,0
DA:66,0
DA:82,0
DA:94,0
DA:120,0
DA:140,0
DA:150,0
DA:159,0
DA:203,0
DA:218,0
DA:234,0
DA:249,0
DA:297,2
LF:34
LH:2
BRDA:44,0,0,0
BRDA:44,0,1,0
BRDA:46,1,0,0
BRDA:46,1,1,0
BRDA:72,2,0,0
BRDA:72,2,1,0
BRDA:107,3,0,0
BRDA:107,3,1,0
BRDA:107,4,0,0
BRDA:107,4,1,0
BRDA:190,5,0,0
BRDA:190,5,1,0
BRDA:278,6,0,0
BRDA:278,6,1,0
BRF:14
BRH:0
end_of_record
TN:
SF:/Users/w3bh4ck/Desktop/Softcom/databeaver-form-builder/src/containers/forms-module/elements_placeholders/AreaMap-placeholder.jsx
FN:23,(anonymous_0)
FN:48,(anonymous_1)
FN:50,(anonymous_2)
FN:63,(anonymous_3)
FN:70,(anonymous_4)
FN:86,(anonymous_5)
FN:97,(anonymous_6)
FN:123,(anonymous_7)
FN:143,(anonymous_8)
FN:153,(anonymous_9)
FN:162,(anonymous_10)
FN:203,(anonymous_11)
FN:221,(anonymous_12)
FN:236,(anonymous_13)
FN:251,(anonymous_14)
FN:266,(anonymous_15)
FN:307,(anonymous_16)
FNF:17
FNH:0
FNDA:0,(anonymous_0)
FNDA:0,(anonymous_1)
FNDA:0,(anonymous_2)
FNDA:0,(anonymous_3)
FNDA:0,(anonymous_4)
FNDA:0,(anonymous_5)
FNDA:0,(anonymous_6)
FNDA:0,(anonymous_7)
FNDA:0,(anonymous_8)
FNDA:0,(anonymous_9)
FNDA:0,(anonymous_10)
FNDA:0,(anonymous_11)
FNDA:0,(anonymous_12)
FNDA:0,(anonymous_13)
FNDA:0,(anonymous_14)
FNDA:0,(anonymous_15)
FNDA:0,(anonymous_16)
DA:23,2
DA:24,0
DA:40,0
DA:42,0
DA:43,0
DA:44,0
DA:45,0
DA:46,0
DA:47,0
DA:48,0
DA:49,0
DA:50,0
DA:51,0
DA:52,0
DA:53,0
DA:54,0
DA:55,0
DA:56,0
DA:57,0
DA:63,0
DA:64,0
DA:67,0
DA:71,0
DA:87,0
DA:98,0
DA:124,0
DA:144,0
DA:154,0
DA:163,0
DA:204,0
DA:222,0
DA:237,0
DA:252,0
DA:267,0
DA:307,2
LF:35
LH:2
BRDA:49,0,0,0
BRDA:49,0,1,0
BRDA:51,1,0,0
BRDA:51,1,1,0
BRDA:77,2,0,0
BRDA:77,2,1,0
BRDA:111,3,0,0
BRDA:111,3,1,0
BRDA:111,4,0,0
BRDA:111,4,1,0
BRDA:194,5,0,0
BRDA:194,5,1,0
BRDA:290,6,0,0
BRDA:290,6,1,0
BRF:14
BRH:0
end_of_record
TN:
SF:/Users/w3bh4ck/Desktop/Softcom/databeaver-form-builder/src/containers/forms-module/elements_placeholders/Biometric-placeholder.jsx
FN:20,(anonymous_0)
FN:43,(anonymous_1)
FN:45,(anonymous_2)
FN:58,(anonymous_3)
FN:65,(anonymous_4)
FN:81,(anonymous_5)
FN:92,(anonymous_6)
FN:118,(anonymous_7)
FN:138,(anonymous_8)
FN:148,(anonymous_9)
FN:157,(anonymous_10)
FN:198,(anonymous_11)
FN:217,(anonymous_12)
FN:232,(anonymous_13)
FN:247,(anonymous_14)
FN:262,(anonymous_15)
FN:303,(anonymous_16)
FNF:17
FNH:0
FNDA:0,(anonymous_0)
FNDA:0,(anonymous_1)
FNDA:0,(anonymous_2)
FNDA:0,(anonymous_3)
FNDA:0,(anonymous_4)
FNDA:0,(anonymous_5)
FNDA:0,(anonymous_6)
FNDA:0,(anonymous_7)
FNDA:0,(anonymous_8)
FNDA:0,(anonymous_9)
FNDA:0,(anonymous_10)
FNDA:0,(anonymous_11)
FNDA:0,(anonymous_12)
FNDA:0,(anonymous_13)
FNDA:0,(anonymous_14)
FNDA:0,(anonymous_15)
FNDA:0,(anonymous_16)
DA:20,2
DA:21,0
DA:35,0
DA:37,0
DA:38,0
DA:39,0
DA:40,0
DA:41,0
DA:42,0
DA:43,0
DA:44,0
DA:45,0
DA:46,0
DA:47,0
DA:48,0
DA:49,0
DA:50,0
DA:51,0
DA:52,0
DA:58,0
DA:59,0
DA:62,0
DA:66,0
DA:82,0
DA:93,0
DA:119,0
DA:139,0
DA:149,0
DA:158,0
DA:199,0
DA:218,0
DA:233,0
DA:248,0
DA:263,0
DA:303,2
LF:35
LH:2
BRDA:44,0,0,0
BRDA:44,0,1,0
BRDA:46,1,0,0
BRDA:46,1,1,0
BRDA:72,2,0,0
BRDA:72,2,1,0
BRDA:106,3,0,0
BRDA:106,3,1,0
BRDA:106,4,0,0
BRDA:106,4,1,0
BRDA:189,5,0,0
BRDA:189,5,1,0
BRDA:285,6,0,0
BRDA:285,6,1,0
BRF:14
BRH:0
end_of_record
TN:
SF:/Users/w3bh4ck/Desktop/Softcom/databeaver-form-builder/src/containers/forms-module/elements_placeholders/Date-placeholder.jsx
FN:22,(anonymous_0)
FN:47,(anonymous_1)
FN:49,(anonymous_2)
FN:63,(anonymous_3)
FN:70,(anonymous_4)
FN:86,(anonymous_5)
FN:97,(anonymous_6)
FN:123,(anonymous_7)
FN:143,(anonymous_8)
FN:153,(anonymous_9)
FN:162,(anonymous_10)
FN:203,(anonymous_11)
FN:218,(anonymous_12)
FN:236,(anonymous_13)
FN:251,(anonymous_14)
FN:266,(anonymous_15)
FN:281,(anonymous_16)
FN:321,(anonymous_17)
FNF:18
FNH:0
FNDA:0,(anonymous_0)
FNDA:0,(anonymous_1)
FNDA:0,(anonymous_2)
FNDA:0,(anonymous_3)
FNDA:0,(anonymous_4)
FNDA:0,(anonymous_5)
FNDA:0,(anonymous_6)
FNDA:0,(anonymous_7)
FNDA:0,(anonymous_8)
FNDA:0,(anonymous_9)
FNDA:0,(anonymous_10)
FNDA:0,(anonymous_11)
FNDA:0,(anonymous_12)
FNDA:0,(anonymous_13)
FNDA:0,(anonymous_14)
FNDA:0,(anonymous_15)
FNDA:0,(anonymous_16)
FNDA:0,(anonymous_17)
DA:22,2
DA:23,0
DA:38,0
DA:40,0
DA:41,0
DA:42,0
DA:43,0
DA:44,0
DA:45,0
DA:46,0
DA:47,0
DA:48,0
DA:49,0
DA:50,0
DA:51,0
DA:52,0
DA:53,0
DA:54,0
DA:55,0
DA:56,0
DA:57,0
DA:63,0
DA:64,0
DA:67,0
DA:71,0
DA:87,0
DA:98,0
DA:124,0
DA:144,0
DA:154,0
DA:163,0
DA:204,0
DA:219,0
DA:237,0
DA:252,0
DA:267,0
DA:282,0
DA:321,2
LF:38
LH:2
BRDA:48,0,0,0
BRDA:48,0,1,0
BRDA:50,1,0,0
BRDA:50,1,1,0
BRDA:77,2,0,0
BRDA:77,2,1,0
BRDA:111,3,0,0
BRDA:111,3,1,0
BRDA:111,4,0,0
BRDA:111,4,1,0
BRDA:194,5,0,0
BRDA:194,5,1,0
BRDA:303,6,0,0
BRDA:303,6,1,0
BRF:14
BRH:0
end_of_record
TN:
SF:/Users/w3bh4ck/Desktop/Softcom/databeaver-form-builder/src/containers/forms-module/elements_placeholders/Default-text-placeholder.jsx
FN:22,(anonymous_0)
FN:48,(anonymous_1)
FN:50,(anonymous_2)
FN:65,(anonymous_3)
FN:72,(anonymous_4)
FN:88,(anonymous_5)
FN:99,(anonymous_6)
FN:119,(anonymous_7)
FN:129,(anonymous_8)
FN:138,(anonymous_9)
FN:180,(anonymous_10)
FN:218,(anonymous_11)
FNF:12
FNH:0
FNDA:0,(anonymous_0)
FNDA:0,(anonymous_1)
FNDA:0,(anonymous_2)
FNDA:0,(anonymous_3)
FNDA:0,(anonymous_4)
FNDA:0,(anonymous_5)
FNDA:0,(anonymous_6)
FNDA:0,(anonymous_7)
FNDA:0,(anonymous_8)
FNDA:0,(anonymous_9)
FNDA:0,(anonymous_10)
FNDA:0,(anonymous_11)
DA:22,2
DA:23,0
DA:38,0
DA:40,0
DA:41,0
DA:42,0
DA:43,0
DA:44,0
DA:45,0
DA:46,0
DA:47,0
DA:48,0
DA:49,0
DA:50,0
DA:51,0
DA:52,0
DA:53,0
DA:54,0
DA:55,0
DA:56,0
DA:57,0
DA:58,0
DA:65,0
DA:66,0
DA:69,0
DA:73,0
DA:89,0
DA:100,0
DA:120,0
DA:130,0
DA:139,0
DA:181,0
DA:218,2
LF:33
LH:2
BRDA:47,0,0,0
BRDA:47,0,1,0
BRDA:49,1,0,0
BRDA:49,1,1,0
BRDA:51,2,0,0
BRDA:51,2,1,0
BRDA:79,3,0,0
BRDA:79,3,1,0
BRDA:170,4,0,0
BRDA:170,4,1,0
BRDA:203,5,0,0
BRDA:203,5,1,0
BRF:12
BRH:0
end_of_record
TN:
SF:/Users/w3bh4ck/Desktop/Softcom/databeaver-form-builder/src/containers/forms-module/elements_placeholders/Email-placeholder.jsx
FN:22,(anonymous_0)
FN:50,(anonymous_1)
FN:52,(anonymous_2)
FN:67,(anonymous_3)
FN:74,(anonymous_4)
FN:90,(anonymous_5)
FN:101,(anonymous_6)
FN:127,(anonymous_7)
FN:147,(anonymous_8)
FN:157,(anonymous_9)
FN:167,(anonymous_10)
FN:208,(anonymous_11)
FN:223,(anonymous_12)
FN:243,(anonymous_13)
FN:258,(anonymous_14)
FN:273,(anonymous_15)
FN:288,(anonymous_16)
FN:332,(anonymous_17)
FNF:18
FNH:0
FNDA:0,(anonymous_0)
FNDA:0,(anonymous_1)
FNDA:0,(anonymous_2)
FNDA:0,(anonymous_3)
FNDA:0,(anonymous_4)
FNDA:0,(anonymous_5)
FNDA:0,(anonymous_6)
FNDA:0,(anonymous_7)
FNDA:0,(anonymous_8)
FNDA:0,(anonymous_9)
FNDA:0,(anonymous_10)
FNDA:0,(anonymous_11)
FNDA:0,(anonymous_12)
FNDA:0,(anonymous_13)
FNDA:0,(anonymous_14)
FNDA:0,(anonymous_15)
FNDA:0,(anonymous_16)
FNDA:0,(anonymous_17)
DA:22,2
DA:23,0
DA:40,0
DA:42,0
DA:43,0
DA:44,0
DA:45,0
DA:46,0
DA:47,0
DA:48,0
DA:49,0
DA:50,0
DA:51,0
DA:52,0
DA:53,0
DA:54,0
DA:55,0
DA:56,0
DA:57,0
DA:58,0
DA:59,0
DA:60,0
DA:67,0
DA:68,0
DA:71,0
DA:75,0
DA:91,0
DA:102,0
DA:128,0
DA:148,0
DA:158,0
DA:168,0
DA:209,0
DA:224,0
DA:244,0
DA:259,0
DA:274,0
DA:289,0
DA:332,2
LF:39
LH:2
BRDA:49,0,0,0
BRDA:49,0,1,0
BRDA:51,1,0,0
BRDA:51,1,1,0
BRDA:53,2,0,0
BRDA:53,2,1,0
BRDA:81,3,0,0
BRDA:81,3,1,0
BRDA:115,4,0,0
BRDA:115,4,1,0
BRDA:115,5,0,0
BRDA:115,5,1,0
BRDA:199,6,0,0
BRDA:199,6,1,0
BRDA:312,7,0,0
BRDA:312,7,1,0
BRF:16
BRH:0
end_of_record
TN:
SF:/Users/w3bh4ck/Desktop/Softcom/databeaver-form-builder/src/containers/forms-module/elements_placeholders/File-upload-placeholder.jsx
FN:22,(anonymous_0)
FN:45,(anonymous_1)
FN:47,(anonymous_2)
FN:60,(anonymous_3)
FN:64,(anonymous_4)
FN:77,(anonymous_5)
FN:93,(anonymous_6)
FN:104,(anonymous_7)
FN:130,(anonymous_8)
FN:150,(anonymous_9)
FN:160,(anonymous_10)
FN:169,(anonymous_11)
FN:210,(anonymous_12)
FN:237,(anonymous_13)
FN:252,(anonymous_14)
FN:267,(anonymous_15)
FN:282,(anonymous_16)
FN:338,(anonymous_17)
FNF:18
FNH:0
FNDA:0,(anonymous_0)
FNDA:0,(anonymous_1)
FNDA:0,(anonymous_2)
FNDA:0,(anonymous_3)
FNDA:0,(anonymous_4)
FNDA:0,(anonymous_5)
FNDA:0,(anonymous_6)
FNDA:0,(anonymous_7)
FNDA:0,(anonymous_8)
FNDA:0,(anonymous_9)
FNDA:0,(anonymous_10)
FNDA:0,(anonymous_11)
FNDA:0,(anonymous_12)
FNDA:0,(anonymous_13)
FNDA:0,(anonymous_14)
FNDA:0,(anonymous_15)
FNDA:0,(anonymous_16)
FNDA:0,(anonymous_17)
DA:22,2
DA:23,0
DA:37,0
DA:39,0
DA:40,0
DA:41,0
DA:42,0
DA:43,0
DA:44,0
DA:45,0
DA:46,0
DA:47,0
DA:48,0
DA:49,0
DA:50,0
DA:51,0
DA:52,0
DA:53,0
DA:54,0
DA:60,0
DA:61,0
DA:64,0
DA:65,0
DA:66,0
DA:70,0
DA:74,0
DA:78,0
DA:94,0
DA:105,0
DA:131,0
DA:151,0
DA:161,0
DA:170,0
DA:211,0
DA:215,0
DA:238,0
DA:253,0
DA:268,0
DA:283,0
DA:338,2
LF:40
LH:2
BRDA:46,0,0,0
BRDA:46,0,1,0
BRDA:48,1,0,0
BRDA:48,1,1,0
BRDA:66,2,0,0
BRDA:66,2,1,0
BRDA:67,3,0,0
BRDA:67,3,1,0
BRDA:67,3,2,0
BRDA:84,4,0,0
BRDA:84,4,1,0
BRDA:118,5,0,0
BRDA:118,5,1,0
BRDA:118,6,0,0
BRDA:118,6,1,0
BRDA:201,7,0,0
BRDA:201,7,1,0
BRDA:211,8,0,0
BRDA:211,8,1,0
BRDA:212,9,0,0
BRDA:212,9,1,0
BRDA:222,10,0,0
BRDA:222,10,1,0
BRDA:306,11,0,0
BRDA:306,11,1,0
BRDA:324,12,0,0
BRDA:324,12,1,0
BRDA:324,12,2,0
BRF:28
BRH:0
end_of_record
TN:
SF:/Users/w3bh4ck/Desktop/Softcom/databeaver-form-builder/src/containers/forms-module/elements_placeholders/Image-choice-placeholder.jsx
FN:24,(anonymous_0)
FN:46,(anonymous_1)
FN:49,(anonymous_2)
FN:61,(anonymous_3)
FN:68,(anonymous_4)
FN:84,(anonymous_5)
FN:95,(anonymous_6)
FN:121,(anonymous_7)
FN:141,(anonymous_8)
FN:151,(anonymous_9)
FN:160,(anonymous_10)
FN:201,(anonymous_11)
FN:218,(anonymous_12)
FN:233,(anonymous_13)
FN:248,(anonymous_14)
FN:263,(anonymous_15)
FN:313,(anonymous_16)
FNF:17
FNH:0
FNDA:0,(anonymous_0)
FNDA:0,(anonymous_1)
FNDA:0,(anonymous_2)
FNDA:0,(anonymous_3)
FNDA:0,(anonymous_4)
FNDA:0,(anonymous_5)
FNDA:0,(anonymous_6)
FNDA:0,(anonymous_7)
FNDA:0,(anonymous_8)
FNDA:0,(anonymous_9)
FNDA:0,(anonymous_10)
FNDA:0,(anonymous_11)
FNDA:0,(anonymous_12)
FNDA:0,(anonymous_13)
FNDA:0,(anonymous_14)
FNDA:0,(anonymous_15)
FNDA:0,(anonymous_16)
DA:24,2
DA:25,0
DA:38,0
DA:40,0
DA:41,0
DA:42,0
DA:43,0
DA:44,0
DA:45,0
DA:46,0
DA:47,0
DA:48,0
DA:49,0
DA:50,0
DA:51,0
DA:52,0
DA:53,0
DA:54,0
DA:55,0
DA:61,0
DA:62,0
DA:65,0
DA:69,0
DA:85,0
DA:96,0
DA:122,0
DA:142,0
DA:152,0
DA:161,0
DA:202,0
DA:219,0
DA:234,0
DA:249,0
DA:264,0
DA:313,2
LF:35
LH:2
BRDA:48,0,0,0
BRDA:48,0,1,0
BRDA:50,1,0,0
BRDA:50,1,1,0
BRDA:75,2,0,0
BRDA:75,2,1,0
BRDA:109,3,0,0
BRDA:109,3,1,0
BRDA:109,4,0,0
BRDA:109,4,1,0
BRDA:192,5,0,0
BRDA:192,5,1,0
BRDA:287,6,0,0
BRDA:287,6,1,0
BRF:14
BRH:0
end_of_record
TN:
SF:/Users/w3bh4ck/Desktop/Softcom/databeaver-form-builder/src/containers/forms-module/elements_placeholders/Links-placeholder.jsx
FN:22,(anonymous_0)
FN:46,(anonymous_1)
FN:48,(anonymous_2)
FN:61,(anonymous_3)
FN:68,(anonymous_4)
FN:84,(anonymous_5)
FN:95,(anonymous_6)
FN:121,(anonymous_7)
FN:141,(anonymous_8)
FN:151,(anonymous_9)
FN:160,(anonymous_10)
FN:201,(anonymous_11)
FN:216,(anonymous_12)
FN:234,(anonymous_13)
FN:249,(anonymous_14)
FN:264,(anonymous_15)
FN:279,(anonymous_16)
FN:323,(anonymous_17)
FNF:18
FNH:0
FNDA:0,(anonymous_0)
FNDA:0,(anonymous_1)
FNDA:0,(anonymous_2)
FNDA:0,(anonymous_3)
FNDA:0,(anonymous_4)
FNDA:0,(anonymous_5)
FNDA:0,(anonymous_6)
FNDA:0,(anonymous_7)
FNDA:0,(anonymous_8)
FNDA:0,(anonymous_9)
FNDA:0,(anonymous_10)
FNDA:0,(anonymous_11)
FNDA:0,(anonymous_12)
FNDA:0,(anonymous_13)
FNDA:0,(anonymous_14)
FNDA:0,(anonymous_15)
FNDA:0,(anonymous_16)
FNDA:0,(anonymous_17)
DA:22,2
DA:23,0
DA:38,0
DA:40,0
DA:41,0
DA:42,0
DA:43,0
DA:44,0
DA:45,0
DA:46,0
DA:47,0
DA:48,0
DA:49,0
DA:50,0
DA:51,0
DA:52,0
DA:53,0
DA:54,0
DA:55,0
DA:61,0
DA:62,0
DA:65,0
DA:69,0
DA:85,0
DA:96,0
DA:122,0
DA:142,0
DA:152,0
DA:161,0
DA:202,0
DA:217,0
DA:235,0
DA:250,0
DA:265,0
DA:280,0
DA:323,2
LF:36
LH:2
BRDA:47,0,0,0
BRDA:47,0,1,0
BRDA:49,1,0,0
BRDA:49,1,1,0
BRDA:75,2,0,0
BRDA:75,2,1,0
BRDA:109,3,0,0
BRDA:109,3,1,0
BRDA:109,4,0,0
BRDA:109,4,1,0
BRDA:192,5,0,0
BRDA:192,5,1,0
BRDA:303,6,0,0
BRDA:303,6,1,0
BRF:14
BRH:0
end_of_record
TN:
SF:/Users/w3bh4ck/Desktop/Softcom/databeaver-form-builder/src/containers/forms-module/elements_placeholders/Location-placeholder.jsx
FN:22,(anonymous_0)
FN:45,(anonymous_1)
FN:47,(anonymous_2)
FN:60,(anonymous_3)
FN:67,(anonymous_4)
FN:83,(anonymous_5)
FN:94,(anonymous_6)
FN:120,(anonymous_7)
FN:140,(anonymous_8)
FN:150,(anonymous_9)
FN:159,(anonymous_10)
FN:200,(anonymous_11)
FN:218,(anonymous_12)
FN:233,(anonymous_13)
FN:248,(anonymous_14)
FN:263,(anonymous_15)
FN:310,(anonymous_16)
FNF:17
FNH:0
FNDA:0,(anonymous_0)
FNDA:0,(anonymous_1)
FNDA:0,(anonymous_2)
FNDA:0,(anonymous_3)
FNDA:0,(anonymous_4)
FNDA:0,(anonymous_5)
FNDA:0,(anonymous_6)
FNDA:0,(anonymous_7)
FNDA:0,(anonymous_8)
FNDA:0,(anonymous_9)
FNDA:0,(anonymous_10)
FNDA:0,(anonymous_11)
FNDA:0,(anonymous_12)
FNDA:0,(anonymous_13)
FNDA:0,(anonymous_14)
FNDA:0,(anonymous_15)
FNDA:0,(anonymous_16)
DA:22,2
DA:23,0
DA:37,0
DA:39,0
DA:40,0
DA:41,0
DA:42,0
DA:43,0
DA:44,0
DA:45,0
DA:46,0
DA:47,0
DA:48,0
DA:49,0
DA:50,0
DA:51,0
DA:52,0
DA:53,0
DA:54,0
DA:60,0
DA:61,0
DA:64,0
DA:68,0
DA:84,0
DA:95,0
DA:121,0
DA:141,0
DA:151,0
DA:160,0
DA:201,0
DA:219,0
DA:234,0
DA:249,0
DA:264,0
DA:310,2
LF:35
LH:2
BRDA:46,0,0,0
BRDA:46,0,1,0
BRDA:48,1,0,0
BRDA:48,1,1,0
BRDA:74,2,0,0
BRDA:74,2,1,0
BRDA:108,3,0,0
BRDA:108,3,1,0
BRDA:108,4,0,0
BRDA:108,4,1,0
BRDA:191,5,0,0
BRDA:191,5,1,0
BRDA:288,6,0,0
BRDA:288,6,1,0
BRF:14
BRH:0
end_of_record
TN:
SF:/Users/w3bh4ck/Desktop/Softcom/databeaver-form-builder/src/containers/forms-module/elements_placeholders/Long-text.jsx
FN:25,(anonymous_0)
FN:55,(anonymous_1)
FN:57,(anonymous_2)
FN:72,(anonymous_3)
FN:79,(anonymous_4)
FN:86,(anonymous_5)
FN:102,(anonymous_6)
FN:113,(anonymous_7)
FN:139,(anonymous_8)
FN:159,(anonymous_9)
FN:169,(anonymous_10)
FN:178,(anonymous_11)
FN:222,(anonymous_12)
FN:240,(anonymous_13)
FN:249,(anonymous_14)
FN:270,(anonymous_15)
FN:279,(anonymous_16)
FN:302,(anonymous_17)
FN:320,(anonymous_18)
FN:335,(anonymous_19)
FN:350,(anonymous_20)
FN:365,(anonymous_21)
FN:409,(anonymous_22)
FNF:23
FNH:0
FNDA:0,(anonymous_0)
FNDA:0,(anonymous_1)
FNDA:0,(anonymous_2)
FNDA:0,(anonymous_3)
FNDA:0,(anonymous_4)
FNDA:0,(anonymous_5)
FNDA:0,(anonymous_6)
FNDA:0,(anonymous_7)
FNDA:0,(anonymous_8)
FNDA:0,(anonymous_9)
FNDA:0,(anonymous_10)
FNDA:0,(anonymous_11)
FNDA:0,(anonymous_12)
FNDA:0,(anonymous_13)
FNDA:0,(anonymous_14)
FNDA:0,(anonymous_15)
FNDA:0,(anonymous_16)
FNDA:0,(anonymous_17)
FNDA:0,(anonymous_18)
FNDA:0,(anonymous_19)
FNDA:0,(anonymous_20)
FNDA:0,(anonymous_21)
FNDA:0,(anonymous_22)
DA:25,2
DA:26,0
DA:27,0
DA:45,0
DA:47,0
DA:48,0
DA:49,0
DA:50,0
DA:51,0
DA:52,0
DA:53,0
DA:54,0
DA:55,0
DA:56,0
DA:57,0
DA:58,0
DA:59,0
DA:60,0
DA:61,0
DA:62,0
DA:63,0
DA:64,0
DA:65,0
DA:66,0
DA:72,0
DA:73,0
DA:74,0
DA:75,0
DA:79,0
DA:80,0
DA:83,0
DA:87,0
DA:103,0
DA:114,0
DA:140,0
DA:160,0
DA:170,0
DA:179,0
DA:223,0
DA:241,0
DA:245,0
DA:246,0
DA:249,0
DA:271,0
DA:275,0
DA:276,0
DA:279,0
DA:303,0
DA:321,0
DA:336,0
DA:351,0
DA:366,0
DA:409,2
LF:53
LH:2
BRDA:56,0,0,0
BRDA:56,0,1,0
BRDA:58,1,0,0
BRDA:58,1,1,0
BRDA:73,2,0,0
BRDA:73,2,1,0
BRDA:73,3,0,0
BRDA:73,3,1,0
BRDA:73,3,2,0
BRDA:93,4,0,0
BRDA:93,4,1,0
BRDA:127,5,0,0
BRDA:127,5,1,0
BRDA:127,6,0,0
BRDA:127,6,1,0
BRDA:210,7,0,0
BRDA:210,7,1,0
BRDA:241,8,0,0
BRDA:241,8,1,0
BRDA:242,9,0,0
BRDA:242,9,1,0
BRDA:251,10,0,0
BRDA:251,10,1,0
BRDA:271,11,0,0
BRDA:271,11,1,0
BRDA:272,12,0,0
BRDA:272,12,1,0
BRDA:281,13,0,0
BRDA:281,13,1,0
BRDA:389,14,0,0
BRDA:389,14,1,0
BRF:31
BRH:0
end_of_record
TN:
SF:/Users/w3bh4ck/Desktop/Softcom/databeaver-form-builder/src/containers/forms-module/elements_placeholders/Multi-choice-photo-placeholder.jsx
FN:25,(anonymous_0)
FN:54,(anonymous_1)
FN:57,(anonymous_2)
FN:73,(anonymous_3)
FN:91,(anonymous_4)
FN:102,(anonymous_5)
FN:128,(anonymous_6)
FN:148,(anonymous_7)
FN:157,(anonymous_8)
FN:181,(anonymous_9)
FN:187,(anonymous_10)
FN:202,(anonymous_11)
FN:214,(anonymous_12)
FN:227,(anonymous_13)
FN:240,(anonymous_14)
FN:253,(anonymous_15)
FN:268,(anonymous_16)
FN:283,(anonymous_17)
FN:332,(anonymous_18)
FNF:19
FNH:0
FNDA:0,(anonymous_0)
FNDA:0,(anonymous_1)
FNDA:0,(anonymous_2)
FNDA:0,(anonymous_3)
FNDA:0,(anonymous_4)
FNDA:0,(anonymous_5)
FNDA:0,(anonymous_6)
FNDA:0,(anonymous_7)
FNDA:0,(anonymous_8)
FNDA:0,(anonymous_9)
FNDA:0,(anonymous_10)
FNDA:0,(anonymous_11)
FNDA:0,(anonymous_12)
FNDA:0,(anonymous_13)
FNDA:0,(anonymous_14)
FNDA:0,(anonymous_15)
FNDA:0,(anonymous_16)
FNDA:0,(anonymous_17)
FNDA:0,(anonymous_18)
DA:25,0
DA:26,0
DA:27,0
DA:45,0
DA:47,0
DA:48,0
DA:49,0
DA:50,0
DA:51,0
DA:52,0
DA:53,0
DA:54,0
DA:55,0
DA:56,0
DA:57,0
DA:58,0
DA:59,0
DA:60,0
DA:61,0
DA:62,0
DA:63,0
DA:64,0
DA:70,0
DA:74,0
DA:92,0
DA:103,0
DA:129,0
DA:149,0
DA:158,0
DA:182,0
DA:188,0
DA:203,0
DA:228,0
DA:229,0
DA:241,0
DA:254,0
DA:269,0
DA:284,0
DA:332,0
LF:39
LH:0
BRDA:56,0,0,0
BRDA:56,0,1,0
BRDA:58,1,0,0
BRDA:58,1,1,0
BRDA:80,2,0,0
BRDA:80,2,1,0
BRDA:116,3,0,0
BRDA:116,3,1,0
BRDA:116,4,0,0
BRDA:116,4,1,0
BRDA:175,5,0,0
BRDA:175,5,1,0
BRDA:180,6,0,0
BRDA:180,6,1,0
BRDA:180,7,0,0
BRDA:180,7,1,0
BRDA:310,8,0,0
BRDA:310,8,1,0
BRF:18
BRH:0
end_of_record
TN:
SF:/Users/w3bh4ck/Desktop/Softcom/databeaver-form-builder/src/containers/forms-module/elements_placeholders/Multiple-choice-placeholder.jsx
FN:28,(anonymous_0)
FN:59,(anonymous_1)
FN:62,(anonymous_2)
FN:76,(anonymous_3)
FN:82,(anonymous_4)
FN:104,(anonymous_5)
FN:108,(anonymous_6)
FN:124,(anonymous_7)
FN:140,(anonymous_8)
FN:151,(anonymous_9)
FN:177,(anonymous_10)
FN:197,(anonymous_11)
FN:207,(anonymous_12)
FN:216,(anonymous_13)
FN:255,(anonymous_14)
FN:261,(anonymous_15)
FN:291,(anonymous_16)
FN:298,(anonymous_17)
FN:300,(anonymous_18)
FN:312,(anonymous_19)
FN:318,(anonymous_20)
FN:327,(anonymous_21)
FN:343,(anonymous_22)
FN:360,(anonymous_23)
FN:374,(anonymous_24)
FN:385,(anonymous_25)
FN:400,(anonymous_26)
FN:439,(anonymous_27)
FN:488,(anonymous_28)
FN:535,(anonymous_29)
FNF:30
FNH:0
FNDA:0,(anonymous_0)
FNDA:0,(anonymous_1)
FNDA:0,(anonymous_2)
FNDA:0,(anonymous_3)
FNDA:0,(anonymous_4)
FNDA:0,(anonymous_5)
FNDA:0,(anonymous_6)
FNDA:0,(anonymous_7)
FNDA:0,(anonymous_8)
FNDA:0,(anonymous_9)
FNDA:0,(anonymous_10)
FNDA:0,(anonymous_11)
FNDA:0,(anonymous_12)
FNDA:0,(anonymous_13)
FNDA:0,(anonymous_14)
FNDA:0,(anonymous_15)
FNDA:0,(anonymous_16)
FNDA:0,(anonymous_17)
FNDA:0,(anonymous_18)
FNDA:0,(anonymous_19)
FNDA:0,(anonymous_20)
FNDA:0,(anonymous_21)
FNDA:0,(anonymous_22)
FNDA:0,(anonymous_23)
FNDA:0,(anonymous_24)
FNDA:0,(anonymous_25)
FNDA:0,(anonymous_26)
FNDA:0,(anonymous_27)
FNDA:0,(anonymous_28)
FNDA:0,(anonymous_29)
DA:28,2
DA:29,0
DA:30,0
DA:31,0
DA:32,0
DA:49,0
DA:51,0
DA:52,0
DA:53,0
DA:54,0
DA:55,0
DA:56,0
DA:57,0
DA:58,0
DA:59,0
DA:60,0
DA:61,0
DA:62,0
DA:63,0
DA:64,0
DA:65,0
DA:66,0
DA:67,0
DA:68,0
DA:69,0
DA:70,0
DA:76,0
DA:77,0
DA:78,0
DA:82,0
DA:83,0
DA:88,0
DA:89,0
DA:90,0
DA:92,0
DA:98,0
DA:99,0
DA:100,0
DA:104,0
DA:105,0
DA:108,0
DA:109,0
DA:110,0
DA:111,0
DA:112,0
DA:113,0
DA:116,0
DA:118,0
DA:121,0
DA:125,0
DA:141,0
DA:152,0
DA:178,0
DA:198,0
DA:208,0
DA:217,0
DA:256,0
DA:262,0
DA:292,0
DA:299,0
DA:300,0
DA:301,0
DA:302,0
DA:312,0
DA:319,0
DA:328,0
DA:344,0
DA:361,0
DA:374,0
DA:386,0
DA:401,0
DA:440,0
DA:489,0
DA:535,2
LF:74
LH:2
BRDA:61,0,0,0
BRDA:61,0,1,0
BRDA:63,1,0,0
BRDA:63,1,1,0
BRDA:77,2,0,0
BRDA:77,2,1,0
BRDA:83,3,0,0
BRDA:83,3,1,0
BRDA:84,4,0,0
BRDA:84,4,1,0
BRDA:84,4,2,0
BRDA:92,5,0,0
BRDA:92,5,1,0
BRDA:93,6,0,0
BRDA:93,6,1,0
BRDA:93,6,2,0
BRDA:93,6,3,0
BRDA:110,7,0,0
BRDA:110,7,1,0
BRDA:112,8,0,0
BRDA:112,8,1,0
BRDA:131,9,0,0
BRDA:131,9,1,0
BRDA:165,10,0,0
BRDA:165,10,1,0
BRDA:165,11,0,0
BRDA:165,11,1,0
BRDA:248,12,0,0
BRDA:248,12,1,0
BRDA:253,13,0,0
BRDA:253,13,1,0
BRDA:253,14,0,0
BRDA:253,14,1,0
BRDA:273,15,0,0
BRDA:273,15,1,0
BRDA:299,16,0,0
BRDA:299,16,1,0
BRDA:299,17,0,0
BRDA:299,17,1,0
BRDA:310,18,0,0
BRDA:310,18,1,0
BRDA:337,19,0,0
BRDA:337,19,1,0
BRDA:423,20,0,0
BRDA:423,20,1,0
BRDA:432,21,0,0
BRDA:432,21,1,0
BRDA:437,22,0,0
BRDA:437,22,1,0
BRDA:437,23,0,0
BRDA:437,23,1,0
BRDA:448,24,0,0
BRDA:448,24,1,0
BRDA:466,25,0,0
BRDA:466,25,1,0
BRDA:475,26,0,0
BRDA:475,26,1,0
BRDA:480,27,0,0
BRDA:480,27,1,0
BRDA:485,28,0,0
BRDA:485,28,1,0
BRDA:485,29,0,0
BRDA:485,29,1,0
BRDA:485,29,2,0
BRDA:514,30,0,0
BRDA:514,30,1,0
BRF:66
BRH:0
end_of_record
TN:
SF:/Users/w3bh4ck/Desktop/Softcom/databeaver-form-builder/src/containers/forms-module/elements_placeholders/Numbers-placeholder.jsx
FN:28,(anonymous_0)
FN:61,(anonymous_1)
FN:63,(anonymous_2)
FN:78,(anonymous_3)
FN:85,(anonymous_4)
FN:92,(anonymous_5)
FN:108,(anonymous_6)
FN:119,(anonymous_7)
FN:145,(anonymous_8)
FN:166,(anonymous_9)
FN:176,(anonymous_10)
FN:185,(anonymous_11)
FN:229,(anonymous_12)
FN:247,(anonymous_13)
FN:256,(anonymous_14)
FN:275,(anonymous_15)
FN:284,(anonymous_16)
FN:306,(anonymous_17)
FN:324,(anonymous_18)
FN:339,(anonymous_19)
FN:354,(anonymous_20)
FN:365,(anonymous_21)
FN:380,(anonymous_22)
FN:400,(anonymous_23)
FN:439,(anonymous_24)
FNF:25
FNH:0
FNDA:0,(anonymous_0)
FNDA:0,(anonymous_1)
FNDA:0,(anonymous_2)
FNDA:0,(anonymous_3)
FNDA:0,(anonymous_4)
FNDA:0,(anonymous_5)
FNDA:0,(anonymous_6)
FNDA:0,(anonymous_7)
FNDA:0,(anonymous_8)
FNDA:0,(anonymous_9)
FNDA:0,(anonymous_10)
FNDA:0,(anonymous_11)
FNDA:0,(anonymous_12)
FNDA:0,(anonymous_13)
FNDA:0,(anonymous_14)
FNDA:0,(anonymous_15)
FNDA:0,(anonymous_16)
FNDA:0,(anonymous_17)
FNDA:0,(anonymous_18)
FNDA:0,(anonymous_19)
FNDA:0,(anonymous_20)
FNDA:0,(anonymous_21)
FNDA:0,(anonymous_22)
FNDA:0,(anonymous_23)
FNDA:0,(anonymous_24)
DA:28,2
DA:29,0
DA:30,0
DA:51,0
DA:53,0
DA:54,0
DA:55,0
DA:56,0
DA:57,0
DA:58,0
DA:59,0
DA:60,0
DA:61,0
DA:62,0
DA:63,0
DA:64,0
DA:65,0
DA:66,0
DA:67,0
DA:68,0
DA:69,0
DA:70,0
DA:71,0
DA:72,0
DA:78,0
DA:79,0
DA:80,0
DA:81,0
DA:85,0
DA:86,0
DA:89,0
DA:93,0
DA:109,0
DA:120,0
DA:146,0
DA:167,0
DA:177,0
DA:186,0
DA:230,0
DA:248,0
DA:252,0
DA:253,0
DA:256,0
DA:276,0
DA:280,0
DA:281,0
DA:284,0
DA:307,0
DA:325,0
DA:340,0
DA:355,0
DA:366,0
DA:381,0
DA:400,0
DA:439,2
LF:55
LH:2
BRDA:62,0,0,0
BRDA:62,0,1,0
BRDA:64,1,0,0
BRDA:64,1,1,0
BRDA:79,2,0,0
BRDA:79,2,1,0
BRDA:79,3,0,0
BRDA:79,3,1,0
BRDA:79,3,2,0
BRDA:99,4,0,0
BRDA:99,4,1,0
BRDA:133,5,0,0
BRDA:133,5,1,0
BRDA:133,6,0,0
BRDA:133,6,1,0
BRDA:217,7,0,0
BRDA:217,7,1,0
BRDA:248,8,0,0
BRDA:248,8,1,0
BRDA:249,9,0,0
BRDA:249,9,1,0
BRDA:258,10,0,0
BRDA:258,10,1,0
BRDA:276,11,0,0
BRDA:276,11,1,0
BRDA:277,12,0,0
BRDA:277,12,1,0
BRDA:286,13,0,0
BRDA:286,13,1,0
BRDA:393,14,0,0
BRDA:393,14,1,0
BRDA:419,15,0,0
BRDA:419,15,1,0
BRF:33
BRH:0
end_of_record
TN:
SF:/Users/w3bh4ck/Desktop/Softcom/databeaver-form-builder/src/containers/forms-module/elements_placeholders/Phone-number-placeholder.jsx
FN:22,(anonymous_0)
FN:47,(anonymous_1)
FN:49,(anonymous_2)
FN:63,(anonymous_3)
FN:70,(anonymous_4)
FN:86,(anonymous_5)
FN:97,(anonymous_6)
FN:123,(anonymous_7)
FN:143,(anonymous_8)
FN:153,(anonymous_9)
FN:162,(anonymous_10)
FN:203,(anonymous_11)
FN:218,(anonymous_12)
FN:236,(anonymous_13)
FN:257,(anonymous_14)
FN:272,(anonymous_15)
FN:287,(anonymous_16)
FN:331,(anonymous_17)
FNF:18
FNH:0
FNDA:0,(anonymous_0)
FNDA:0,(anonymous_1)
FNDA:0,(anonymous_2)
FNDA:0,(anonymous_3)
FNDA:0,(anonymous_4)
FNDA:0,(anonymous_5)
FNDA:0,(anonymous_6)
FNDA:0,(anonymous_7)
FNDA:0,(anonymous_8)
FNDA:0,(anonymous_9)
FNDA:0,(anonymous_10)
FNDA:0,(anonymous_11)
FNDA:0,(anonymous_12)
FNDA:0,(anonymous_13)
FNDA:0,(anonymous_14)
FNDA:0,(anonymous_15)
FNDA:0,(anonymous_16)
FNDA:0,(anonymous_17)
DA:22,2
DA:23,0
DA:38,0
DA:40,0
DA:41,0
DA:42,0
DA:43,0
DA:44,0
DA:45,0
DA:46,0
DA:47,0
DA:48,0
DA:49,0
DA:50,0
DA:51,0
DA:52,0
DA:53,0
DA:54,0
DA:55,0
DA:56,0
DA:57,0
DA:63,0
DA:64,0
DA:67,0
DA:71,0
DA:87,0
DA:98,0
DA:124,0
DA:144,0
DA:154,0
DA:163,0
DA:204,0
DA:219,0
DA:237,0
DA:258,0
DA:273,0
DA:288,0
DA:331,2
LF:38
LH:2
BRDA:48,0,0,0
BRDA:48,0,1,0
BRDA:50,1,0,0
BRDA:50,1,1,0
BRDA:77,2,0,0
BRDA:77,2,1,0
BRDA:111,3,0,0
BRDA:111,3,1,0
BRDA:111,4,0,0
BRDA:111,4,1,0
BRDA:194,5,0,0
BRDA:194,5,1,0
BRDA:311,6,0,0
BRDA:311,6,1,0
BRF:14
BRH:0
end_of_record
TN:
SF:/Users/w3bh4ck/Desktop/Softcom/databeaver-form-builder/src/containers/forms-module/elements_placeholders/Rating-placeholder.jsx
FN:25,(anonymous_0)
FN:50,(anonymous_1)
FN:52,(anonymous_2)
FN:65,(anonymous_3)
FN:69,(anonymous_4)
FN:74,(anonymous_5)
FN:78,(anonymous_6)
FN:96,(anonymous_7)
FN:112,(anonymous_8)
FN:123,(anonymous_9)
FN:149,(anonymous_10)
FN:169,(anonymous_11)
FN:179,(anonymous_12)
FN:188,(anonymous_13)
FN:229,(anonymous_14)
FN:244,(anonymous_15)
FN:266,(anonymous_16)
FN:287,(anonymous_17)
FN:303,(anonymous_18)
FN:318,(anonymous_19)
FN:348,(anonymous_20)
FN:410,(anonymous_21)
FNF:22
FNH:0
FNDA:0,(anonymous_0)
FNDA:0,(anonymous_1)
FNDA:0,(anonymous_2)
FNDA:0,(anonymous_3)
FNDA:0,(anonymous_4)
FNDA:0,(anonymous_5)
FNDA:0,(anonymous_6)
FNDA:0,(anonymous_7)
FNDA:0,(anonymous_8)
FNDA:0,(anonymous_9)
FNDA:0,(anonymous_10)
FNDA:0,(anonymous_11)
FNDA:0,(anonymous_12)
FNDA:0,(anonymous_13)
FNDA:0,(anonymous_14)
FNDA:0,(anonymous_15)
FNDA:0,(anonymous_16)
FNDA:0,(anonymous_17)
FNDA:0,(anonymous_18)
FNDA:0,(anonymous_19)
FNDA:0,(anonymous_20)
FNDA:0,(anonymous_21)
DA:23,2
DA:25,2
DA:26,0
DA:42,0
DA:44,0
DA:45,0
DA:46,0
DA:47,0
DA:48,0
DA:50,0
DA:51,0
DA:52,0
DA:53,0
DA:54,0
DA:55,0
DA:56,0
DA:57,0
DA:58,0
DA:59,0
DA:65,0
DA:66,0
DA:69,0
DA:70,0
DA:74,0
DA:75,0
DA:79,0
DA:93,0
DA:97,0
DA:113,0
DA:124,0
DA:150,0
DA:170,0
DA:180,0
DA:189,0
DA:230,0
DA:245,0
DA:246,0
DA:267,0
DA:288,0
DA:304,0
DA:319,0
DA:349,0
DA:410,2
LF:43
LH:3
BRDA:51,0,0,0
BRDA:51,0,1,0
BRDA:53,1,0,0
BRDA:53,1,1,0
BRDA:58,2,0,0
BRDA:58,2,1,0
BRDA:70,3,0,0
BRDA:70,3,1,0
BRDA:71,4,0,0
BRDA:71,4,1,0
BRDA:103,5,0,0
BRDA:103,5,1,0
BRDA:137,6,0,0
BRDA:137,6,1,0
BRDA:137,7,0,0
BRDA:137,7,1,0
BRDA:220,8,0,0
BRDA:220,8,1,0
BRDA:245,9,0,0
BRDA:245,9,1,0
BRDA:252,10,0,0
BRDA:252,10,1,0
BRDA:341,11,0,0
BRDA:341,11,1,0
BRDA:347,12,0,0
BRDA:347,12,1,0
BRF:26
BRH:0
end_of_record
TN:
SF:/Users/w3bh4ck/Desktop/Softcom/databeaver-form-builder/src/containers/forms-module/elements_placeholders/Short-text-placeholder.jsx
FN:25,(anonymous_0)
FN:56,(anonymous_1)
FN:58,(anonymous_2)
FN:73,(anonymous_3)
FN:80,(anonymous_4)
FN:87,(anonymous_5)
FN:103,(anonymous_6)
FN:114,(anonymous_7)
FN:140,(anonymous_8)
FN:162,(anonymous_9)
FN:172,(anonymous_10)
FN:182,(anonymous_11)
FN:226,(anonymous_12)
FN:244,(anonymous_13)
FN:253,(anonymous_14)
FN:272,(anonymous_15)
FN:281,(anonymous_16)
FN:303,(anonymous_17)
FN:321,(anonymous_18)
FN:342,(anonymous_19)
FN:357,(anonymous_20)
FN:372,(anonymous_21)
FN:416,(anonymous_22)
FNF:23
FNH:0
FNDA:0,(anonymous_0)
FNDA:0,(anonymous_1)
FNDA:0,(anonymous_2)
FNDA:0,(anonymous_3)
FNDA:0,(anonymous_4)
FNDA:0,(anonymous_5)
FNDA:0,(anonymous_6)
FNDA:0,(anonymous_7)
FNDA:0,(anonymous_8)
FNDA:0,(anonymous_9)
FNDA:0,(anonymous_10)
FNDA:0,(anonymous_11)
FNDA:0,(anonymous_12)
FNDA:0,(anonymous_13)
FNDA:0,(anonymous_14)
FNDA:0,(anonymous_15)
FNDA:0,(anonymous_16)
FNDA:0,(anonymous_17)
FNDA:0,(anonymous_18)
FNDA:0,(anonymous_19)
FNDA:0,(anonymous_20)
FNDA:0,(anonymous_21)
FNDA:0,(anonymous_22)
DA:25,2
DA:26,0
DA:27,0
DA:46,0
DA:48,0
DA:49,0
DA:50,0
DA:51,0
DA:52,0
DA:53,0
DA:54,0
DA:55,0
DA:56,0
DA:57,0
DA:58,0
DA:59,0
DA:60,0
DA:61,0
DA:62,0
DA:63,0
DA:64,0
DA:65,0
DA:66,0
DA:67,0
DA:73,0
DA:74,0
DA:75,0
DA:76,0
DA:80,0
DA:81,0
DA:84,0
DA:88,0
DA:104,0
DA:115,0
DA:141,0
DA:163,0
DA:173,0
DA:183,0
DA:227,0
DA:245,0
DA:249,0
DA:250,0
DA:253,0
DA:273,0
DA:277,0
DA:278,0
DA:281,0
DA:304,0
DA:322,0
DA:343,0
DA:358,0
DA:373,0
DA:416,2
LF:53
LH:2
BRDA:57,0,0,0
BRDA:57,0,1,0
BRDA:59,1,0,0
BRDA:59,1,1,0
BRDA:74,2,0,0
BRDA:74,2,1,0
BRDA:74,3,0,0
BRDA:74,3,1,0
BRDA:74,3,2,0
BRDA:94,4,0,0
BRDA:94,4,1,0
BRDA:128,5,0,0
BRDA:128,5,1,0
BRDA:128,6,0,0
BRDA:128,6,1,0
BRDA:214,7,0,0
BRDA:214,7,1,0
BRDA:245,8,0,0
BRDA:245,8,1,0
BRDA:246,9,0,0
BRDA:246,9,1,0
BRDA:255,10,0,0
BRDA:255,10,1,0
BRDA:273,11,0,0
BRDA:273,11,1,0
BRDA:274,12,0,0
BRDA:274,12,1,0
BRDA:283,13,0,0
BRDA:283,13,1,0
BRDA:396,14,0,0
BRDA:396,14,1,0
BRF:31
BRH:0
end_of_record
TN:
SF:/Users/w3bh4ck/Desktop/Softcom/databeaver-form-builder/src/containers/forms-module/elements_placeholders/Single-choice-placeholder.jsx
FN:26,(anonymous_0)
FN:57,(anonymous_1)
FN:60,(anonymous_2)
FN:74,(anonymous_3)
FN:87,(anonymous_4)
FN:96,(anonymous_5)
FN:138,(anonymous_6)
FN:145,(anonymous_7)
FN:161,(anonymous_8)
FN:172,(anonymous_9)
FN:198,(anonymous_10)
FN:218,(anonymous_11)
FN:228,(anonymous_12)
FN:237,(anonymous_13)
FN:276,(anonymous_14)
FN:282,(anonymous_15)
FN:312,(anonymous_16)
FN:319,(anonymous_17)
FN:321,(anonymous_18)
FN:332,(anonymous_19)
FN:338,(anonymous_20)
FN:347,(anonymous_21)
FN:363,(anonymous_22)
FN:380,(anonymous_23)
FN:394,(anonymous_24)
FN:405,(anonymous_25)
FN:420,(anonymous_26)
FN:457,(anonymous_27)
FN:499,(anonymous_28)
FN:546,(anonymous_29)
FNF:30
FNH:0
FNDA:0,(anonymous_0)
FNDA:0,(anonymous_1)
FNDA:0,(anonymous_2)
FNDA:0,(anonymous_3)
FNDA:0,(anonymous_4)
FNDA:0,(anonymous_5)
FNDA:0,(anonymous_6)
FNDA:0,(anonymous_7)
FNDA:0,(anonymous_8)
FNDA:0,(anonymous_9)
FNDA:0,(anonymous_10)
FNDA:0,(anonymous_11)
FNDA:0,(anonymous_12)
FNDA:0,(anonymous_13)
FNDA:0,(anonymous_14)
FNDA:0,(anonymous_15)
FNDA:0,(anonymous_16)
FNDA:0,(anonymous_17)
FNDA:0,(anonymous_18)
FNDA:0,(anonymous_19)
FNDA:0,(anonymous_20)
FNDA:0,(anonymous_21)
FNDA:0,(anonymous_22)
FNDA:0,(anonymous_23)
FNDA:0,(anonymous_24)
FNDA:0,(anonymous_25)
FNDA:0,(anonymous_26)
FNDA:0,(anonymous_27)
FNDA:0,(anonymous_28)
FNDA:0,(anonymous_29)
DA:26,2
DA:27,0
DA:28,0
DA:29,0
DA:30,0
DA:47,0
DA:49,0
DA:50,0
DA:51,0
DA:52,0
DA:53,0
DA:54,0
DA:55,0
DA:56,0
DA:57,0
DA:58,0
DA:59,0
DA:60,0
DA:61,0
DA:62,0
DA:63,0
DA:64,0
DA:65,0
DA:66,0
DA:67,0
DA:68,0
DA:74,0
DA:75,0
DA:76,0
DA:77,0
DA:78,0
DA:79,0
DA:82,0
DA:84,0
DA:87,0
DA:88,0
DA:89,0
DA:90,0
DA:91,0
DA:96,0
DA:97,0
DA:102,0
DA:103,0
DA:104,0
DA:106,0
DA:112,0
DA:113,0
DA:114,0
DA:138,0
DA:139,0
DA:142,0
DA:146,0
DA:162,0
DA:173,0
DA:199,0
DA:219,0
DA:229,0
DA:238,0
DA:277,0
DA:283,0
DA:313,0
DA:320,0
DA:321,0
DA:322,0
DA:332,0
DA:339,0
DA:348,0
DA:364,0
DA:381,0
DA:394,0
DA:406,0
DA:421,0
DA:458,0
DA:500,0
DA:546,2
LF:75
LH:2
BRDA:59,0,0,0
BRDA:59,0,1,0
BRDA:61,1,0,0
BRDA:61,1,1,0
BRDA:76,2,0,0
BRDA:76,2,1,0
BRDA:78,3,0,0
BRDA:78,3,1,0
BRDA:88,4,0,0
BRDA:88,4,1,0
BRDA:89,5,0,0
BRDA:89,5,1,0
BRDA:97,6,0,0
BRDA:97,6,1,0
BRDA:98,7,0,0
BRDA:98,7,1,0
BRDA:98,7,2,0
BRDA:106,8,0,0
BRDA:106,8,1,0
BRDA:107,9,0,0
BRDA:107,9,1,0
BRDA:107,9,2,0
BRDA:107,9,3,0
BRDA:152,10,0,0
BRDA:152,10,1,0
BRDA:186,11,0,0
BRDA:186,11,1,0
BRDA:186,12,0,0
BRDA:186,12,1,0
BRDA:269,13,0,0
BRDA:269,13,1,0
BRDA:274,14,0,0
BRDA:274,14,1,0
BRDA:274,15,0,0
BRDA:274,15,1,0
BRDA:294,16,0,0
BRDA:294,16,1,0
BRDA:320,17,0,0
BRDA:320,17,1,0
BRDA:320,18,0,0
BRDA:320,18,1,0
BRDA:330,19,0,0
BRDA:330,19,1,0
BRDA:357,20,0,0
BRDA:357,20,1,0
BRDA:441,21,0,0
BRDA:441,21,1,0
BRDA:450,22,0,0
BRDA:450,22,1,0
BRDA:455,23,0,0
BRDA:455,23,1,0
BRDA:455,24,0,0
BRDA:455,24,1,0
BRDA:466,25,0,0
BRDA:466,25,1,0
BRDA:484,26,0,0
BRDA:484,26,1,0
BRDA:489,27,0,0
BRDA:489,27,1,0
BRDA:496,28,0,0
BRDA:496,28,1,0
BRDA:496,29,0,0
BRDA:496,29,1,0
BRDA:496,29,2,0
BRDA:525,30,0,0
BRDA:525,30,1,0
BRF:66
BRH:0
end_of_record
TN:
SF:/Users/w3bh4ck/Desktop/Softcom/databeaver-form-builder/src/containers/forms-module/elements_placeholders/Time-placeholder.jsx
FN:23,(anonymous_0)
FN:50,(anonymous_1)
FN:52,(anonymous_2)
FN:69,(anonymous_3)
FN:76,(anonymous_4)
FN:92,(anonymous_5)
FN:103,(anonymous_6)
FN:129,(anonymous_7)
FN:149,(anonymous_8)
FN:159,(anonymous_9)
FN:168,(anonymous_10)
FN:209,(anonymous_11)
FN:224,(anonymous_12)
FN:242,(anonymous_13)
FN:257,(anonymous_14)
FN:272,(anonymous_15)
FN:287,(anonymous_16)
FN:322,(anonymous_17)
FNF:18
FNH:0
FNDA:0,(anonymous_0)
FNDA:0,(anonymous_1)
FNDA:0,(anonymous_2)
FNDA:0,(anonymous_3)
FNDA:0,(anonymous_4)
FNDA:0,(anonymous_5)
FNDA:0,(anonymous_6)
FNDA:0,(anonymous_7)
FNDA:0,(anonymous_8)
FNDA:0,(anonymous_9)
FNDA:0,(anonymous_10)
FNDA:0,(anonymous_11)
FNDA:0,(anonymous_12)
FNDA:0,(anonymous_13)
FNDA:0,(anonymous_14)
FNDA:0,(anonymous_15)
FNDA:0,(anonymous_16)
FNDA:0,(anonymous_17)
DA:23,2
DA:24,0
DA:41,0
DA:43,0
DA:44,0
DA:45,0
DA:46,0
DA:47,0
DA:48,0
DA:49,0
DA:50,0
DA:51,0
DA:52,0
DA:53,0
DA:54,0
DA:55,0
DA:56,0
DA:57,0
DA:58,0
DA:59,0
DA:60,0
DA:69,0
DA:70,0
DA:73,0
DA:77,0
DA:93,0
DA:104,0
DA:130,0
DA:150,0
DA:160,0
DA:169,0
DA:210,0
DA:225,0
DA:243,0
DA:258,0
DA:273,0
DA:288,0
DA:322,2
LF:38
LH:2
BRDA:51,0,0,0
BRDA:51,0,1,0
BRDA:53,1,0,0
BRDA:53,1,1,0
BRDA:83,2,0,0
BRDA:83,2,1,0
BRDA:117,3,0,0
BRDA:117,3,1,0
BRDA:117,4,0,0
BRDA:117,4,1,0
BRDA:200,5,0,0
BRDA:200,5,1,0
BRDA:309,6,0,0
BRDA:309,6,1,0
BRF:14
BRH:0
end_of_record
TN:
SF:/Users/w3bh4ck/Desktop/Softcom/databeaver-form-builder/src/icons/Agreement.icons.js
FN:3,(anonymous_0)
FNF:1
FNH:1
FNDA:1,(anonymous_0)
DA:3,2
DA:4,1
LF:2
LH:2
BRF:0
BRH:0
end_of_record
TN:
SF:/Users/w3bh4ck/Desktop/Softcom/databeaver-form-builder/src/icons/Area-map.icons.js
FN:3,(anonymous_0)
FNF:1
FNH:1
FNDA:1,(anonymous_0)
DA:3,2
DA:4,1
LF:2
LH:2
BRF:0
BRH:0
end_of_record
TN:
SF:/Users/w3bh4ck/Desktop/Softcom/databeaver-form-builder/src/icons/Biometric.icons.js
FN:3,(anonymous_0)
FNF:1
FNH:1
FNDA:1,(anonymous_0)
DA:3,2
DA:4,1
LF:2
LH:2
BRF:0
BRH:0
end_of_record
TN:
SF:/Users/w3bh4ck/Desktop/Softcom/databeaver-form-builder/src/icons/Date.icons.js
FN:3,(anonymous_0)
FNF:1
FNH:1
FNDA:1,(anonymous_0)
DA:3,2
DA:4,1
LF:2
LH:2
BRF:0
BRH:0
end_of_record
TN:
SF:/Users/w3bh4ck/Desktop/Softcom/databeaver-form-builder/src/icons/Email.icons.js
FN:3,(anonymous_0)
FNF:1
FNH:1
FNDA:1,(anonymous_0)
DA:3,2
DA:4,1
LF:2
LH:2
BRF:0
BRH:0
end_of_record
TN:
SF:/Users/w3bh4ck/Desktop/Softcom/databeaver-form-builder/src/icons/File-upload.icons.js
FN:3,(anonymous_0)
FNF:1
FNH:1
FNDA:1,(anonymous_0)
DA:3,2
DA:4,1
LF:2
LH:2
BRF:0
BRH:0
end_of_record
TN:
SF:/Users/w3bh4ck/Desktop/Softcom/databeaver-form-builder/src/icons/Form-action.icons.js
FN:3,(anonymous_0)
FNF:1
FNH:0
FNDA:0,(anonymous_0)
DA:3,0
DA:4,0
LF:2
LH:0
BRF:0
BRH:0
end_of_record
TN:
SF:/Users/w3bh4ck/Desktop/Softcom/databeaver-form-builder/src/icons/Image-capture.icon.js
FN:3,(anonymous_0)
FNF:1
FNH:1
FNDA:1,(anonymous_0)
DA:3,2
DA:4,1
LF:2
LH:2
BRF:0
BRH:0
end_of_record
TN:
SF:/Users/w3bh4ck/Desktop/Softcom/databeaver-form-builder/src/icons/Link.icons.js
FN:3,(anonymous_0)
FNF:1
FNH:1
FNDA:1,(anonymous_0)
DA:3,2
DA:4,1
LF:2
LH:2
BRF:0
BRH:0
end_of_record
TN:
SF:/Users/w3bh4ck/Desktop/Softcom/databeaver-form-builder/src/icons/Location.icon.js
FN:3,(anonymous_0)
FNF:1
FNH:1
FNDA:2,(anonymous_0)
DA:3,2
DA:4,2
LF:2
LH:2
BRF:0
BRH:0
end_of_record
TN:
SF:/Users/w3bh4ck/Desktop/Softcom/databeaver-form-builder/src/icons/Long-text.icons.js
FN:3,(anonymous_0)
FNF:1
FNH:1
FNDA:1,(anonymous_0)
DA:3,2
DA:4,1
LF:2
LH:2
BRF:0
BRH:0
end_of_record
TN:
SF:/Users/w3bh4ck/Desktop/Softcom/databeaver-form-builder/src/icons/Multi-choice.icons.js
FN:3,(anonymous_0)
FNF:1
FNH:1
FNDA:1,(anonymous_0)
DA:3,2
DA:4,1
LF:2
LH:2
BRF:0
BRH:0
end_of_record
TN:
SF:/Users/w3bh4ck/Desktop/Softcom/databeaver-form-builder/src/icons/Number.icon.js
FN:3,(anonymous_0)
FNF:1
FNH:1
FNDA:1,(anonymous_0)
DA:3,2
DA:4,1
LF:2
LH:2
BRF:0
BRH:0
end_of_record
TN:
SF:/Users/w3bh4ck/Desktop/Softcom/databeaver-form-builder/src/icons/Page-close.icons.js
FN:3,(anonymous_0)
FNF:1
FNH:0
FNDA:0,(anonymous_0)
DA:3,2
DA:4,0
LF:2
LH:1
BRF:0
BRH:0
end_of_record
TN:
SF:/Users/w3bh4ck/Desktop/Softcom/databeaver-form-builder/src/icons/Phone.icons.js
FN:3,(anonymous_0)
FNF:1
FNH:1
FNDA:1,(anonymous_0)
DA:3,2
DA:4,1
LF:2
LH:2
BRF:0
BRH:0
end_of_record
TN:
SF:/Users/w3bh4ck/Desktop/Softcom/databeaver-form-builder/src/icons/Rating.icon.js
FN:3,(anonymous_0)
FNF:1
FNH:1
FNDA:1,(anonymous_0)
DA:3,2
DA:4,1
LF:2
LH:2
BRF:0
BRH:0
end_of_record
TN:
SF:/Users/w3bh4ck/Desktop/Softcom/databeaver-form-builder/src/icons/Required.icon.js
FN:3,(anonymous_0)
FNF:1
FNH:0
FNDA:0,(anonymous_0)
DA:3,0
DA:4,0
LF:2
LH:0
BRF:0
BRH:0
end_of_record
TN:
SF:/Users/w3bh4ck/Desktop/Softcom/databeaver-form-builder/src/icons/Settings.icons.js
FN:3,(anonymous_0)
FNF:1
FNH:0
FNDA:0,(anonymous_0)
DA:3,0
DA:4,0
LF:2
LH:0
BRF:0
BRH:0
end_of_record
TN:
SF:/Users/w3bh4ck/Desktop/Softcom/databeaver-form-builder/src/icons/Short-text.icons.js
FN:3,(anonymous_0)
FNF:1
FNH:1
FNDA:2,(anonymous_0)
DA:3,2
DA:4,2
LF:2
LH:2
BRF:0
BRH:0
end_of_record
TN:
SF:/Users/w3bh4ck/Desktop/Softcom/databeaver-form-builder/src/icons/Single-choice.icons.js
FN:3,(anonymous_0)
FNF:1
FNH:1
FNDA:1,(anonymous_0)
DA:3,2
DA:4,1
LF:2
LH:2
BRF:0
BRH:0
end_of_record
TN:
SF:/Users/w3bh4ck/Desktop/Softcom/databeaver-form-builder/src/icons/Time.icons.js
FN:3,(anonymous_0)
FNF:1
FNH:1
FNDA:1,(anonymous_0)
DA:3,2
DA:4,1
LF:2
LH:2
BRF:0
BRH:0
end_of_record
TN:
SF:/Users/w3bh4ck/Desktop/Softcom/databeaver-form-builder/src/page/builder/Form-builder.page.jsx
FN:14,(anonymous_0)
FN:19,(anonymous_1)
FN:24,(anonymous_2)
FN:50,(anonymous_3)
FN:87,(anonymous_4)
FNF:5
FNH:3
FNDA:1,(anonymous_0)
FNDA:0,(anonymous_1)
FNDA:1,(anonymous_2)
FNDA:0,(anonymous_3)
FNDA:1,(anonymous_4)
DA:15,1
DA:16,1
DA:19,1
DA:20,0
DA:21,0
DA:25,1
DA:26,1
DA:50,0
DA:87,2
LF:9
LH:6
BRF:0
BRH:0
end_of_record
TN:
SF:/Users/w3bh4ck/Desktop/Softcom/databeaver-form-builder/src/redux/action-types/form-builder-actions.types.js
FNF:0
FNH:0
DA:1,2
LF:1
LH:1
BRF:0
BRH:0
end_of_record
TN:
SF:/Users/w3bh4ck/Desktop/Softcom/databeaver-form-builder/src/redux/action-types/replace-elements.types.js
FNF:0
FNH:0
DA:1,2
LF:1
LH:1
BRF:0
BRH:0
end_of_record
TN:
SF:/Users/w3bh4ck/Desktop/Softcom/databeaver-form-builder/src/redux/actions/form-action/form.actions.js
FN:6,(anonymous_0)
FN:6,(anonymous_1)
FN:15,(anonymous_2)
FN:15,(anonymous_3)
FN:24,(anonymous_4)
FN:24,(anonymous_5)
FN:33,(anonymous_6)
FN:33,(anonymous_7)
FN:47,(anonymous_8)
FN:47,(anonymous_9)
FN:59,(anonymous_10)
FN:59,(anonymous_11)
FN:69,(anonymous_12)
FN:69,(anonymous_13)
FN:86,(anonymous_14)
FN:86,(anonymous_15)
FN:96,(anonymous_16)
FN:96,(anonymous_17)
FN:106,(anonymous_18)
FN:106,(anonymous_19)
FN:112,(anonymous_20)
FN:112,(anonymous_21)
FN:125,(anonymous_22)
FN:125,(anonymous_23)
FN:139,(anonymous_24)
FN:149,(anonymous_25)
FN:155,(anonymous_26)
FN:165,(anonymous_27)
FN:165,(anonymous_28)
FN:171,(anonymous_29)
FN:182,(anonymous_30)
FN:190,(anonymous_31)
FN:200,(anonymous_32)
FN:200,(anonymous_33)
FN:210,(anonymous_34)
FN:220,(anonymous_35)
FN:230,(anonymous_36)
FN:230,(anonymous_37)
FN:237,(anonymous_38)
FN:247,(anonymous_39)
FN:252,(anonymous_40)
FN:263,(anonymous_41)
FN:263,(anonymous_42)
FN:267,(anonymous_43)
FN:272,(anonymous_44)
FN:275,(anonymous_45)
FN:285,(anonymous_46)
FN:285,(anonymous_47)
FN:294,(anonymous_48)
FN:294,(anonymous_49)
FN:300,(anonymous_50)
FN:303,(anonymous_51)
FN:311,(anonymous_52)
FN:316,(anonymous_53)
FN:326,(anonymous_54)
FN:326,(anonymous_55)
FN:332,(anonymous_56)
FN:335,(anonymous_57)
FN:343,(anonymous_58)
FN:346,(anonymous_59)
FN:351,(anonymous_60)
FN:364,(anonymous_61)
FN:364,(anonymous_62)
FN:371,(anonymous_63)
FN:371,(anonymous_64)
FN:378,(anonymous_65)
FN:378,(anonymous_66)
FN:385,(anonymous_67)
FN:385,(anonymous_68)
FN:392,(anonymous_69)
FN:392,(anonymous_70)
FN:399,(anonymous_71)
FN:399,(anonymous_72)
FN:406,(anonymous_73)
FN:406,(anonymous_74)
FN:413,(anonymous_75)
FN:413,(anonymous_76)
FN:419,(anonymous_77)
FN:426,(anonymous_78)
FN:429,(anonymous_79)
FN:439,(anonymous_80)
FN:439,(anonymous_81)
FN:442,(anonymous_82)
FN:454,(anonymous_83)
FN:464,(anonymous_84)
FN:464,(anonymous_85)
FNF:86
FNH:0
FNDA:0,(anonymous_0)
FNDA:0,(anonymous_1)
FNDA:0,(anonymous_2)
FNDA:0,(anonymous_3)
FNDA:0,(anonymous_4)
FNDA:0,(anonymous_5)
FNDA:0,(anonymous_6)
FNDA:0,(anonymous_7)
FNDA:0,(anonymous_8)
FNDA:0,(anonymous_9)
FNDA:0,(anonymous_10)
FNDA:0,(anonymous_11)
FNDA:0,(anonymous_12)
FNDA:0,(anonymous_13)
FNDA:0,(anonymous_14)
FNDA:0,(anonymous_15)
FNDA:0,(anonymous_16)
FNDA:0,(anonymous_17)
FNDA:0,(anonymous_18)
FNDA:0,(anonymous_19)
FNDA:0,(anonymous_20)
FNDA:0,(anonymous_21)
FNDA:0,(anonymous_22)
FNDA:0,(anonymous_23)
FNDA:0,(anonymous_24)
FNDA:0,(anonymous_25)
FNDA:0,(anonymous_26)
FNDA:0,(anonymous_27)
FNDA:0,(anonymous_28)
FNDA:0,(anonymous_29)
FNDA:0,(anonymous_30)
FNDA:0,(anonymous_31)
FNDA:0,(anonymous_32)
FNDA:0,(anonymous_33)
FNDA:0,(anonymous_34)
FNDA:0,(anonymous_35)
FNDA:0,(anonymous_36)
FNDA:0,(anonymous_37)
FNDA:0,(anonymous_38)
FNDA:0,(anonymous_39)
FNDA:0,(anonymous_40)
FNDA:0,(anonymous_41)
FNDA:0,(anonymous_42)
FNDA:0,(anonymous_43)
FNDA:0,(anonymous_44)
FNDA:0,(anonymous_45)
FNDA:0,(anonymous_46)
FNDA:0,(anonymous_47)
FNDA:0,(anonymous_48)
FNDA:0,(anonymous_49)
FNDA:0,(anonymous_50)
FNDA:0,(anonymous_51)
FNDA:0,(anonymous_52)
FNDA:0,(anonymous_53)
FNDA:0,(anonymous_54)
FNDA:0,(anonymous_55)
FNDA:0,(anonymous_56)
FNDA:0,(anonymous_57)
FNDA:0,(anonymous_58)
FNDA:0,(anonymous_59)
FNDA:0,(anonymous_60)
FNDA:0,(anonymous_61)
FNDA:0,(anonymous_62)
FNDA:0,(anonymous_63)
FNDA:0,(anonymous_64)
FNDA:0,(anonymous_65)
FNDA:0,(anonymous_66)
FNDA:0,(anonymous_67)
FNDA:0,(anonymous_68)
FNDA:0,(anonymous_69)
FNDA:0,(anonymous_70)
FNDA:0,(anonymous_71)
FNDA:0,(anonymous_72)
FNDA:0,(anonymous_73)
FNDA:0,(anonymous_74)
FNDA:0,(anonymous_75)
FNDA:0,(anonymous_76)
FNDA:0,(anonymous_77)
FNDA:0,(anonymous_78)
FNDA:0,(anonymous_79)
FNDA:0,(anonymous_80)
FNDA:0,(anonymous_81)
FNDA:0,(anonymous_82)
FNDA:0,(anonymous_83)
FNDA:0,(anonymous_84)
FNDA:0,(anonymous_85)
DA:6,2
DA:7,0
DA:15,2
DA:16,0
DA:24,2
DA:25,0
DA:33,2
DA:34,0
DA:42,0
DA:47,2
DA:48,0
DA:49,0
DA:53,0
DA:59,2
DA:60,0
DA:64,0
DA:69,2
DA:70,0
DA:81,0
DA:86,2
DA:87,0
DA:91,0
DA:96,2
DA:97,0
DA:101,0
DA:106,2
DA:107,0
DA:112,2
DA:113,0
DA:120,0
DA:125,2
DA:126,0
DA:130,0
DA:137,0
DA:140,0
DA:141,0
DA:150,0
DA:153,0
DA:156,0
DA:159,0
DA:160,0
DA:165,2
DA:166,0
DA:169,0
DA:172,0
DA:173,0
DA:183,0
DA:186,0
DA:187,0
DA:191,0
DA:200,2
DA:201,0
DA:202,0
DA:203,0
DA:204,0
DA:206,0
DA:208,0
DA:211,0
DA:212,0
DA:221,0
DA:230,2
DA:231,0
DA:232,0
DA:235,0
DA:238,0
DA:239,0
DA:248,0
DA:253,0
DA:263,2
DA:265,0
DA:268,0
DA:269,0
DA:273,0
DA:276,0
DA:279,0
DA:280,0
DA:285,2
DA:286,0
DA:294,2
DA:295,0
DA:298,0
DA:301,0
DA:302,0
DA:303,0
DA:304,0
DA:306,0
DA:312,0
DA:317,0
DA:320,0
DA:321,0
DA:326,2
DA:327,0
DA:330,0
DA:333,0
DA:334,0
DA:335,0
DA:336,0
DA:338,0
DA:344,0
DA:347,0
DA:352,0
DA:355,0
DA:356,0
DA:358,0
DA:364,2
DA:365,0
DA:371,2
DA:372,0
DA:378,2
DA:379,0
DA:385,2
DA:386,0
DA:392,2
DA:393,0
DA:399,2
DA:400,0
DA:406,2
DA:407,0
DA:413,2
DA:414,0
DA:417,0
DA:420,0
DA:421,0
DA:427,0
DA:430,0
DA:433,0
DA:434,0
DA:439,2
DA:440,0
DA:443,0
DA:444,0
DA:445,0
DA:451,0
DA:455,0
DA:458,0
DA:459,0
DA:464,2
LF:137
LH:29
BRDA:48,0,0,0
BRDA:48,0,1,0
BRDA:140,1,0,0
BRDA:140,1,1,0
BRDA:140,2,0,0
BRDA:140,2,1,0
BRDA:159,3,0,0
BRDA:159,3,1,0
BRDA:159,4,0,0
BRDA:159,4,1,0
BRDA:172,5,0,0
BRDA:172,5,1,0
BRDA:172,6,0,0
BRDA:172,6,1,0
BRDA:186,7,0,0
BRDA:186,7,1,0
BRDA:186,8,0,0
BRDA:186,8,1,0
BRDA:203,9,0,0
BRDA:203,9,1,0
BRDA:211,10,0,0
BRDA:211,10,1,0
BRDA:211,11,0,0
BRDA:211,11,1,0
BRDA:231,12,0,0
BRDA:231,12,1,0
BRDA:238,13,0,0
BRDA:238,13,1,0
BRDA:238,14,0,0
BRDA:238,14,1,0
BRDA:268,15,0,0
BRDA:268,15,1,0
BRDA:268,16,0,0
BRDA:268,16,1,0
BRDA:279,17,0,0
BRDA:279,17,1,0
BRDA:279,18,0,0
BRDA:279,18,1,0
BRDA:301,19,0,0
BRDA:301,19,1,0
BRDA:301,20,0,0
BRDA:301,20,1,0
BRDA:320,21,0,0
BRDA:320,21,1,0
BRDA:320,22,0,0
BRDA:320,22,1,0
BRDA:333,23,0,0
BRDA:333,23,1,0
BRDA:333,24,0,0
BRDA:333,24,1,0
BRDA:355,25,0,0
BRDA:355,25,1,0
BRDA:355,26,0,0
BRDA:355,26,1,0
BRDA:420,27,0,0
BRDA:420,27,1,0
BRDA:420,28,0,0
BRDA:420,28,1,0
BRDA:433,29,0,0
BRDA:433,29,1,0
BRDA:433,30,0,0
BRDA:433,30,1,0
BRDA:443,31,0,0
BRDA:443,31,1,0
BRDA:443,32,0,0
BRDA:443,32,1,0
BRDA:458,33,0,0
BRDA:458,33,1,0
BRDA:458,34,0,0
BRDA:458,34,1,0
BRF:70
BRH:0
end_of_record
TN:
SF:/Users/w3bh4ck/Desktop/Softcom/databeaver-form-builder/src/redux/actions/form-action/formControlActions.js
FN:3,(anonymous_0)
FN:9,(anonymous_1)
FN:34,(anonymous_2)
FN:40,(anonymous_3)
FN:64,(anonymous_4)
FN:70,(anonymous_5)
FN:94,(anonymous_6)
FN:99,(anonymous_7)
FN:123,(anonymous_8)
FN:128,(anonymous_9)
FN:154,(anonymous_10)
FN:160,(anonymous_11)
FN:185,(anonymous_12)
FN:190,(anonymous_13)
FN:214,(anonymous_14)
FN:219,(anonymous_15)
FN:243,(anonymous_16)
FN:248,(anonymous_17)
FN:271,(anonymous_18)
FN:276,(anonymous_19)
FN:299,(anonymous_20)
FN:305,(anonymous_21)
FN:330,(anonymous_22)
FN:330,(anonymous_23)
FNF:24
FNH:0
FNDA:0,(anonymous_0)
FNDA:0,(anonymous_1)
FNDA:0,(anonymous_2)
FNDA:0,(anonymous_3)
FNDA:0,(anonymous_4)
FNDA:0,(anonymous_5)
FNDA:0,(anonymous_6)
FNDA:0,(anonymous_7)
FNDA:0,(anonymous_8)
FNDA:0,(anonymous_9)
FNDA:0,(anonymous_10)
FNDA:0,(anonymous_11)
FNDA:0,(anonymous_12)
FNDA:0,(anonymous_13)
FNDA:0,(anonymous_14)
FNDA:0,(anonymous_15)
FNDA:0,(anonymous_16)
FNDA:0,(anonymous_17)
FNDA:0,(anonymous_18)
FNDA:0,(anonymous_19)
FNDA:0,(anonymous_20)
FNDA:0,(anonymous_21)
FNDA:0,(anonymous_22)
FNDA:0,(anonymous_23)
DA:3,2
DA:9,0
DA:10,0
DA:11,0
DA:12,0
DA:23,0
DA:29,0
DA:34,2
DA:40,0
DA:41,0
DA:42,0
DA:43,0
DA:53,0
DA:59,0
DA:64,2
DA:70,0
DA:71,0
DA:72,0
DA:73,0
DA:83,0
DA:89,0
DA:94,2
DA:99,0
DA:100,0
DA:101,0
DA:102,0
DA:112,0
DA:118,0
DA:123,2
DA:128,0
DA:129,0
DA:130,0
DA:131,0
DA:143,0
DA:149,0
DA:154,2
DA:160,0
DA:161,0
DA:162,0
DA:163,0
DA:174,0
DA:180,0
DA:185,2
DA:190,0
DA:191,0
DA:192,0
DA:193,0
DA:203,0
DA:209,0
DA:214,2
DA:219,0
DA:220,0
DA:221,0
DA:222,0
DA:232,0
DA:238,0
DA:243,2
DA:248,0
DA:249,0
DA:250,0
DA:251,0
DA:260,0
DA:266,0
DA:271,2
DA:276,0
DA:277,0
DA:278,0
DA:279,0
DA:288,0
DA:294,0
DA:299,2
DA:305,0
DA:306,0
DA:307,0
DA:308,0
DA:319,0
DA:325,0
DA:330,2
DA:331,0
DA:338,0
LF:80
LH:12
BRF:0
BRH:0
end_of_record
TN:
SF:/Users/w3bh4ck/Desktop/Softcom/databeaver-form-builder/src/redux/actions/form-action/formPropertyActions.js
FN:5,(anonymous_0)
FN:5,(anonymous_1)
FN:14,(anonymous_2)
FN:14,(anonymous_3)
FN:23,(anonymous_4)
FN:23,(anonymous_5)
FN:42,(anonymous_6)
FN:42,(anonymous_7)
FN:51,(anonymous_8)
FN:51,(anonymous_9)
FN:60,(anonymous_10)
FN:60,(anonymous_11)
FN:70,(anonymous_12)
FN:70,(anonymous_13)
FN:77,(anonymous_14)
FN:77,(anonymous_15)
FN:87,(anonymous_16)
FN:87,(anonymous_17)
FN:96,(anonymous_18)
FN:96,(anonymous_19)
FN:107,(anonymous_20)
FN:107,(anonymous_21)
FN:116,(anonymous_22)
FN:116,(anonymous_23)
FN:125,(anonymous_24)
FN:125,(anonymous_25)
FN:134,(anonymous_26)
FN:134,(anonymous_27)
FN:145,(anonymous_28)
FN:145,(anonymous_29)
FN:151,(anonymous_30)
FN:151,(anonymous_31)
FN:157,(anonymous_32)
FN:157,(anonymous_33)
FN:168,(anonymous_34)
FN:168,(anonymous_35)
FN:177,(anonymous_36)
FN:177,(anonymous_37)
FN:186,(anonymous_38)
FN:186,(anonymous_39)
FN:195,(anonymous_40)
FN:195,(anonymous_41)
FN:201,(anonymous_42)
FN:201,(anonymous_43)
FN:210,(anonymous_44)
FN:210,(anonymous_45)
FN:216,(anonymous_46)
FN:216,(anonymous_47)
FN:226,(anonymous_48)
FN:226,(anonymous_49)
FN:232,(anonymous_50)
FN:242,(anonymous_51)
FN:245,(anonymous_52)
FN:255,(anonymous_53)
FN:255,(anonymous_54)
FN:260,(anonymous_55)
FN:270,(anonymous_56)
FN:273,(anonymous_57)
FN:283,(anonymous_58)
FN:283,(anonymous_59)
FN:289,(anonymous_60)
FN:289,(anonymous_61)
FN:295,(anonymous_62)
FN:295,(anonymous_63)
FN:301,(anonymous_64)
FN:301,(anonymous_65)
FN:307,(anonymous_66)
FN:307,(anonymous_67)
FN:317,(anonymous_68)
FN:317,(anonymous_69)
FN:327,(anonymous_70)
FN:327,(anonymous_71)
FN:337,(anonymous_72)
FN:337,(anonymous_73)
FN:347,(anonymous_74)
FN:347,(anonymous_75)
FN:356,(anonymous_76)
FN:356,(anonymous_77)
FNF:78
FNH:0
FNDA:0,(anonymous_0)
FNDA:0,(anonymous_1)
FNDA:0,(anonymous_2)
FNDA:0,(anonymous_3)
FNDA:0,(anonymous_4)
FNDA:0,(anonymous_5)
FNDA:0,(anonymous_6)
FNDA:0,(anonymous_7)
FNDA:0,(anonymous_8)
FNDA:0,(anonymous_9)
FNDA:0,(anonymous_10)
FNDA:0,(anonymous_11)
FNDA:0,(anonymous_12)
FNDA:0,(anonymous_13)
FNDA:0,(anonymous_14)
FNDA:0,(anonymous_15)
FNDA:0,(anonymous_16)
FNDA:0,(anonymous_17)
FNDA:0,(anonymous_18)
FNDA:0,(anonymous_19)
FNDA:0,(anonymous_20)
FNDA:0,(anonymous_21)
FNDA:0,(anonymous_22)
FNDA:0,(anonymous_23)
FNDA:0,(anonymous_24)
FNDA:0,(anonymous_25)
FNDA:0,(anonymous_26)
FNDA:0,(anonymous_27)
FNDA:0,(anonymous_28)
FNDA:0,(anonymous_29)
FNDA:0,(anonymous_30)
FNDA:0,(anonymous_31)
FNDA:0,(anonymous_32)
FNDA:0,(anonymous_33)
FNDA:0,(anonymous_34)
FNDA:0,(anonymous_35)
FNDA:0,(anonymous_36)
FNDA:0,(anonymous_37)
FNDA:0,(anonymous_38)
FNDA:0,(anonymous_39)
FNDA:0,(anonymous_40)
FNDA:0,(anonymous_41)
FNDA:0,(anonymous_42)
FNDA:0,(anonymous_43)
FNDA:0,(anonymous_44)
FNDA:0,(anonymous_45)
FNDA:0,(anonymous_46)
FNDA:0,(anonymous_47)
FNDA:0,(anonymous_48)
FNDA:0,(anonymous_49)
FNDA:0,(anonymous_50)
FNDA:0,(anonymous_51)
FNDA:0,(anonymous_52)
FNDA:0,(anonymous_53)
FNDA:0,(anonymous_54)
FNDA:0,(anonymous_55)
FNDA:0,(anonymous_56)
FNDA:0,(anonymous_57)
FNDA:0,(anonymous_58)
FNDA:0,(anonymous_59)
FNDA:0,(anonymous_60)
FNDA:0,(anonymous_61)
FNDA:0,(anonymous_62)
FNDA:0,(anonymous_63)
FNDA:0,(anonymous_64)
FNDA:0,(anonymous_65)
FNDA:0,(anonymous_66)
FNDA:0,(anonymous_67)
FNDA:0,(anonymous_68)
FNDA:0,(anonymous_69)
FNDA:0,(anonymous_70)
FNDA:0,(anonymous_71)
FNDA:0,(anonymous_72)
FNDA:0,(anonymous_73)
FNDA:0,(anonymous_74)
FNDA:0,(anonymous_75)
FNDA:0,(anonymous_76)
FNDA:0,(anonymous_77)
DA:5,2
DA:6,0
DA:14,2
DA:15,0
DA:23,2
DA:24,0
DA:25,0
DA:26,0
DA:31,0
DA:37,0
DA:42,2
DA:43,0
DA:51,2
DA:52,0
DA:60,2
DA:61,0
DA:70,2
DA:71,0
DA:77,2
DA:78,0
DA:87,2
DA:88,0
DA:96,2
DA:97,0
DA:107,2
DA:108,0
DA:116,2
DA:117,0
DA:125,2
DA:126,0
DA:134,2
DA:135,0
DA:145,2
DA:146,0
DA:151,2
DA:152,0
DA:157,2
DA:158,0
DA:168,2
DA:169,0
DA:177,2
DA:178,0
DA:186,2
DA:187,0
DA:195,2
DA:196,0
DA:201,2
DA:202,0
DA:210,2
DA:211,0
DA:216,2
DA:217,0
DA:226,2
DA:227,0
DA:230,0
DA:233,0
DA:234,0
DA:243,0
DA:246,0
DA:249,0
DA:255,2
DA:258,0
DA:261,0
DA:271,0
DA:274,0
DA:277,0
DA:283,2
DA:284,0
DA:289,2
DA:290,0
DA:295,2
DA:296,0
DA:301,2
DA:302,0
DA:307,2
DA:308,0
DA:317,2
DA:318,0
DA:327,2
DA:328,0
DA:337,2
DA:338,0
DA:347,2
DA:348,0
DA:356,2
DA:357,0
LF:86
LH:36
BRDA:162,0,0,0
BRDA:162,0,1,0
BRDA:163,1,0,0
BRDA:163,1,1,0
BRDA:233,2,0,0
BRDA:233,2,1,0
BRDA:233,3,0,0
BRDA:233,3,1,0
BRDA:249,4,0,0
BRDA:249,4,1,0
BRDA:249,5,0,0
BRDA:249,5,1,0
BRDA:261,6,0,0
BRDA:261,6,1,0
BRDA:261,7,0,0
BRDA:261,7,1,0
BRDA:277,8,0,0
BRDA:277,8,1,0
BRDA:277,9,0,0
BRDA:277,9,1,0
BRF:20
BRH:0
end_of_record
TN:
SF:/Users/w3bh4ck/Desktop/Softcom/databeaver-form-builder/src/redux/actions/form-action/replaceElementActions.js
FN:5,(anonymous_0)
FN:5,(anonymous_1)
FNF:2
FNH:0
FNDA:0,(anonymous_0)
FNDA:0,(anonymous_1)
DA:5,2
DA:8,0
DA:9,0
DA:10,0
DA:24,0
DA:45,0
DA:46,0
DA:63,0
DA:64,0
DA:79,0
DA:80,0
DA:98,0
DA:99,0
DA:117,0
DA:118,0
DA:142,0
DA:148,0
LF:17
LH:1
BRDA:10,0,0,0
BRDA:10,0,1,0
BRDA:11,1,0,0
BRDA:11,1,1,0
BRDA:11,1,2,0
BRDA:11,1,3,0
BRDA:11,1,4,0
BRDA:11,1,5,0
BRDA:11,1,6,0
BRDA:11,1,7,0
BRDA:11,1,8,0
BRDA:11,1,9,0
BRDA:11,1,10,0
BRDA:11,1,11,0
BRDA:45,2,0,0
BRDA:45,2,1,0
BRDA:63,3,0,0
BRDA:63,3,1,0
BRDA:63,4,0,0
BRDA:63,4,1,0
BRDA:79,5,0,0
BRDA:79,5,1,0
BRDA:79,6,0,0
BRDA:79,6,1,0
BRDA:98,7,0,0
BRDA:98,7,1,0
BRDA:117,8,0,0
BRDA:117,8,1,0
BRF:28
BRH:0
end_of_record
TN:
SF:/Users/w3bh4ck/Desktop/Softcom/databeaver-form-builder/src/redux/reducers/form.reducer.js
FN:19,(anonymous_0)
FN:23,(anonymous_1)
FN:66,(anonymous_2)
FN:80,(anonymous_3)
FN:104,(anonymous_4)
FN:127,(anonymous_5)
FN:157,(anonymous_6)
FN:216,(anonymous_7)
FN:229,(anonymous_8)
FN:260,(anonymous_9)
FN:274,(anonymous_10)
FN:295,(anonymous_11)
FN:300,(anonymous_12)
FN:306,(anonymous_13)
FN:320,(anonymous_14)
FN:325,(anonymous_15)
FN:338,(anonymous_16)
FN:341,(anonymous_17)
FN:353,(anonymous_18)
FN:355,(anonymous_19)
FN:370,(anonymous_20)
FN:372,(anonymous_21)
FN:387,(anonymous_22)
FN:389,(anonymous_23)
FN:404,(anonymous_24)
FN:406,(anonymous_25)
FN:421,(anonymous_26)
FN:423,(anonymous_27)
FN:438,(anonymous_28)
FN:440,(anonymous_29)
FN:455,(anonymous_30)
FN:457,(anonymous_31)
FN:472,(anonymous_32)
FN:474,(anonymous_33)
FN:500,(anonymous_34)
FN:502,(anonymous_35)
FN:517,(anonymous_36)
FN:519,(anonymous_37)
FN:534,(anonymous_38)
FN:536,(anonymous_39)
FN:551,(anonymous_40)
FN:553,(anonymous_41)
FN:555,(anonymous_42)
FN:572,(anonymous_43)
FN:598,(anonymous_44)
FN:600,(anonymous_45)
FN:616,(anonymous_46)
FN:618,(anonymous_47)
FN:636,(anonymous_48)
FN:638,(anonymous_49)
FN:658,(anonymous_50)
FN:660,(anonymous_51)
FN:677,(anonymous_52)
FN:679,(anonymous_53)
FN:694,(anonymous_54)
FN:696,(anonymous_55)
FN:712,(anonymous_56)
FN:714,(anonymous_57)
FN:729,(anonymous_58)
FN:731,(anonymous_59)
FN:746,(anonymous_60)
FN:748,(anonymous_61)
FN:763,(anonymous_62)
FN:787,(anonymous_63)
FN:789,(anonymous_64)
FN:791,(anonymous_65)
FN:809,(anonymous_66)
FN:811,(anonymous_67)
FN:833,(anonymous_68)
FN:835,(anonymous_69)
FN:850,(anonymous_70)
FN:852,(anonymous_71)
FN:870,(anonymous_72)
FN:872,(anonymous_73)
FN:887,(anonymous_74)
FN:889,(anonymous_75)
FN:916,(anonymous_76)
FN:918,(anonymous_77)
FN:943,(anonymous_78)
FNF:79
FNH:1
FNDA:6,(anonymous_0)
FNDA:0,(anonymous_1)
FNDA:0,(anonymous_2)
FNDA:0,(anonymous_3)
FNDA:0,(anonymous_4)
FNDA:0,(anonymous_5)
FNDA:0,(anonymous_6)
FNDA:0,(anonymous_7)
FNDA:0,(anonymous_8)
FNDA:0,(anonymous_9)
FNDA:0,(anonymous_10)
FNDA:0,(anonymous_11)
FNDA:0,(anonymous_12)
FNDA:0,(anonymous_13)
FNDA:0,(anonymous_14)
FNDA:0,(anonymous_15)
FNDA:0,(anonymous_16)
FNDA:0,(anonymous_17)
FNDA:0,(anonymous_18)
FNDA:0,(anonymous_19)
FNDA:0,(anonymous_20)
FNDA:0,(anonymous_21)
FNDA:0,(anonymous_22)
FNDA:0,(anonymous_23)
FNDA:0,(anonymous_24)
FNDA:0,(anonymous_25)
FNDA:0,(anonymous_26)
FNDA:0,(anonymous_27)
FNDA:0,(anonymous_28)
FNDA:0,(anonymous_29)
FNDA:0,(anonymous_30)
FNDA:0,(anonymous_31)
FNDA:0,(anonymous_32)
FNDA:0,(anonymous_33)
FNDA:0,(anonymous_34)
FNDA:0,(anonymous_35)
FNDA:0,(anonymous_36)
FNDA:0,(anonymous_37)
FNDA:0,(anonymous_38)
FNDA:0,(anonymous_39)
FNDA:0,(anonymous_40)
FNDA:0,(anonymous_41)
FNDA:0,(anonymous_42)
FNDA:0,(anonymous_43)
FNDA:0,(anonymous_44)
FNDA:0,(anonymous_45)
FNDA:0,(anonymous_46)
FNDA:0,(anonymous_47)
FNDA:0,(anonymous_48)
FNDA:0,(anonymous_49)
FNDA:0,(anonymous_50)
FNDA:0,(anonymous_51)
FNDA:0,(anonymous_52)
FNDA:0,(anonymous_53)
FNDA:0,(anonymous_54)
FNDA:0,(anonymous_55)
FNDA:0,(anonymous_56)
FNDA:0,(anonymous_57)
FNDA:0,(anonymous_58)
FNDA:0,(anonymous_59)
FNDA:0,(anonymous_60)
FNDA:0,(anonymous_61)
FNDA:0,(anonymous_62)
FNDA:0,(anonymous_63)
FNDA:0,(anonymous_64)
FNDA:0,(anonymous_65)
FNDA:0,(anonymous_66)
FNDA:0,(anonymous_67)
FNDA:0,(anonymous_68)
FNDA:0,(anonymous_69)
FNDA:0,(anonymous_70)
FNDA:0,(anonymous_71)
FNDA:0,(anonymous_72)
FNDA:0,(anonymous_73)
FNDA:0,(anonymous_74)
FNDA:0,(anonymous_75)
FNDA:0,(anonymous_76)
FNDA:0,(anonymous_77)
FNDA:0,(anonymous_78)
DA:4,2
DA:20,6
DA:22,0
DA:23,0
DA:24,0
DA:25,0
DA:42,0
DA:46,0
DA:49,0
DA:50,0
DA:58,0
DA:62,0
DA:65,0
DA:66,0
DA:67,0
DA:68,0
DA:71,0
DA:76,0
DA:79,0
DA:80,0
DA:81,0
DA:82,0
DA:96,0
DA:100,0
DA:103,0
DA:104,0
DA:105,0
DA:106,0
DA:119,0
DA:123,0
DA:126,0
DA:127,0
DA:128,0
DA:129,0
DA:149,0
DA:153,0
DA:156,0
DA:157,0
DA:158,0
DA:159,0
DA:180,0
DA:184,0
DA:186,0
DA:190,0
DA:192,0
DA:196,0
DA:198,0
DA:202,0
DA:204,0
DA:205,0
DA:206,0
DA:210,0
DA:212,0
DA:213,0
DA:214,0
DA:215,0
DA:216,0
DA:217,0
DA:218,0
DA:219,0
DA:221,0
DA:226,0
DA:228,0
DA:229,0
DA:230,0
DA:231,0
DA:236,0
DA:239,0
DA:241,0
DA:245,0
DA:248,0
DA:249,0
DA:250,0
DA:251,0
DA:253,0
DA:258,0
DA:260,0
DA:261,0
DA:263,0
DA:264,0
DA:265,0
DA:268,0
DA:271,0
DA:272,0
DA:273,0
DA:274,0
DA:275,0
DA:276,0
DA:279,0
DA:283,0
DA:285,0
DA:289,0
DA:291,0
DA:292,0
DA:293,0
DA:294,0
DA:295,0
DA:296,0
DA:297,0
DA:300,0
DA:301,0
DA:303,0
DA:304,0
DA:306,0
DA:307,0
DA:308,0
DA:309,0
DA:311,0
DA:316,0
DA:318,0
DA:319,0
DA:320,0
DA:321,0
DA:325,0
DA:326,0
DA:330,0
DA:334,0
DA:336,0
DA:337,0
DA:338,0
DA:339,0
DA:340,0
DA:341,0
DA:342,0
DA:346,0
DA:350,0
DA:352,0
DA:353,0
DA:354,0
DA:355,0
DA:356,0
DA:357,0
DA:362,0
DA:366,0
DA:369,0
DA:370,0
DA:371,0
DA:372,0
DA:373,0
DA:374,0
DA:379,0
DA:383,0
DA:386,0
DA:387,0
DA:388,0
DA:389,0
DA:390,0
DA:391,0
DA:396,0
DA:400,0
DA:403,0
DA:404,0
DA:405,0
DA:406,0
DA:407,0
DA:408,0
DA:413,0
DA:417,0
DA:420,0
DA:421,0
DA:422,0
DA:423,0
DA:424,0
DA:425,0
DA:430,0
DA:434,0
DA:437,0
DA:438,0
DA:439,0
DA:440,0
DA:441,0
DA:442,0
DA:447,0
DA:451,0
DA:454,0
DA:455,0
DA:456,0
DA:457,0
DA:458,0
DA:459,0
DA:464,0
DA:468,0
DA:471,0
DA:472,0
DA:473,0
DA:474,0
DA:475,0
DA:476,0
DA:477,0
DA:481,0
DA:483,0
DA:484,0
DA:486,0
DA:492,0
DA:496,0
DA:499,0
DA:500,0
DA:501,0
DA:502,0
DA:503,0
DA:504,0
DA:509,0
DA:513,0
DA:516,0
DA:517,0
DA:518,0
DA:519,0
DA:520,0
DA:521,0
DA:526,0
DA:530,0
DA:533,0
DA:534,0
DA:535,0
DA:536,0
DA:537,0
DA:538,0
DA:543,0
DA:547,0
DA:550,0
DA:551,0
DA:552,0
DA:553,0
DA:554,0
DA:555,0
DA:556,0
DA:557,0
DA:564,0
DA:568,0
DA:571,0
DA:572,0
DA:573,0
DA:574,0
DA:590,0
DA:594,0
DA:597,0
DA:598,0
DA:599,0
DA:600,0
DA:601,0
DA:602,0
DA:603,0
DA:608,0
DA:612,0
DA:615,0
DA:616,0
DA:617,0
DA:618,0
DA:619,0
DA:620,0
DA:621,0
DA:622,0
DA:628,0
DA:632,0
DA:635,0
DA:636,0
DA:637,0
DA:638,0
DA:639,0
DA:640,0
DA:650,0
DA:654,0
DA:657,0
DA:658,0
DA:659,0
DA:660,0
DA:661,0
DA:662,0
DA:663,0
DA:669,0
DA:673,0
DA:676,0
DA:677,0
DA:678,0
DA:679,0
DA:680,0
DA:681,0
DA:686,0
DA:690,0
DA:693,0
DA:694,0
DA:695,0
DA:696,0
DA:697,0
DA:698,0
DA:704,0
DA:708,0
DA:711,0
DA:712,0
DA:713,0
DA:714,0
DA:715,0
DA:716,0
DA:721,0
DA:725,0
DA:728,0
DA:729,0
DA:730,0
DA:731,0
DA:732,0
DA:733,0
DA:738,0
DA:742,0
DA:745,0
DA:746,0
DA:747,0
DA:748,0
DA:749,0
DA:750,0
DA:755,0
DA:759,0
DA:762,0
DA:763,0
DA:764,0
DA:765,0
DA:779,0
DA:783,0
DA:786,0
DA:787,0
DA:788,0
DA:789,0
DA:790,0
DA:791,0
DA:792,0
DA:793,0
DA:801,0
DA:805,0
DA:808,0
DA:809,0
DA:810,0
DA:811,0
DA:812,0
DA:813,0
DA:814,0
DA:819,0
DA:825,0
DA:829,0
DA:832,0
DA:833,0
DA:834,0
DA:835,0
DA:836,0
DA:837,0
DA:842,0
DA:846,0
DA:849,0
DA:850,0
DA:851,0
DA:852,0
DA:853,0
DA:854,0
DA:862,0
DA:866,0
DA:869,0
DA:870,0
DA:871,0
DA:872,0
DA:873,0
DA:874,0
DA:875,0
DA:880,0
DA:884,0
DA:886,0
DA:887,0
DA:888,0
DA:889,0
DA:890,0
DA:891,0
DA:908,0
DA:912,0
DA:915,0
DA:916,0
DA:917,0
DA:918,0
DA:919,0
DA:920,0
DA:936,0
DA:940,0
DA:942,0
DA:943,0
DA:944,0
DA:945,0
DA:959,0
DA:963,0
DA:966,0
DA:970,0
DA:972,0
DA:976,0
DA:979,0
DA:986,0
DA:989,0
DA:993,0
DA:995,0
DA:999,0
DA:1002,0
DA:1007,0
DA:1010,0
DA:1011,0
DA:1022,0
DA:1025,0
DA:1029,0
DA:1032,0
DA:1033,0
DA:1034,0
DA:1035,0
DA:1046,0
DA:1049,0
DA:1053,0
DA:1056,0
DA:1060,0
DA:1063,0
DA:1067,0
DA:1070,0
DA:1074,0
DA:1076,0
DA:1080,0
DA:1083,0
DA:1084,0
DA:1085,0
DA:1090,0
DA:1093,0
DA:1097,0
DA:1100,0
DA:1104,0
DA:1106,0
DA:1110,0
DA:1112,0
DA:1116,0
DA:1119,0
DA:1123,0
DA:1126,0
DA:1127,0
DA:1128,0
DA:1133,0
DA:1136,0
DA:1137,0
DA:1138,0
DA:1139,0
DA:1143,0
DA:1146,0
DA:1147,0
DA:1148,0
DA:1149,0
DA:1153,0
DA:1156,0
DA:1157,0
DA:1160,0
DA:1164,0
DA:1167,0
DA:1168,0
DA:1169,0
DA:1170,0
DA:1174,0
DA:1177,6
DA:1178,0
LF:455
LH:3
BRDA:19,0,0,6
BRDA:20,1,0,0
BRDA:20,1,1,0
BRDA:20,1,2,0
BRDA:20,1,3,0
BRDA:20,1,4,0
BRDA:20,1,5,0
BRDA:20,1,6,0
BRDA:20,1,7,0
BRDA:20,1,8,0
BRDA:20,1,9,0
BRDA:20,1,10,0
BRDA:20,1,11,0
BRDA:20,1,12,0
BRDA:20,1,13,0
BRDA:20,1,14,0
BRDA:20,1,15,0
BRDA:20,1,16,0
BRDA:20,1,17,0
BRDA:20,1,18,0
BRDA:20,1,19,0
BRDA:20,1,20,0
BRDA:20,1,21,0
BRDA:20,1,22,0
BRDA:20,1,23,0
BRDA:20,1,24,0
BRDA:20,1,25,0
BRDA:20,1,26,0
BRDA:20,1,27,0
BRDA:20,1,28,0
BRDA:20,1,29,0
BRDA:20,1,30,0
BRDA:20,1,31,0
BRDA:20,1,32,0
BRDA:20,1,33,0
BRDA:20,1,34,0
BRDA:20,1,35,0
BRDA:20,1,36,0
BRDA:20,1,37,0
BRDA:20,1,38,0
BRDA:20,1,39,0
BRDA:20,1,40,0
BRDA:20,1,41,0
BRDA:20,1,42,0
BRDA:20,1,43,0
BRDA:20,1,44,0
BRDA:20,1,45,0
BRDA:20,1,46,0
BRDA:20,1,47,0
BRDA:20,1,48,0
BRDA:20,1,49,0
BRDA:20,1,50,0
BRDA:20,1,51,0
BRDA:20,1,52,0
BRDA:20,1,53,0
BRDA:20,1,54,0
BRDA:20,1,55,0
BRDA:20,1,56,0
BRDA:20,1,57,0
BRDA:20,1,58,0
BRDA:20,1,59,0
BRDA:20,1,60,0
BRDA:20,1,61,0
BRDA:20,1,62,0
BRDA:20,1,63,0
BRDA:20,1,64,0
BRDA:20,1,65,0
BRDA:20,1,66,0
BRDA:20,1,67,0
BRDA:20,1,68,0
BRDA:20,1,69,0
BRDA:20,1,70,0
BRDA:20,1,71,0
BRDA:20,1,72,0
BRDA:20,1,73,0
BRDA:20,1,74,0
BRDA:20,1,75,0
BRDA:20,1,76,6
BRDA:24,2,0,0
BRDA:24,2,1,0
BRDA:67,3,0,0
BRDA:67,3,1,0
BRDA:81,4,0,0
BRDA:81,4,1,0
BRDA:105,5,0,0
BRDA:105,5,1,0
BRDA:128,6,0,0
BRDA:128,6,1,0
BRDA:158,7,0,0
BRDA:158,7,1,0
BRDA:230,8,0,0
BRDA:230,8,1,0
BRDA:250,9,0,0
BRDA:250,9,1,0
BRDA:275,10,0,0
BRDA:275,10,1,0
BRDA:279,11,0,0
BRDA:279,11,1,0
BRDA:296,12,0,0
BRDA:296,12,1,0
BRDA:303,13,0,0
BRDA:303,13,1,0
BRDA:321,14,0,0
BRDA:321,14,1,0
BRDA:322,15,0,0
BRDA:322,15,1,0
BRDA:339,16,0,0
BRDA:339,16,1,0
BRDA:354,17,0,0
BRDA:354,17,1,0
BRDA:356,18,0,0
BRDA:356,18,1,0
BRDA:371,19,0,0
BRDA:371,19,1,0
BRDA:373,20,0,0
BRDA:373,20,1,0
BRDA:388,21,0,0
BRDA:388,21,1,0
BRDA:390,22,0,0
BRDA:390,22,1,0
BRDA:405,23,0,0
BRDA:405,23,1,0
BRDA:407,24,0,0
BRDA:407,24,1,0
BRDA:422,25,0,0
BRDA:422,25,1,0
BRDA:424,26,0,0
BRDA:424,26,1,0
BRDA:439,27,0,0
BRDA:439,27,1,0
BRDA:441,28,0,0
BRDA:441,28,1,0
BRDA:456,29,0,0
BRDA:456,29,1,0
BRDA:458,30,0,0
BRDA:458,30,1,0
BRDA:473,31,0,0
BRDA:473,31,1,0
BRDA:475,32,0,0
BRDA:475,32,1,0
BRDA:477,33,0,0
BRDA:477,33,1,0
BRDA:478,34,0,0
BRDA:478,34,1,0
BRDA:501,35,0,0
BRDA:501,35,1,0
BRDA:503,36,0,0
BRDA:503,36,1,0
BRDA:518,37,0,0
BRDA:518,37,1,0
BRDA:520,38,0,0
BRDA:520,38,1,0
BRDA:535,39,0,0
BRDA:535,39,1,0
BRDA:537,40,0,0
BRDA:537,40,1,0
BRDA:552,41,0,0
BRDA:552,41,1,0
BRDA:554,42,0,0
BRDA:554,42,1,0
BRDA:556,43,0,0
BRDA:556,43,1,0
BRDA:573,44,0,0
BRDA:573,44,1,0
BRDA:599,45,0,0
BRDA:599,45,1,0
BRDA:601,46,0,0
BRDA:601,46,1,0
BRDA:617,47,0,0
BRDA:617,47,1,0
BRDA:619,48,0,0
BRDA:619,48,1,0
BRDA:621,49,0,0
BRDA:621,49,1,0
BRDA:637,50,0,0
BRDA:637,50,1,0
BRDA:639,51,0,0
BRDA:639,51,1,0
BRDA:659,52,0,0
BRDA:659,52,1,0
BRDA:661,53,0,0
BRDA:661,53,1,0
BRDA:662,54,0,0
BRDA:662,54,1,0
BRDA:678,55,0,0
BRDA:678,55,1,0
BRDA:680,56,0,0
BRDA:680,56,1,0
BRDA:695,57,0,0
BRDA:695,57,1,0
BRDA:697,58,0,0
BRDA:697,58,1,0
BRDA:713,59,0,0
BRDA:713,59,1,0
BRDA:715,60,0,0
BRDA:715,60,1,0
BRDA:730,61,0,0
BRDA:730,61,1,0
BRDA:732,62,0,0
BRDA:732,62,1,0
BRDA:747,63,0,0
BRDA:747,63,1,0
BRDA:749,64,0,0
BRDA:749,64,1,0
BRDA:764,65,0,0
BRDA:764,65,1,0
BRDA:788,66,0,0
BRDA:788,66,1,0
BRDA:790,67,0,0
BRDA:790,67,1,0
BRDA:792,68,0,0
BRDA:792,68,1,0
BRDA:810,69,0,0
BRDA:810,69,1,0
BRDA:812,70,0,0
BRDA:812,70,1,0
BRDA:813,71,0,0
BRDA:813,71,1,0
BRDA:834,72,0,0
BRDA:834,72,1,0
BRDA:836,73,0,0
BRDA:836,73,1,0
BRDA:851,74,0,0
BRDA:851,74,1,0
BRDA:853,75,0,0
BRDA:853,75,1,0
BRDA:871,76,0,0
BRDA:871,76,1,0
BRDA:873,77,0,0
BRDA:873,77,1,0
BRDA:888,78,0,0
BRDA:888,78,1,0
BRDA:890,79,0,0
BRDA:890,79,1,0
BRDA:917,80,0,0
BRDA:917,80,1,0
BRDA:919,81,0,0
BRDA:919,81,1,0
BRDA:944,82,0,0
BRDA:944,82,1,0
BRDA:1044,83,0,0
BRDA:1044,83,1,0
BRF:242
BRH:2
end_of_record
TN:
SF:/Users/w3bh4ck/Desktop/Softcom/databeaver-form-builder/src/redux/reducers/index.js
FNF:0
FNH:0
LF:0
LH:0
BRF:0
BRH:0
end_of_record
TN:
SF:/Users/w3bh4ck/Desktop/Softcom/databeaver-form-builder/src/redux/store/Store.js
FNF:0
FNH:0
DA:7,2
DA:9,2
DA:12,2
DA:16,2
LF:4
LH:4
BRDA:12,0,0,0
BRDA:12,0,1,2
BRF:2
BRH:1
end_of_record
TN:
SF:/Users/w3bh4ck/Desktop/Softcom/databeaver-form-builder/src/utils/activity-log-switch.utils.js
FN:1,(anonymous_0)
FNF:1
FNH:0
FNDA:0,(anonymous_0)
DA:1,0
DA:2,0
DA:4,0
DA:5,0
DA:7,0
DA:8,0
DA:10,0
DA:11,0
DA:13,0
DA:14,0
DA:16,0
DA:17,0
DA:19,0
DA:20,0
DA:22,0
DA:23,0
DA:25,0
DA:26,0
DA:28,0
DA:29,0
DA:31,0
DA:32,0
DA:34,0
DA:35,0
DA:37,0
LF:25
LH:0
BRDA:2,0,0,0
BRDA:2,0,1,0
BRDA:2,0,2,0
BRDA:2,0,3,0
BRDA:2,0,4,0
BRDA:2,0,5,0
BRDA:2,0,6,0
BRDA:2,0,7,0
BRDA:2,0,8,0
BRDA:2,0,9,0
BRDA:2,0,10,0
BRDA:2,0,11,0
BRF:12
BRH:0
end_of_record
TN:
SF:/Users/w3bh4ck/Desktop/Softcom/databeaver-form-builder/src/utils/base-url-switch.utils.js
FNF:0
FNH:0
DA:5,0
DA:7,0
DA:8,0
DA:9,0
DA:12,0
DA:13,0
DA:14,0
DA:15,0
DA:18,0
DA:19,0
DA:22,0
DA:23,0
DA:24,0
DA:25,0
LF:14
LH:0
BRDA:5,0,0,0
BRDA:5,0,1,0
BRDA:12,1,0,0
BRDA:12,1,1,0
BRDA:18,2,0,0
BRDA:18,2,1,0
BRDA:22,3,0,0
BRDA:22,3,1,0
BRF:8
BRH:0
end_of_record
TN:
SF:/Users/w3bh4ck/Desktop/Softcom/databeaver-form-builder/src/utils/card-name-shortener.utils.js
FN:1,(anonymous_0)
FNF:1
FNH:0
FNDA:0,(anonymous_0)
DA:1,2
DA:2,0
DA:3,0
DA:4,0
DA:5,0
DA:6,0
DA:8,0
LF:7
LH:1
BRDA:4,0,0,0
BRDA:4,0,1,0
BRF:2
BRH:0
end_of_record
TN:
SF:/Users/w3bh4ck/Desktop/Softcom/databeaver-form-builder/src/utils/check-answer-format.utils.js
FN:3,(anonymous_0)
FN:6,(anonymous_1)
FN:55,(anonymous_2)
FN:96,(anonymous_3)
FNF:4
FNH:0
FNDA:0,(anonymous_0)
FNDA:0,(anonymous_1)
FNDA:0,(anonymous_2)
FNDA:0,(anonymous_3)
DA:3,0
DA:4,0
DA:5,0
DA:6,0
DA:7,0
DA:12,0
DA:18,0
DA:29,0
DA:34,0
DA:35,0
DA:40,0
DA:41,0
DA:49,0
DA:50,0
DA:51,0
DA:56,0
DA:57,0
DA:58,0
DA:59,0
DA:66,0
DA:68,0
DA:69,0
DA:70,0
DA:78,0
DA:80,0
DA:81,0
DA:82,0
DA:83,0
DA:84,0
DA:92,0
DA:94,0
DA:95,0
DA:96,0
DA:97,0
DA:104,0
DA:111,0
LF:36
LH:0
BRDA:4,0,0,0
BRDA:4,0,1,0
BRDA:5,1,0,0
BRDA:5,1,1,0
BRDA:14,2,0,0
BRDA:14,2,1,0
BRDA:18,3,0,0
BRDA:18,3,1,0
BRDA:19,4,0,0
BRDA:19,4,1,0
BRDA:19,4,2,0
BRDA:19,4,3,0
BRDA:19,4,4,0
BRDA:19,4,5,0
BRDA:19,4,6,0
BRDA:19,4,7,0
BRDA:19,4,8,0
BRDA:34,5,0,0
BRDA:34,5,1,0
BRDA:37,6,0,0
BRDA:37,6,1,0
BRDA:40,7,0,0
BRDA:40,7,1,0
BRDA:49,8,0,0
BRDA:49,8,1,0
BRDA:50,9,0,0
BRDA:50,9,1,0
BRDA:56,10,0,0
BRDA:56,10,1,0
BRDA:58,11,0,0
BRDA:58,11,1,0
BRDA:68,12,0,0
BRDA:68,12,1,0
BRDA:68,13,0,0
BRDA:68,13,1,0
BRDA:69,14,0,0
BRDA:69,14,1,0
BRDA:80,15,0,0
BRDA:80,15,1,0
BRDA:82,16,0,0
BRDA:82,16,1,0
BRDA:82,17,0,0
BRDA:82,17,1,0
BRDA:83,18,0,0
BRDA:83,18,1,0
BRDA:94,19,0,0
BRDA:94,19,1,0
BRDA:95,20,0,0
BRDA:95,20,1,0
BRF:49
BRH:0
end_of_record
TN:
SF:/Users/w3bh4ck/Desktop/Softcom/databeaver-form-builder/src/utils/check-responses.utils.js
FN:8,(anonymous_0)
FN:12,(anonymous_1)
FN:16,(anonymous_2)
FN:26,(anonymous_3)
FN:36,(anonymous_4)
FNF:5
FNH:0
FNDA:0,(anonymous_0)
FNDA:0,(anonymous_1)
FNDA:0,(anonymous_2)
FNDA:0,(anonymous_3)
FNDA:0,(anonymous_4)
DA:8,0
DA:9,0
DA:10,0
DA:13,0
DA:14,0
DA:15,0
DA:16,0
DA:17,0
DA:18,0
DA:21,0
DA:22,0
DA:24,0
DA:25,0
DA:26,0
DA:28,0
DA:30,0
DA:31,0
LF:17
LH:0
BRDA:13,0,0,0
BRDA:13,0,1,0
BRDA:17,1,0,0
BRDA:17,1,1,0
BRDA:24,2,0,0
BRDA:24,2,1,0
BRDA:30,3,0,0
BRDA:30,3,1,0
BRF:8
BRH:0
end_of_record
TN:
SF:/Users/w3bh4ck/Desktop/Softcom/databeaver-form-builder/src/utils/client.utils.js
FN:10,(anonymous_0)
FN:22,(anonymous_1)
FN:33,(anonymous_2)
FN:48,(anonymous_3)
FN:57,(anonymous_4)
FNF:5
FNH:0
FNDA:0,(anonymous_0)
FNDA:0,(anonymous_1)
FNDA:0,(anonymous_2)
FNDA:0,(anonymous_3)
FNDA:0,(anonymous_4)
DA:10,0
DA:11,0
DA:12,0
DA:13,0
DA:14,0
DA:15,0
DA:16,0
DA:17,0
DA:18,0
DA:20,0
DA:22,0
DA:23,0
DA:24,0
DA:25,0
DA:26,0
DA:27,0
DA:28,0
DA:29,0
DA:30,0
DA:33,0
DA:34,0
DA:35,0
DA:36,0
DA:37,0
DA:38,0
DA:39,0
DA:40,0
DA:43,0
DA:48,0
DA:49,0
DA:50,0
DA:51,0
DA:52,0
DA:53,0
DA:54,0
DA:55,0
DA:57,0
DA:58,0
DA:59,0
DA:60,0
DA:61,0
DA:62,0
DA:63,0
DA:64,0
DA:67,0
DA:76,0
DA:81,0
DA:82,0
DA:84,0
LF:49
LH:0
BRDA:23,0,0,0
BRDA:23,0,1,0
BRDA:24,1,0,0
BRDA:24,1,1,0
BRDA:34,2,0,0
BRDA:34,2,1,0
BRDA:34,3,0,0
BRDA:34,3,1,0
BRDA:35,4,0,0
BRDA:35,4,1,0
BRDA:36,5,0,0
BRDA:36,5,1,0
BRDA:37,6,0,0
BRDA:37,6,1,0
BRDA:39,7,0,0
BRDA:39,7,1,0
BRDA:49,8,0,0
BRDA:49,8,1,0
BRDA:58,9,0,0
BRDA:58,9,1,0
BRDA:58,10,0,0
BRDA:58,10,1,0
BRDA:59,11,0,0
BRDA:59,11,1,0
BRDA:60,12,0,0
BRDA:60,12,1,0
BRDA:60,13,0,0
BRDA:60,13,1,0
BRDA:61,14,0,0
BRDA:61,14,1,0
BRDA:63,15,0,0
BRDA:63,15,1,0
BRDA:76,16,0,0
BRDA:76,16,1,0
BRDA:77,17,0,0
BRDA:77,17,1,0
BRDA:77,17,2,0
BRF:37
BRH:0
end_of_record
TN:
SF:/Users/w3bh4ck/Desktop/Softcom/databeaver-form-builder/src/utils/convert-date.utils.js
FN:5,(anonymous_0)
FNF:1
FNH:0
FNDA:0,(anonymous_0)
DA:5,0
DA:6,0
DA:7,0
DA:8,0
DA:9,0
LF:5
LH:0
BRF:0
BRH:0
end_of_record
TN:
SF:/Users/w3bh4ck/Desktop/Softcom/databeaver-form-builder/src/utils/form-controls.utils.js
FN:23,(anonymous_0)
FN:26,(anonymous_1)
FNF:2
FNH:1
FNDA:1,(anonymous_0)
FNDA:0,(anonymous_1)
DA:1,2
DA:23,2
DA:24,1
DA:25,1
DA:26,0
DA:27,0
DA:29,1
LF:7
LH:5
BRDA:25,0,0,0
BRDA:25,0,1,1
BRF:2
BRH:1
end_of_record
TN:
SF:/Users/w3bh4ck/Desktop/Softcom/databeaver-form-builder/src/utils/image-upload.utils.js
FN:3,(anonymous_0)
FNF:1
FNH:0
FNDA:0,(anonymous_0)
DA:3,2
DA:4,0
DA:5,0
DA:6,0
DA:7,0
DA:8,0
DA:9,0
DA:10,0
DA:11,0
DA:14,0
LF:10
LH:1
BRDA:10,0,0,0
BRDA:10,0,1,0
BRF:2
BRH:0
end_of_record
TN:
SF:/Users/w3bh4ck/Desktop/Softcom/databeaver-form-builder/src/utils/modal-control.utils.js
FN:3,(anonymous_0)
FN:9,(anonymous_1)
FNF:2
FNH:0
FNDA:0,(anonymous_0)
FNDA:0,(anonymous_1)
DA:3,2
DA:4,0
DA:5,0
DA:9,2
DA:10,0
DA:11,0
LF:6
LH:2
BRDA:4,0,0,0
BRDA:4,0,1,0
BRDA:10,1,0,0
BRDA:10,1,1,0
BRF:4
BRH:0
end_of_record
TN:
SF:/Users/w3bh4ck/Desktop/Softcom/databeaver-form-builder/src/utils/numbers-only.utils.js
FN:1,(anonymous_0)
FNF:1
FNH:0
FNDA:0,(anonymous_0)
DA:1,2
DA:2,0
DA:3,0
DA:4,0
DA:6,0
LF:5
LH:1
BRDA:3,0,0,0
BRDA:3,0,1,0
BRF:2
BRH:0
end_of_record
TN:
SF:/Users/w3bh4ck/Desktop/Softcom/databeaver-form-builder/src/utils/request-factory.utils.js
FN:4,(anonymous_0)
FN:7,(anonymous_1)
FNF:2
FNH:0
FNDA:0,(anonymous_0)
FNDA:0,(anonymous_1)
DA:3,0
DA:5,0
DA:8,0
LF:3
LH:0
BRF:0
BRH:0
end_of_record
TN:
SF:/Users/w3bh4ck/Desktop/Softcom/databeaver-form-builder/src/utils/yup-validation.utils.js
FNF:0
FNH:0
DA:3,0
DA:8,0
DA:18,0
LF:3
LH:0
BRF:0
BRH:0
end_of_record
